[0.335s] DEBUG:colcon:Command line arguments: ['/usr/bin/colcon', 'build', '--symlink-install']
[0.335s] DEBUG:colcon:Parsed command line arguments: Namespace(log_base=None, log_level=None, verb_name='build', build_base='build', install_base='install', merge_install=False, symlink_install=True, test_result_base=None, continue_on_error=False, executor='parallel', parallel_workers=8, event_handlers=None, ignore_user_meta=False, metas=['./colcon.meta'], base_paths=['.'], packages_ignore=None, packages_ignore_regex=None, paths=None, packages_up_to=None, packages_up_to_regex=None, packages_above=None, packages_above_and_dependencies=None, packages_above_depth=None, packages_select_by_dep=None, packages_skip_by_dep=None, packages_skip_up_to=None, packages_select_build_failed=False, packages_skip_build_finished=False, packages_select_test_failures=False, packages_skip_test_passed=False, packages_select=None, packages_skip=None, packages_select_regex=None, packages_skip_regex=None, packages_start=None, packages_end=None, allow_overriding=[], cmake_args=None, cmake_target=None, cmake_target_skip_unavailable=False, cmake_clean_cache=False, cmake_clean_first=False, cmake_force_configure=False, ament_cmake_args=None, catkin_cmake_args=None, catkin_skip_building_tests=False, verb_parser=<colcon_defaults.argument_parser.defaults.DefaultArgumentsDecorator object at 0x7f09193e6560>, verb_extension=<colcon_core.verb.build.BuildVerb object at 0x7f0919c63610>, main=<bound method BuildVerb.main of <colcon_core.verb.build.BuildVerb object at 0x7f0919c63610>>)
[0.367s] Level 1:colcon.colcon_core.package_discovery:discover_packages(colcon_meta) check parameters
[0.367s] Level 1:colcon.colcon_core.package_discovery:discover_packages(recursive) check parameters
[0.367s] Level 1:colcon.colcon_core.package_discovery:discover_packages(ignore) check parameters
[0.367s] Level 1:colcon.colcon_core.package_discovery:discover_packages(path) check parameters
[0.367s] Level 1:colcon.colcon_core.package_discovery:discover_packages(colcon_meta) discover
[0.367s] Level 1:colcon.colcon_core.package_discovery:discover_packages(recursive) discover
[0.367s] INFO:colcon.colcon_core.package_discovery:Crawling recursively for packages in '/home/aliihsan/robot_ws'
[0.367s] Level 1:colcon.colcon_core.package_identification:_identify(.) by extensions ['ignore', 'ignore_ament_install']
[0.367s] Level 1:colcon.colcon_core.package_identification:_identify(.) by extension 'ignore'
[0.368s] Level 1:colcon.colcon_core.package_identification:_identify(.) by extension 'ignore_ament_install'
[0.368s] Level 1:colcon.colcon_core.package_identification:_identify(.) by extensions ['colcon_pkg']
[0.368s] Level 1:colcon.colcon_core.package_identification:_identify(.) by extension 'colcon_pkg'
[0.368s] Level 1:colcon.colcon_core.package_identification:_identify(.) by extensions ['colcon_meta']
[0.368s] Level 1:colcon.colcon_core.package_identification:_identify(.) by extension 'colcon_meta'
[0.368s] Level 1:colcon.colcon_core.package_identification:_identify(.) by extensions ['ros']
[0.368s] Level 1:colcon.colcon_core.package_identification:_identify(.) by extension 'ros'
[0.379s] Level 1:colcon.colcon_core.package_identification:_identify(.) by extensions ['cmake', 'python']
[0.379s] Level 1:colcon.colcon_core.package_identification:_identify(.) by extension 'cmake'
[0.379s] Level 1:colcon.colcon_core.package_identification:_identify(.) by extension 'python'
[0.379s] Level 1:colcon.colcon_core.package_identification:_identify(.) by extensions ['python_setup_py']
[0.379s] Level 1:colcon.colcon_core.package_identification:_identify(.) by extension 'python_setup_py'
[0.379s] Level 1:colcon.colcon_core.package_identification:_identify(build) by extensions ['ignore', 'ignore_ament_install']
[0.379s] Level 1:colcon.colcon_core.package_identification:_identify(build) by extension 'ignore'
[0.379s] Level 1:colcon.colcon_core.package_identification:_identify(build) ignored
[0.379s] Level 1:colcon.colcon_core.package_identification:_identify(install) by extensions ['ignore', 'ignore_ament_install']
[0.379s] Level 1:colcon.colcon_core.package_identification:_identify(install) by extension 'ignore'
[0.380s] Level 1:colcon.colcon_core.package_identification:_identify(install) ignored
[0.380s] Level 1:colcon.colcon_core.package_identification:_identify(log) by extensions ['ignore', 'ignore_ament_install']
[0.380s] Level 1:colcon.colcon_core.package_identification:_identify(log) by extension 'ignore'
[0.380s] Level 1:colcon.colcon_core.package_identification:_identify(log) ignored
[0.380s] Level 1:colcon.colcon_core.package_identification:_identify(src) by extensions ['ignore', 'ignore_ament_install']
[0.380s] Level 1:colcon.colcon_core.package_identification:_identify(src) by extension 'ignore'
[0.380s] Level 1:colcon.colcon_core.package_identification:_identify(src) by extension 'ignore_ament_install'
[0.380s] Level 1:colcon.colcon_core.package_identification:_identify(src) by extensions ['colcon_pkg']
[0.380s] Level 1:colcon.colcon_core.package_identification:_identify(src) by extension 'colcon_pkg'
[0.380s] Level 1:colcon.colcon_core.package_identification:_identify(src) by extensions ['colcon_meta']
[0.380s] Level 1:colcon.colcon_core.package_identification:_identify(src) by extension 'colcon_meta'
[0.380s] Level 1:colcon.colcon_core.package_identification:_identify(src) by extensions ['ros']
[0.380s] Level 1:colcon.colcon_core.package_identification:_identify(src) by extension 'ros'
[0.380s] Level 1:colcon.colcon_core.package_identification:_identify(src) by extensions ['cmake', 'python']
[0.380s] Level 1:colcon.colcon_core.package_identification:_identify(src) by extension 'cmake'
[0.381s] Level 1:colcon.colcon_core.package_identification:_identify(src) by extension 'python'
[0.381s] Level 1:colcon.colcon_core.package_identification:_identify(src) by extensions ['python_setup_py']
[0.381s] Level 1:colcon.colcon_core.package_identification:_identify(src) by extension 'python_setup_py'
[0.381s] Level 1:colcon.colcon_core.package_identification:_identify(src/multi_robot_arm) by extensions ['ignore', 'ignore_ament_install']
[0.381s] Level 1:colcon.colcon_core.package_identification:_identify(src/multi_robot_arm) by extension 'ignore'
[0.381s] Level 1:colcon.colcon_core.package_identification:_identify(src/multi_robot_arm) by extension 'ignore_ament_install'
[0.381s] Level 1:colcon.colcon_core.package_identification:_identify(src/multi_robot_arm) by extensions ['colcon_pkg']
[0.381s] Level 1:colcon.colcon_core.package_identification:_identify(src/multi_robot_arm) by extension 'colcon_pkg'
[0.381s] Level 1:colcon.colcon_core.package_identification:_identify(src/multi_robot_arm) by extensions ['colcon_meta']
[0.381s] Level 1:colcon.colcon_core.package_identification:_identify(src/multi_robot_arm) by extension 'colcon_meta'
[0.381s] Level 1:colcon.colcon_core.package_identification:_identify(src/multi_robot_arm) by extensions ['ros']
[0.381s] Level 1:colcon.colcon_core.package_identification:_identify(src/multi_robot_arm) by extension 'ros'
[0.385s] DEBUG:colcon.colcon_core.package_identification:Package 'src/multi_robot_arm' with type 'ros.ament_cmake' and name 'multi_robot_arm'
[0.385s] Level 1:colcon.colcon_core.package_identification:_identify(src/pymoveit2) by extensions ['ignore', 'ignore_ament_install']
[0.385s] Level 1:colcon.colcon_core.package_identification:_identify(src/pymoveit2) by extension 'ignore'
[0.385s] Level 1:colcon.colcon_core.package_identification:_identify(src/pymoveit2) by extension 'ignore_ament_install'
[0.386s] Level 1:colcon.colcon_core.package_identification:_identify(src/pymoveit2) by extensions ['colcon_pkg']
[0.386s] Level 1:colcon.colcon_core.package_identification:_identify(src/pymoveit2) by extension 'colcon_pkg'
[0.386s] Level 1:colcon.colcon_core.package_identification:_identify(src/pymoveit2) by extensions ['colcon_meta']
[0.386s] Level 1:colcon.colcon_core.package_identification:_identify(src/pymoveit2) by extension 'colcon_meta'
[0.386s] Level 1:colcon.colcon_core.package_identification:_identify(src/pymoveit2) by extensions ['ros']
[0.386s] Level 1:colcon.colcon_core.package_identification:_identify(src/pymoveit2) by extension 'ros'
[0.387s] DEBUG:colcon.colcon_core.package_identification:Package 'src/pymoveit2' with type 'ros.ament_cmake' and name 'pymoveit2'
[0.387s] Level 1:colcon.colcon_core.package_discovery:discover_packages(recursive) using defaults
[0.387s] Level 1:colcon.colcon_core.package_discovery:discover_packages(ignore) discover
[0.387s] Level 1:colcon.colcon_core.package_discovery:discover_packages(ignore) using defaults
[0.387s] Level 1:colcon.colcon_core.package_discovery:discover_packages(path) discover
[0.387s] Level 1:colcon.colcon_core.package_discovery:discover_packages(path) using defaults
[0.411s] Level 1:colcon.colcon_core.package_discovery:discover_packages(prefix_path) check parameters
[0.412s] Level 1:colcon.colcon_core.package_discovery:discover_packages(prefix_path) discover
[0.414s] DEBUG:colcon.colcon_installed_package_information.package_discovery:Found 2 installed packages in /home/aliihsan/robot_ws/install
[0.416s] DEBUG:colcon.colcon_installed_package_information.package_discovery:Found 322 installed packages in /opt/ros/humble
[0.418s] Level 1:colcon.colcon_core.package_discovery:discover_packages(prefix_path) using defaults
[0.489s] Level 5:colcon.colcon_core.verb:set package 'multi_robot_arm' build argument 'cmake_args' from command line to 'None'
[0.489s] Level 5:colcon.colcon_core.verb:set package 'multi_robot_arm' build argument 'cmake_target' from command line to 'None'
[0.489s] Level 5:colcon.colcon_core.verb:set package 'multi_robot_arm' build argument 'cmake_target_skip_unavailable' from command line to 'False'
[0.489s] Level 5:colcon.colcon_core.verb:set package 'multi_robot_arm' build argument 'cmake_clean_cache' from command line to 'False'
[0.489s] Level 5:colcon.colcon_core.verb:set package 'multi_robot_arm' build argument 'cmake_clean_first' from command line to 'False'
[0.489s] Level 5:colcon.colcon_core.verb:set package 'multi_robot_arm' build argument 'cmake_force_configure' from command line to 'False'
[0.489s] Level 5:colcon.colcon_core.verb:set package 'multi_robot_arm' build argument 'ament_cmake_args' from command line to 'None'
[0.489s] Level 5:colcon.colcon_core.verb:set package 'multi_robot_arm' build argument 'catkin_cmake_args' from command line to 'None'
[0.489s] Level 5:colcon.colcon_core.verb:set package 'multi_robot_arm' build argument 'catkin_skip_building_tests' from command line to 'False'
[0.489s] DEBUG:colcon.colcon_core.verb:Building package 'multi_robot_arm' with the following arguments: {'ament_cmake_args': None, 'build_base': '/home/aliihsan/robot_ws/build/multi_robot_arm', 'catkin_cmake_args': None, 'catkin_skip_building_tests': False, 'cmake_args': None, 'cmake_clean_cache': False, 'cmake_clean_first': False, 'cmake_force_configure': False, 'cmake_target': None, 'cmake_target_skip_unavailable': False, 'install_base': '/home/aliihsan/robot_ws/install/multi_robot_arm', 'merge_install': False, 'path': '/home/aliihsan/robot_ws/src/multi_robot_arm', 'symlink_install': True, 'test_result_base': None}
[0.490s] Level 5:colcon.colcon_core.verb:set package 'pymoveit2' build argument 'cmake_args' from command line to 'None'
[0.490s] Level 5:colcon.colcon_core.verb:set package 'pymoveit2' build argument 'cmake_target' from command line to 'None'
[0.490s] Level 5:colcon.colcon_core.verb:set package 'pymoveit2' build argument 'cmake_target_skip_unavailable' from command line to 'False'
[0.490s] Level 5:colcon.colcon_core.verb:set package 'pymoveit2' build argument 'cmake_clean_cache' from command line to 'False'
[0.490s] Level 5:colcon.colcon_core.verb:set package 'pymoveit2' build argument 'cmake_clean_first' from command line to 'False'
[0.490s] Level 5:colcon.colcon_core.verb:set package 'pymoveit2' build argument 'cmake_force_configure' from command line to 'False'
[0.490s] Level 5:colcon.colcon_core.verb:set package 'pymoveit2' build argument 'ament_cmake_args' from command line to 'None'
[0.490s] Level 5:colcon.colcon_core.verb:set package 'pymoveit2' build argument 'catkin_cmake_args' from command line to 'None'
[0.490s] Level 5:colcon.colcon_core.verb:set package 'pymoveit2' build argument 'catkin_skip_building_tests' from command line to 'False'
[0.490s] DEBUG:colcon.colcon_core.verb:Building package 'pymoveit2' with the following arguments: {'ament_cmake_args': None, 'build_base': '/home/aliihsan/robot_ws/build/pymoveit2', 'catkin_cmake_args': None, 'catkin_skip_building_tests': False, 'cmake_args': None, 'cmake_clean_cache': False, 'cmake_clean_first': False, 'cmake_force_configure': False, 'cmake_target': None, 'cmake_target_skip_unavailable': False, 'install_base': '/home/aliihsan/robot_ws/install/pymoveit2', 'merge_install': False, 'path': '/home/aliihsan/robot_ws/src/pymoveit2', 'symlink_install': True, 'test_result_base': None}
[0.491s] INFO:colcon.colcon_core.executor:Executing jobs using 'parallel' executor
[0.495s] DEBUG:colcon.colcon_parallel_executor.executor.parallel:run_until_complete
[0.495s] INFO:colcon.colcon_ros.task.ament_cmake.build:Building ROS package in '/home/aliihsan/robot_ws/src/multi_robot_arm' with build type 'ament_cmake'
[0.495s] INFO:colcon.colcon_cmake.task.cmake.build:Building CMake package in '/home/aliihsan/robot_ws/src/multi_robot_arm'
[0.501s] INFO:colcon.colcon_core.plugin_system:Skipping extension 'colcon_core.shell.bat': Not used on non-Windows systems
[0.501s] INFO:colcon.colcon_core.shell:Skip shell extension 'powershell' for command environment: Not usable outside of PowerShell
[0.501s] DEBUG:colcon.colcon_core.shell:Skip shell extension 'dsv' for command environment
[0.505s] INFO:colcon.colcon_ros.task.ament_cmake.build:Building ROS package in '/home/aliihsan/robot_ws/src/pymoveit2' with build type 'ament_cmake'
[0.506s] INFO:colcon.colcon_cmake.task.cmake.build:Building CMake package in '/home/aliihsan/robot_ws/src/pymoveit2'
[0.507s] INFO:colcon.colcon_core.shell:Skip shell extension 'powershell' for command environment: Not usable outside of PowerShell
[0.507s] DEBUG:colcon.colcon_core.shell:Skip shell extension 'dsv' for command environment
[0.519s] DEBUG:colcon.colcon_core.event_handler.log_command:Invoking command in '/home/aliihsan/robot_ws/build/multi_robot_arm': CMAKE_PREFIX_PATH=${CMAKE_PREFIX_PATH}:/opt/ros/humble /usr/bin/cmake --build /home/aliihsan/robot_ws/build/multi_robot_arm -- -j8 -l8
[0.523s] DEBUG:colcon.colcon_core.event_handler.log_command:Invoking command in '/home/aliihsan/robot_ws/build/pymoveit2': CMAKE_PREFIX_PATH=${CMAKE_PREFIX_PATH}:/opt/ros/humble /usr/bin/cmake --build /home/aliihsan/robot_ws/build/pymoveit2 -- -j8 -l8
[0.564s] DEBUG:colcon.colcon_core.event_handler.log_command:Invoked command in '/home/aliihsan/robot_ws/build/multi_robot_arm' returned '0': CMAKE_PREFIX_PATH=${CMAKE_PREFIX_PATH}:/opt/ros/humble /usr/bin/cmake --build /home/aliihsan/robot_ws/build/multi_robot_arm -- -j8 -l8
[0.601s] DEBUG:colcon.colcon_core.event_handler.log_command:Invoking command in '/home/aliihsan/robot_ws/build/multi_robot_arm': CMAKE_PREFIX_PATH=${CMAKE_PREFIX_PATH}:/opt/ros/humble /usr/bin/cmake --install /home/aliihsan/robot_ws/build/multi_robot_arm
[0.636s] Level 1:colcon.colcon_core.environment:create_environment_scripts_only(multi_robot_arm)
[0.637s] DEBUG:colcon.colcon_core.event_handler.log_command:Invoked command in '/home/aliihsan/robot_ws/build/multi_robot_arm' returned '0': CMAKE_PREFIX_PATH=${CMAKE_PREFIX_PATH}:/opt/ros/humble /usr/bin/cmake --install /home/aliihsan/robot_ws/build/multi_robot_arm
[0.641s] Level 1:colcon.colcon_core.environment:checking '/home/aliihsan/robot_ws/install/multi_robot_arm' for CMake module files
[0.642s] Level 1:colcon.colcon_core.environment:checking '/home/aliihsan/robot_ws/install/multi_robot_arm' for CMake config files
[0.643s] Level 1:colcon.colcon_core.shell:create_environment_hook('multi_robot_arm', 'cmake_prefix_path')
[0.644s] INFO:colcon.colcon_core.shell:Creating environment hook '/home/aliihsan/robot_ws/install/multi_robot_arm/share/multi_robot_arm/hook/cmake_prefix_path.ps1'
[0.645s] INFO:colcon.colcon_core.shell:Creating environment descriptor '/home/aliihsan/robot_ws/install/multi_robot_arm/share/multi_robot_arm/hook/cmake_prefix_path.dsv'
[0.645s] INFO:colcon.colcon_core.shell:Creating environment hook '/home/aliihsan/robot_ws/install/multi_robot_arm/share/multi_robot_arm/hook/cmake_prefix_path.sh'
[0.646s] Level 1:colcon.colcon_core.environment:checking '/home/aliihsan/robot_ws/install/multi_robot_arm/bin'
[0.646s] Level 1:colcon.colcon_core.environment:checking '/home/aliihsan/robot_ws/install/multi_robot_arm/lib/pkgconfig/multi_robot_arm.pc'
[0.647s] Level 1:colcon.colcon_core.environment:checking '/home/aliihsan/robot_ws/install/multi_robot_arm/lib/python3.10/site-packages'
[0.647s] Level 1:colcon.colcon_core.environment:checking '/home/aliihsan/robot_ws/install/multi_robot_arm/bin'
[0.649s] INFO:colcon.colcon_core.shell:Creating package script '/home/aliihsan/robot_ws/install/multi_robot_arm/share/multi_robot_arm/package.ps1'
[0.650s] INFO:colcon.colcon_core.shell:Creating package descriptor '/home/aliihsan/robot_ws/install/multi_robot_arm/share/multi_robot_arm/package.dsv'
[0.651s] INFO:colcon.colcon_core.shell:Creating package script '/home/aliihsan/robot_ws/install/multi_robot_arm/share/multi_robot_arm/package.sh'
[0.652s] INFO:colcon.colcon_core.shell:Creating package script '/home/aliihsan/robot_ws/install/multi_robot_arm/share/multi_robot_arm/package.bash'
[0.652s] INFO:colcon.colcon_core.shell:Creating package script '/home/aliihsan/robot_ws/install/multi_robot_arm/share/multi_robot_arm/package.zsh'
[0.653s] Level 1:colcon.colcon_core.environment:create_file_with_runtime_dependencies(/home/aliihsan/robot_ws/install/multi_robot_arm/share/colcon-core/packages/multi_robot_arm)
[0.678s] Level 1:colcon.colcon_core.environment:create_environment_scripts_only(multi_robot_arm)
[0.680s] Level 1:colcon.colcon_core.environment:checking '/home/aliihsan/robot_ws/install/multi_robot_arm' for CMake module files
[0.681s] Level 1:colcon.colcon_core.environment:checking '/home/aliihsan/robot_ws/install/multi_robot_arm' for CMake config files
[0.683s] Level 1:colcon.colcon_core.shell:create_environment_hook('multi_robot_arm', 'cmake_prefix_path')
[0.684s] INFO:colcon.colcon_core.shell:Creating environment hook '/home/aliihsan/robot_ws/install/multi_robot_arm/share/multi_robot_arm/hook/cmake_prefix_path.ps1'
[0.685s] INFO:colcon.colcon_core.shell:Creating environment descriptor '/home/aliihsan/robot_ws/install/multi_robot_arm/share/multi_robot_arm/hook/cmake_prefix_path.dsv'
[0.685s] INFO:colcon.colcon_core.shell:Creating environment hook '/home/aliihsan/robot_ws/install/multi_robot_arm/share/multi_robot_arm/hook/cmake_prefix_path.sh'
[0.686s] Level 1:colcon.colcon_core.environment:checking '/home/aliihsan/robot_ws/install/multi_robot_arm/bin'
[0.686s] Level 1:colcon.colcon_core.environment:checking '/home/aliihsan/robot_ws/install/multi_robot_arm/lib/pkgconfig/multi_robot_arm.pc'
[0.687s] Level 1:colcon.colcon_core.environment:checking '/home/aliihsan/robot_ws/install/multi_robot_arm/lib/python3.10/site-packages'
[0.687s] Level 1:colcon.colcon_core.environment:checking '/home/aliihsan/robot_ws/install/multi_robot_arm/bin'
[0.688s] INFO:colcon.colcon_core.shell:Creating package script '/home/aliihsan/robot_ws/install/multi_robot_arm/share/multi_robot_arm/package.ps1'
[0.689s] INFO:colcon.colcon_core.shell:Creating package descriptor '/home/aliihsan/robot_ws/install/multi_robot_arm/share/multi_robot_arm/package.dsv'
[0.689s] INFO:colcon.colcon_core.shell:Creating package script '/home/aliihsan/robot_ws/install/multi_robot_arm/share/multi_robot_arm/package.sh'
[0.690s] INFO:colcon.colcon_core.shell:Creating package script '/home/aliihsan/robot_ws/install/multi_robot_arm/share/multi_robot_arm/package.bash'
[0.690s] INFO:colcon.colcon_core.shell:Creating package script '/home/aliihsan/robot_ws/install/multi_robot_arm/share/multi_robot_arm/package.zsh'
[0.691s] Level 1:colcon.colcon_core.environment:create_file_with_runtime_dependencies(/home/aliihsan/robot_ws/install/multi_robot_arm/share/colcon-core/packages/multi_robot_arm)
[0.904s] DEBUG:colcon.colcon_core.event_handler.log_command:Invoked command in '/home/aliihsan/robot_ws/build/pymoveit2' returned '0': CMAKE_PREFIX_PATH=${CMAKE_PREFIX_PATH}:/opt/ros/humble /usr/bin/cmake --build /home/aliihsan/robot_ws/build/pymoveit2 -- -j8 -l8
[0.933s] DEBUG:colcon.colcon_core.event_handler.log_command:Invoking command in '/home/aliihsan/robot_ws/build/pymoveit2': CMAKE_PREFIX_PATH=${CMAKE_PREFIX_PATH}:/opt/ros/humble /usr/bin/cmake --install /home/aliihsan/robot_ws/build/pymoveit2
[1.001s] Level 1:colcon.colcon_core.environment:create_environment_scripts_only(pymoveit2)
[1.002s] Level 1:colcon.colcon_core.environment:checking '/home/aliihsan/robot_ws/install/pymoveit2' for CMake module files
[1.003s] DEBUG:colcon.colcon_core.event_handler.log_command:Invoked command in '/home/aliihsan/robot_ws/build/pymoveit2' returned '0': CMAKE_PREFIX_PATH=${CMAKE_PREFIX_PATH}:/opt/ros/humble /usr/bin/cmake --install /home/aliihsan/robot_ws/build/pymoveit2
[1.003s] Level 1:colcon.colcon_core.environment:checking '/home/aliihsan/robot_ws/install/pymoveit2' for CMake config files
[1.004s] Level 1:colcon.colcon_core.shell:create_environment_hook('pymoveit2', 'cmake_prefix_path')
[1.005s] INFO:colcon.colcon_core.shell:Creating environment hook '/home/aliihsan/robot_ws/install/pymoveit2/share/pymoveit2/hook/cmake_prefix_path.ps1'
[1.005s] INFO:colcon.colcon_core.shell:Creating environment descriptor '/home/aliihsan/robot_ws/install/pymoveit2/share/pymoveit2/hook/cmake_prefix_path.dsv'
[1.006s] INFO:colcon.colcon_core.shell:Creating environment hook '/home/aliihsan/robot_ws/install/pymoveit2/share/pymoveit2/hook/cmake_prefix_path.sh'
[1.006s] Level 1:colcon.colcon_core.environment:checking '/home/aliihsan/robot_ws/install/pymoveit2/lib'
[1.006s] Level 1:colcon.colcon_core.environment:checking '/home/aliihsan/robot_ws/install/pymoveit2/bin'
[1.007s] Level 1:colcon.colcon_core.environment:checking '/home/aliihsan/robot_ws/install/pymoveit2/lib/pkgconfig/pymoveit2.pc'
[1.007s] Level 1:colcon.colcon_core.environment:checking '/home/aliihsan/robot_ws/install/pymoveit2/lib/python3.10/site-packages'
[1.007s] Level 1:colcon.colcon_core.environment:checking '/home/aliihsan/robot_ws/install/pymoveit2/bin'
[1.008s] INFO:colcon.colcon_core.shell:Creating package script '/home/aliihsan/robot_ws/install/pymoveit2/share/pymoveit2/package.ps1'
[1.009s] INFO:colcon.colcon_core.shell:Creating package descriptor '/home/aliihsan/robot_ws/install/pymoveit2/share/pymoveit2/package.dsv'
[1.009s] INFO:colcon.colcon_core.shell:Creating package script '/home/aliihsan/robot_ws/install/pymoveit2/share/pymoveit2/package.sh'
[1.010s] INFO:colcon.colcon_core.shell:Creating package script '/home/aliihsan/robot_ws/install/pymoveit2/share/pymoveit2/package.bash'
[1.010s] INFO:colcon.colcon_core.shell:Creating package script '/home/aliihsan/robot_ws/install/pymoveit2/share/pymoveit2/package.zsh'
[1.010s] Level 1:colcon.colcon_core.environment:create_file_with_runtime_dependencies(/home/aliihsan/robot_ws/install/pymoveit2/share/colcon-core/packages/pymoveit2)
[1.036s] Level 1:colcon.colcon_core.environment:create_environment_scripts_only(pymoveit2)
[1.038s] Level 1:colcon.colcon_core.environment:checking '/home/aliihsan/robot_ws/install/pymoveit2' for CMake module files
[1.038s] Level 1:colcon.colcon_core.environment:checking '/home/aliihsan/robot_ws/install/pymoveit2' for CMake config files
[1.039s] Level 1:colcon.colcon_core.shell:create_environment_hook('pymoveit2', 'cmake_prefix_path')
[1.040s] INFO:colcon.colcon_core.shell:Creating environment hook '/home/aliihsan/robot_ws/install/pymoveit2/share/pymoveit2/hook/cmake_prefix_path.ps1'
[1.040s] INFO:colcon.colcon_core.shell:Creating environment descriptor '/home/aliihsan/robot_ws/install/pymoveit2/share/pymoveit2/hook/cmake_prefix_path.dsv'
[1.041s] INFO:colcon.colcon_core.shell:Creating environment hook '/home/aliihsan/robot_ws/install/pymoveit2/share/pymoveit2/hook/cmake_prefix_path.sh'
[1.041s] Level 1:colcon.colcon_core.environment:checking '/home/aliihsan/robot_ws/install/pymoveit2/lib'
[1.041s] Level 1:colcon.colcon_core.environment:checking '/home/aliihsan/robot_ws/install/pymoveit2/bin'
[1.041s] Level 1:colcon.colcon_core.environment:checking '/home/aliihsan/robot_ws/install/pymoveit2/lib/pkgconfig/pymoveit2.pc'
[1.042s] Level 1:colcon.colcon_core.environment:checking '/home/aliihsan/robot_ws/install/pymoveit2/lib/python3.10/site-packages'
[1.042s] Level 1:colcon.colcon_core.environment:checking '/home/aliihsan/robot_ws/install/pymoveit2/bin'
[1.045s] INFO:colcon.colcon_core.shell:Creating package script '/home/aliihsan/robot_ws/install/pymoveit2/share/pymoveit2/package.ps1'
[1.045s] INFO:colcon.colcon_core.shell:Creating package descriptor '/home/aliihsan/robot_ws/install/pymoveit2/share/pymoveit2/package.dsv'
[1.045s] INFO:colcon.colcon_core.shell:Creating package script '/home/aliihsan/robot_ws/install/pymoveit2/share/pymoveit2/package.sh'
[1.046s] INFO:colcon.colcon_core.shell:Creating package script '/home/aliihsan/robot_ws/install/pymoveit2/share/pymoveit2/package.bash'
[1.046s] INFO:colcon.colcon_core.shell:Creating package script '/home/aliihsan/robot_ws/install/pymoveit2/share/pymoveit2/package.zsh'
[1.047s] Level 1:colcon.colcon_core.environment:create_file_with_runtime_dependencies(/home/aliihsan/robot_ws/install/pymoveit2/share/colcon-core/packages/pymoveit2)
[1.047s] DEBUG:colcon.colcon_parallel_executor.executor.parallel:closing loop
[1.047s] DEBUG:colcon.colcon_parallel_executor.executor.parallel:loop closed
[1.047s] DEBUG:colcon.colcon_parallel_executor.executor.parallel:run_until_complete finished with '0'
[1.047s] DEBUG:colcon.colcon_core.event_reactor:joining thread
[1.054s] INFO:colcon.colcon_core.plugin_system:Skipping extension 'colcon_notification.desktop_notification.terminal_notifier': Not used on non-Darwin systems
[1.054s] INFO:colcon.colcon_core.plugin_system:Skipping extension 'colcon_notification.desktop_notification.win32': Not used on non-Windows systems
[1.054s] INFO:colcon.colcon_notification.desktop_notification:Sending desktop notification using 'notify2'
[1.065s] DEBUG:colcon.colcon_core.event_reactor:joined thread
[1.066s] INFO:colcon.colcon_core.shell:Creating prefix script '/home/aliihsan/robot_ws/install/local_setup.ps1'
[1.068s] INFO:colcon.colcon_core.shell:Creating prefix util module '/home/aliihsan/robot_ws/install/_local_setup_util_ps1.py'
[1.069s] INFO:colcon.colcon_core.shell:Creating prefix chain script '/home/aliihsan/robot_ws/install/setup.ps1'
[1.070s] INFO:colcon.colcon_core.shell:Creating prefix script '/home/aliihsan/robot_ws/install/local_setup.sh'
[1.071s] INFO:colcon.colcon_core.shell:Creating prefix util module '/home/aliihsan/robot_ws/install/_local_setup_util_sh.py'
[1.071s] INFO:colcon.colcon_core.shell:Creating prefix chain script '/home/aliihsan/robot_ws/install/setup.sh'
[1.072s] INFO:colcon.colcon_core.shell:Creating prefix script '/home/aliihsan/robot_ws/install/local_setup.bash'
[1.073s] INFO:colcon.colcon_core.shell:Creating prefix chain script '/home/aliihsan/robot_ws/install/setup.bash'
[1.074s] INFO:colcon.colcon_core.shell:Creating prefix script '/home/aliihsan/robot_ws/install/local_setup.zsh'
[1.074s] INFO:colcon.colcon_core.shell:Creating prefix chain script '/home/aliihsan/robot_ws/install/setup.zsh'
