[0.357s] DEBUG:colcon:Command line arguments: ['/usr/bin/colcon', 'build', '--symlink-install']
[0.357s] DEBUG:colcon:Parsed command line arguments: Namespace(log_base=None, log_level=None, verb_name='build', build_base='build', install_base='install', merge_install=False, symlink_install=True, test_result_base=None, continue_on_error=False, executor='parallel', parallel_workers=8, event_handlers=None, ignore_user_meta=False, metas=['./colcon.meta'], base_paths=['.'], packages_ignore=None, packages_ignore_regex=None, paths=None, packages_up_to=None, packages_up_to_regex=None, packages_above=None, packages_above_and_dependencies=None, packages_above_depth=None, packages_select_by_dep=None, packages_skip_by_dep=None, packages_skip_up_to=None, packages_select_build_failed=False, packages_skip_build_finished=False, packages_select_test_failures=False, packages_skip_test_passed=False, packages_select=None, packages_skip=None, packages_select_regex=None, packages_skip_regex=None, packages_start=None, packages_end=None, allow_overriding=[], cmake_args=None, cmake_target=None, cmake_target_skip_unavailable=False, cmake_clean_cache=False, cmake_clean_first=False, cmake_force_configure=False, ament_cmake_args=None, catkin_cmake_args=None, catkin_skip_building_tests=False, verb_parser=<colcon_defaults.argument_parser.defaults.DefaultArgumentsDecorator object at 0x7f8efcaf48b0>, verb_extension=<colcon_core.verb.build.BuildVerb object at 0x7f8efcb10bb0>, main=<bound method BuildVerb.main of <colcon_core.verb.build.BuildVerb object at 0x7f8efcb10bb0>>)
[0.388s] Level 1:colcon.colcon_core.package_discovery:discover_packages(colcon_meta) check parameters
[0.388s] Level 1:colcon.colcon_core.package_discovery:discover_packages(recursive) check parameters
[0.389s] Level 1:colcon.colcon_core.package_discovery:discover_packages(ignore) check parameters
[0.389s] Level 1:colcon.colcon_core.package_discovery:discover_packages(path) check parameters
[0.389s] Level 1:colcon.colcon_core.package_discovery:discover_packages(colcon_meta) discover
[0.389s] Level 1:colcon.colcon_core.package_discovery:discover_packages(recursive) discover
[0.389s] INFO:colcon.colcon_core.package_discovery:Crawling recursively for packages in '/home/aliihsan/robot_ws'
[0.389s] Level 1:colcon.colcon_core.package_identification:_identify(.) by extensions ['ignore', 'ignore_ament_install']
[0.390s] Level 1:colcon.colcon_core.package_identification:_identify(.) by extension 'ignore'
[0.390s] Level 1:colcon.colcon_core.package_identification:_identify(.) by extension 'ignore_ament_install'
[0.390s] Level 1:colcon.colcon_core.package_identification:_identify(.) by extensions ['colcon_pkg']
[0.390s] Level 1:colcon.colcon_core.package_identification:_identify(.) by extension 'colcon_pkg'
[0.390s] Level 1:colcon.colcon_core.package_identification:_identify(.) by extensions ['colcon_meta']
[0.390s] Level 1:colcon.colcon_core.package_identification:_identify(.) by extension 'colcon_meta'
[0.390s] Level 1:colcon.colcon_core.package_identification:_identify(.) by extensions ['ros']
[0.390s] Level 1:colcon.colcon_core.package_identification:_identify(.) by extension 'ros'
[0.401s] Level 1:colcon.colcon_core.package_identification:_identify(.) by extensions ['cmake', 'python']
[0.401s] Level 1:colcon.colcon_core.package_identification:_identify(.) by extension 'cmake'
[0.401s] Level 1:colcon.colcon_core.package_identification:_identify(.) by extension 'python'
[0.401s] Level 1:colcon.colcon_core.package_identification:_identify(.) by extensions ['python_setup_py']
[0.401s] Level 1:colcon.colcon_core.package_identification:_identify(.) by extension 'python_setup_py'
[0.401s] Level 1:colcon.colcon_core.package_identification:_identify(build) by extensions ['ignore', 'ignore_ament_install']
[0.401s] Level 1:colcon.colcon_core.package_identification:_identify(build) by extension 'ignore'
[0.401s] Level 1:colcon.colcon_core.package_identification:_identify(build) ignored
[0.401s] Level 1:colcon.colcon_core.package_identification:_identify(install) by extensions ['ignore', 'ignore_ament_install']
[0.402s] Level 1:colcon.colcon_core.package_identification:_identify(install) by extension 'ignore'
[0.402s] Level 1:colcon.colcon_core.package_identification:_identify(install) ignored
[0.402s] Level 1:colcon.colcon_core.package_identification:_identify(log) by extensions ['ignore', 'ignore_ament_install']
[0.402s] Level 1:colcon.colcon_core.package_identification:_identify(log) by extension 'ignore'
[0.402s] Level 1:colcon.colcon_core.package_identification:_identify(log) ignored
[0.402s] Level 1:colcon.colcon_core.package_identification:_identify(src) by extensions ['ignore', 'ignore_ament_install']
[0.402s] Level 1:colcon.colcon_core.package_identification:_identify(src) by extension 'ignore'
[0.403s] Level 1:colcon.colcon_core.package_identification:_identify(src) by extension 'ignore_ament_install'
[0.403s] Level 1:colcon.colcon_core.package_identification:_identify(src) by extensions ['colcon_pkg']
[0.403s] Level 1:colcon.colcon_core.package_identification:_identify(src) by extension 'colcon_pkg'
[0.403s] Level 1:colcon.colcon_core.package_identification:_identify(src) by extensions ['colcon_meta']
[0.403s] Level 1:colcon.colcon_core.package_identification:_identify(src) by extension 'colcon_meta'
[0.403s] Level 1:colcon.colcon_core.package_identification:_identify(src) by extensions ['ros']
[0.403s] Level 1:colcon.colcon_core.package_identification:_identify(src) by extension 'ros'
[0.403s] Level 1:colcon.colcon_core.package_identification:_identify(src) by extensions ['cmake', 'python']
[0.403s] Level 1:colcon.colcon_core.package_identification:_identify(src) by extension 'cmake'
[0.403s] Level 1:colcon.colcon_core.package_identification:_identify(src) by extension 'python'
[0.403s] Level 1:colcon.colcon_core.package_identification:_identify(src) by extensions ['python_setup_py']
[0.403s] Level 1:colcon.colcon_core.package_identification:_identify(src) by extension 'python_setup_py'
[0.403s] Level 1:colcon.colcon_core.package_identification:_identify(src/multi_robot_arm) by extensions ['ignore', 'ignore_ament_install']
[0.404s] Level 1:colcon.colcon_core.package_identification:_identify(src/multi_robot_arm) by extension 'ignore'
[0.404s] Level 1:colcon.colcon_core.package_identification:_identify(src/multi_robot_arm) by extension 'ignore_ament_install'
[0.404s] Level 1:colcon.colcon_core.package_identification:_identify(src/multi_robot_arm) by extensions ['colcon_pkg']
[0.404s] Level 1:colcon.colcon_core.package_identification:_identify(src/multi_robot_arm) by extension 'colcon_pkg'
[0.404s] Level 1:colcon.colcon_core.package_identification:_identify(src/multi_robot_arm) by extensions ['colcon_meta']
[0.404s] Level 1:colcon.colcon_core.package_identification:_identify(src/multi_robot_arm) by extension 'colcon_meta'
[0.404s] Level 1:colcon.colcon_core.package_identification:_identify(src/multi_robot_arm) by extensions ['ros']
[0.404s] Level 1:colcon.colcon_core.package_identification:_identify(src/multi_robot_arm) by extension 'ros'
[0.408s] DEBUG:colcon.colcon_core.package_identification:Package 'src/multi_robot_arm' with type 'ros.ament_cmake' and name 'multi_robot_arm'
[0.408s] Level 1:colcon.colcon_core.package_identification:_identify(src/pymoveit2) by extensions ['ignore', 'ignore_ament_install']
[0.408s] Level 1:colcon.colcon_core.package_identification:_identify(src/pymoveit2) by extension 'ignore'
[0.409s] Level 1:colcon.colcon_core.package_identification:_identify(src/pymoveit2) by extension 'ignore_ament_install'
[0.409s] Level 1:colcon.colcon_core.package_identification:_identify(src/pymoveit2) by extensions ['colcon_pkg']
[0.409s] Level 1:colcon.colcon_core.package_identification:_identify(src/pymoveit2) by extension 'colcon_pkg'
[0.409s] Level 1:colcon.colcon_core.package_identification:_identify(src/pymoveit2) by extensions ['colcon_meta']
[0.409s] Level 1:colcon.colcon_core.package_identification:_identify(src/pymoveit2) by extension 'colcon_meta'
[0.409s] Level 1:colcon.colcon_core.package_identification:_identify(src/pymoveit2) by extensions ['ros']
[0.409s] Level 1:colcon.colcon_core.package_identification:_identify(src/pymoveit2) by extension 'ros'
[0.410s] DEBUG:colcon.colcon_core.package_identification:Package 'src/pymoveit2' with type 'ros.ament_cmake' and name 'pymoveit2'
[0.410s] Level 1:colcon.colcon_core.package_discovery:discover_packages(recursive) using defaults
[0.410s] Level 1:colcon.colcon_core.package_discovery:discover_packages(ignore) discover
[0.410s] Level 1:colcon.colcon_core.package_discovery:discover_packages(ignore) using defaults
[0.411s] Level 1:colcon.colcon_core.package_discovery:discover_packages(path) discover
[0.411s] Level 1:colcon.colcon_core.package_discovery:discover_packages(path) using defaults
[0.436s] Level 1:colcon.colcon_core.package_discovery:discover_packages(prefix_path) check parameters
[0.436s] Level 1:colcon.colcon_core.package_discovery:discover_packages(prefix_path) discover
[0.438s] DEBUG:colcon.colcon_installed_package_information.package_discovery:Found 2 installed packages in /home/aliihsan/robot_ws/install
[0.441s] DEBUG:colcon.colcon_installed_package_information.package_discovery:Found 401 installed packages in /opt/ros/humble
[0.443s] Level 1:colcon.colcon_core.package_discovery:discover_packages(prefix_path) using defaults
[0.520s] Level 5:colcon.colcon_core.verb:set package 'multi_robot_arm' build argument 'cmake_args' from command line to 'None'
[0.521s] Level 5:colcon.colcon_core.verb:set package 'multi_robot_arm' build argument 'cmake_target' from command line to 'None'
[0.521s] Level 5:colcon.colcon_core.verb:set package 'multi_robot_arm' build argument 'cmake_target_skip_unavailable' from command line to 'False'
[0.521s] Level 5:colcon.colcon_core.verb:set package 'multi_robot_arm' build argument 'cmake_clean_cache' from command line to 'False'
[0.521s] Level 5:colcon.colcon_core.verb:set package 'multi_robot_arm' build argument 'cmake_clean_first' from command line to 'False'
[0.521s] Level 5:colcon.colcon_core.verb:set package 'multi_robot_arm' build argument 'cmake_force_configure' from command line to 'False'
[0.521s] Level 5:colcon.colcon_core.verb:set package 'multi_robot_arm' build argument 'ament_cmake_args' from command line to 'None'
[0.521s] Level 5:colcon.colcon_core.verb:set package 'multi_robot_arm' build argument 'catkin_cmake_args' from command line to 'None'
[0.521s] Level 5:colcon.colcon_core.verb:set package 'multi_robot_arm' build argument 'catkin_skip_building_tests' from command line to 'False'
[0.521s] DEBUG:colcon.colcon_core.verb:Building package 'multi_robot_arm' with the following arguments: {'ament_cmake_args': None, 'build_base': '/home/aliihsan/robot_ws/build/multi_robot_arm', 'catkin_cmake_args': None, 'catkin_skip_building_tests': False, 'cmake_args': None, 'cmake_clean_cache': False, 'cmake_clean_first': False, 'cmake_force_configure': False, 'cmake_target': None, 'cmake_target_skip_unavailable': False, 'install_base': '/home/aliihsan/robot_ws/install/multi_robot_arm', 'merge_install': False, 'path': '/home/aliihsan/robot_ws/src/multi_robot_arm', 'symlink_install': True, 'test_result_base': None}
[0.522s] Level 5:colcon.colcon_core.verb:set package 'pymoveit2' build argument 'cmake_args' from command line to 'None'
[0.522s] Level 5:colcon.colcon_core.verb:set package 'pymoveit2' build argument 'cmake_target' from command line to 'None'
[0.522s] Level 5:colcon.colcon_core.verb:set package 'pymoveit2' build argument 'cmake_target_skip_unavailable' from command line to 'False'
[0.522s] Level 5:colcon.colcon_core.verb:set package 'pymoveit2' build argument 'cmake_clean_cache' from command line to 'False'
[0.522s] Level 5:colcon.colcon_core.verb:set package 'pymoveit2' build argument 'cmake_clean_first' from command line to 'False'
[0.522s] Level 5:colcon.colcon_core.verb:set package 'pymoveit2' build argument 'cmake_force_configure' from command line to 'False'
[0.522s] Level 5:colcon.colcon_core.verb:set package 'pymoveit2' build argument 'ament_cmake_args' from command line to 'None'
[0.522s] Level 5:colcon.colcon_core.verb:set package 'pymoveit2' build argument 'catkin_cmake_args' from command line to 'None'
[0.522s] Level 5:colcon.colcon_core.verb:set package 'pymoveit2' build argument 'catkin_skip_building_tests' from command line to 'False'
[0.522s] DEBUG:colcon.colcon_core.verb:Building package 'pymoveit2' with the following arguments: {'ament_cmake_args': None, 'build_base': '/home/aliihsan/robot_ws/build/pymoveit2', 'catkin_cmake_args': None, 'catkin_skip_building_tests': False, 'cmake_args': None, 'cmake_clean_cache': False, 'cmake_clean_first': False, 'cmake_force_configure': False, 'cmake_target': None, 'cmake_target_skip_unavailable': False, 'install_base': '/home/aliihsan/robot_ws/install/pymoveit2', 'merge_install': False, 'path': '/home/aliihsan/robot_ws/src/pymoveit2', 'symlink_install': True, 'test_result_base': None}
[0.523s] INFO:colcon.colcon_core.executor:Executing jobs using 'parallel' executor
[0.527s] DEBUG:colcon.colcon_parallel_executor.executor.parallel:run_until_complete
[0.527s] INFO:colcon.colcon_ros.task.ament_cmake.build:Building ROS package in '/home/aliihsan/robot_ws/src/multi_robot_arm' with build type 'ament_cmake'
[0.527s] INFO:colcon.colcon_cmake.task.cmake.build:Building CMake package in '/home/aliihsan/robot_ws/src/multi_robot_arm'
[0.532s] INFO:colcon.colcon_core.plugin_system:Skipping extension 'colcon_core.shell.bat': Not used on non-Windows systems
[0.532s] INFO:colcon.colcon_core.shell:Skip shell extension 'powershell' for command environment: Not usable outside of PowerShell
[0.532s] DEBUG:colcon.colcon_core.shell:Skip shell extension 'dsv' for command environment
[0.537s] INFO:colcon.colcon_ros.task.ament_cmake.build:Building ROS package in '/home/aliihsan/robot_ws/src/pymoveit2' with build type 'ament_cmake'
[0.537s] INFO:colcon.colcon_cmake.task.cmake.build:Building CMake package in '/home/aliihsan/robot_ws/src/pymoveit2'
[0.539s] INFO:colcon.colcon_core.shell:Skip shell extension 'powershell' for command environment: Not usable outside of PowerShell
[0.539s] DEBUG:colcon.colcon_core.shell:Skip shell extension 'dsv' for command environment
[0.550s] DEBUG:colcon.colcon_core.event_handler.log_command:Invoking command in '/home/aliihsan/robot_ws/build/multi_robot_arm': CMAKE_PREFIX_PATH=${CMAKE_PREFIX_PATH}:/opt/ros/humble /usr/bin/cmake --build /home/aliihsan/robot_ws/build/multi_robot_arm -- -j8 -l8
[0.555s] DEBUG:colcon.colcon_core.event_handler.log_command:Invoking command in '/home/aliihsan/robot_ws/build/pymoveit2': CMAKE_PREFIX_PATH=${CMAKE_PREFIX_PATH}:/opt/ros/humble /usr/bin/cmake --build /home/aliihsan/robot_ws/build/pymoveit2 -- -j8 -l8
[0.598s] DEBUG:colcon.colcon_core.event_handler.log_command:Invoked command in '/home/aliihsan/robot_ws/build/multi_robot_arm' returned '0': CMAKE_PREFIX_PATH=${CMAKE_PREFIX_PATH}:/opt/ros/humble /usr/bin/cmake --build /home/aliihsan/robot_ws/build/multi_robot_arm -- -j8 -l8
[0.634s] DEBUG:colcon.colcon_core.event_handler.log_command:Invoking command in '/home/aliihsan/robot_ws/build/multi_robot_arm': CMAKE_PREFIX_PATH=${CMAKE_PREFIX_PATH}:/opt/ros/humble /usr/bin/cmake --install /home/aliihsan/robot_ws/build/multi_robot_arm
[0.680s] Level 1:colcon.colcon_core.environment:create_environment_scripts_only(multi_robot_arm)
[0.681s] DEBUG:colcon.colcon_core.event_handler.log_command:Invoked command in '/home/aliihsan/robot_ws/build/multi_robot_arm' returned '0': CMAKE_PREFIX_PATH=${CMAKE_PREFIX_PATH}:/opt/ros/humble /usr/bin/cmake --install /home/aliihsan/robot_ws/build/multi_robot_arm
[0.686s] Level 1:colcon.colcon_core.environment:checking '/home/aliihsan/robot_ws/install/multi_robot_arm' for CMake module files
[0.686s] Level 1:colcon.colcon_core.environment:checking '/home/aliihsan/robot_ws/install/multi_robot_arm' for CMake config files
[0.688s] Level 1:colcon.colcon_core.shell:create_environment_hook('multi_robot_arm', 'cmake_prefix_path')
[0.689s] INFO:colcon.colcon_core.shell:Creating environment hook '/home/aliihsan/robot_ws/install/multi_robot_arm/share/multi_robot_arm/hook/cmake_prefix_path.ps1'
[0.690s] INFO:colcon.colcon_core.shell:Creating environment descriptor '/home/aliihsan/robot_ws/install/multi_robot_arm/share/multi_robot_arm/hook/cmake_prefix_path.dsv'
[0.690s] INFO:colcon.colcon_core.shell:Creating environment hook '/home/aliihsan/robot_ws/install/multi_robot_arm/share/multi_robot_arm/hook/cmake_prefix_path.sh'
[0.691s] Level 1:colcon.colcon_core.environment:checking '/home/aliihsan/robot_ws/install/multi_robot_arm/bin'
[0.691s] Level 1:colcon.colcon_core.environment:checking '/home/aliihsan/robot_ws/install/multi_robot_arm/lib/pkgconfig/multi_robot_arm.pc'
[0.692s] Level 1:colcon.colcon_core.environment:checking '/home/aliihsan/robot_ws/install/multi_robot_arm/lib/python3.10/site-packages'
[0.692s] Level 1:colcon.colcon_core.environment:checking '/home/aliihsan/robot_ws/install/multi_robot_arm/bin'
[0.693s] INFO:colcon.colcon_core.shell:Creating package script '/home/aliihsan/robot_ws/install/multi_robot_arm/share/multi_robot_arm/package.ps1'
[0.694s] INFO:colcon.colcon_core.shell:Creating package descriptor '/home/aliihsan/robot_ws/install/multi_robot_arm/share/multi_robot_arm/package.dsv'
[0.695s] INFO:colcon.colcon_core.shell:Creating package script '/home/aliihsan/robot_ws/install/multi_robot_arm/share/multi_robot_arm/package.sh'
[0.695s] INFO:colcon.colcon_core.shell:Creating package script '/home/aliihsan/robot_ws/install/multi_robot_arm/share/multi_robot_arm/package.bash'
[0.696s] INFO:colcon.colcon_core.shell:Creating package script '/home/aliihsan/robot_ws/install/multi_robot_arm/share/multi_robot_arm/package.zsh'
[0.697s] Level 1:colcon.colcon_core.environment:create_file_with_runtime_dependencies(/home/aliihsan/robot_ws/install/multi_robot_arm/share/colcon-core/packages/multi_robot_arm)
[0.722s] Level 1:colcon.colcon_core.environment:create_environment_scripts_only(multi_robot_arm)
[0.724s] Level 1:colcon.colcon_core.environment:checking '/home/aliihsan/robot_ws/install/multi_robot_arm' for CMake module files
[0.725s] Level 1:colcon.colcon_core.environment:checking '/home/aliihsan/robot_ws/install/multi_robot_arm' for CMake config files
[0.726s] Level 1:colcon.colcon_core.shell:create_environment_hook('multi_robot_arm', 'cmake_prefix_path')
[0.728s] INFO:colcon.colcon_core.shell:Creating environment hook '/home/aliihsan/robot_ws/install/multi_robot_arm/share/multi_robot_arm/hook/cmake_prefix_path.ps1'
[0.728s] INFO:colcon.colcon_core.shell:Creating environment descriptor '/home/aliihsan/robot_ws/install/multi_robot_arm/share/multi_robot_arm/hook/cmake_prefix_path.dsv'
[0.729s] INFO:colcon.colcon_core.shell:Creating environment hook '/home/aliihsan/robot_ws/install/multi_robot_arm/share/multi_robot_arm/hook/cmake_prefix_path.sh'
[0.729s] Level 1:colcon.colcon_core.environment:checking '/home/aliihsan/robot_ws/install/multi_robot_arm/bin'
[0.729s] Level 1:colcon.colcon_core.environment:checking '/home/aliihsan/robot_ws/install/multi_robot_arm/lib/pkgconfig/multi_robot_arm.pc'
[0.729s] Level 1:colcon.colcon_core.environment:checking '/home/aliihsan/robot_ws/install/multi_robot_arm/lib/python3.10/site-packages'
[0.730s] Level 1:colcon.colcon_core.environment:checking '/home/aliihsan/robot_ws/install/multi_robot_arm/bin'
[0.731s] INFO:colcon.colcon_core.shell:Creating package script '/home/aliihsan/robot_ws/install/multi_robot_arm/share/multi_robot_arm/package.ps1'
[0.731s] INFO:colcon.colcon_core.shell:Creating package descriptor '/home/aliihsan/robot_ws/install/multi_robot_arm/share/multi_robot_arm/package.dsv'
[0.732s] INFO:colcon.colcon_core.shell:Creating package script '/home/aliihsan/robot_ws/install/multi_robot_arm/share/multi_robot_arm/package.sh'
[0.732s] INFO:colcon.colcon_core.shell:Creating package script '/home/aliihsan/robot_ws/install/multi_robot_arm/share/multi_robot_arm/package.bash'
[0.733s] INFO:colcon.colcon_core.shell:Creating package script '/home/aliihsan/robot_ws/install/multi_robot_arm/share/multi_robot_arm/package.zsh'
[0.733s] Level 1:colcon.colcon_core.environment:create_file_with_runtime_dependencies(/home/aliihsan/robot_ws/install/multi_robot_arm/share/colcon-core/packages/multi_robot_arm)
[0.980s] DEBUG:colcon.colcon_core.event_handler.log_command:Invoked command in '/home/aliihsan/robot_ws/build/pymoveit2' returned '0': CMAKE_PREFIX_PATH=${CMAKE_PREFIX_PATH}:/opt/ros/humble /usr/bin/cmake --build /home/aliihsan/robot_ws/build/pymoveit2 -- -j8 -l8
[1.004s] DEBUG:colcon.colcon_core.event_handler.log_command:Invoking command in '/home/aliihsan/robot_ws/build/pymoveit2': CMAKE_PREFIX_PATH=${CMAKE_PREFIX_PATH}:/opt/ros/humble /usr/bin/cmake --install /home/aliihsan/robot_ws/build/pymoveit2
[1.065s] Level 1:colcon.colcon_core.environment:create_environment_scripts_only(pymoveit2)
[1.067s] Level 1:colcon.colcon_core.environment:checking '/home/aliihsan/robot_ws/install/pymoveit2' for CMake module files
[1.068s] DEBUG:colcon.colcon_core.event_handler.log_command:Invoked command in '/home/aliihsan/robot_ws/build/pymoveit2' returned '0': CMAKE_PREFIX_PATH=${CMAKE_PREFIX_PATH}:/opt/ros/humble /usr/bin/cmake --install /home/aliihsan/robot_ws/build/pymoveit2
[1.069s] Level 1:colcon.colcon_core.environment:checking '/home/aliihsan/robot_ws/install/pymoveit2' for CMake config files
[1.069s] Level 1:colcon.colcon_core.shell:create_environment_hook('pymoveit2', 'cmake_prefix_path')
[1.070s] INFO:colcon.colcon_core.shell:Creating environment hook '/home/aliihsan/robot_ws/install/pymoveit2/share/pymoveit2/hook/cmake_prefix_path.ps1'
[1.071s] INFO:colcon.colcon_core.shell:Creating environment descriptor '/home/aliihsan/robot_ws/install/pymoveit2/share/pymoveit2/hook/cmake_prefix_path.dsv'
[1.071s] INFO:colcon.colcon_core.shell:Creating environment hook '/home/aliihsan/robot_ws/install/pymoveit2/share/pymoveit2/hook/cmake_prefix_path.sh'
[1.072s] Level 1:colcon.colcon_core.environment:checking '/home/aliihsan/robot_ws/install/pymoveit2/lib'
[1.072s] Level 1:colcon.colcon_core.environment:checking '/home/aliihsan/robot_ws/install/pymoveit2/bin'
[1.072s] Level 1:colcon.colcon_core.environment:checking '/home/aliihsan/robot_ws/install/pymoveit2/lib/pkgconfig/pymoveit2.pc'
[1.072s] Level 1:colcon.colcon_core.environment:checking '/home/aliihsan/robot_ws/install/pymoveit2/lib/python3.10/site-packages'
[1.073s] Level 1:colcon.colcon_core.environment:checking '/home/aliihsan/robot_ws/install/pymoveit2/bin'
[1.074s] INFO:colcon.colcon_core.shell:Creating package script '/home/aliihsan/robot_ws/install/pymoveit2/share/pymoveit2/package.ps1'
[1.074s] INFO:colcon.colcon_core.shell:Creating package descriptor '/home/aliihsan/robot_ws/install/pymoveit2/share/pymoveit2/package.dsv'
[1.075s] INFO:colcon.colcon_core.shell:Creating package script '/home/aliihsan/robot_ws/install/pymoveit2/share/pymoveit2/package.sh'
[1.075s] INFO:colcon.colcon_core.shell:Creating package script '/home/aliihsan/robot_ws/install/pymoveit2/share/pymoveit2/package.bash'
[1.076s] INFO:colcon.colcon_core.shell:Creating package script '/home/aliihsan/robot_ws/install/pymoveit2/share/pymoveit2/package.zsh'
[1.076s] Level 1:colcon.colcon_core.environment:create_file_with_runtime_dependencies(/home/aliihsan/robot_ws/install/pymoveit2/share/colcon-core/packages/pymoveit2)
[1.102s] Level 1:colcon.colcon_core.environment:create_environment_scripts_only(pymoveit2)
[1.104s] Level 1:colcon.colcon_core.environment:checking '/home/aliihsan/robot_ws/install/pymoveit2' for CMake module files
[1.105s] Level 1:colcon.colcon_core.environment:checking '/home/aliihsan/robot_ws/install/pymoveit2' for CMake config files
[1.105s] Level 1:colcon.colcon_core.shell:create_environment_hook('pymoveit2', 'cmake_prefix_path')
[1.107s] INFO:colcon.colcon_core.shell:Creating environment hook '/home/aliihsan/robot_ws/install/pymoveit2/share/pymoveit2/hook/cmake_prefix_path.ps1'
[1.107s] INFO:colcon.colcon_core.shell:Creating environment descriptor '/home/aliihsan/robot_ws/install/pymoveit2/share/pymoveit2/hook/cmake_prefix_path.dsv'
[1.107s] INFO:colcon.colcon_core.shell:Creating environment hook '/home/aliihsan/robot_ws/install/pymoveit2/share/pymoveit2/hook/cmake_prefix_path.sh'
[1.108s] Level 1:colcon.colcon_core.environment:checking '/home/aliihsan/robot_ws/install/pymoveit2/lib'
[1.108s] Level 1:colcon.colcon_core.environment:checking '/home/aliihsan/robot_ws/install/pymoveit2/bin'
[1.108s] Level 1:colcon.colcon_core.environment:checking '/home/aliihsan/robot_ws/install/pymoveit2/lib/pkgconfig/pymoveit2.pc'
[1.108s] Level 1:colcon.colcon_core.environment:checking '/home/aliihsan/robot_ws/install/pymoveit2/lib/python3.10/site-packages'
[1.108s] Level 1:colcon.colcon_core.environment:checking '/home/aliihsan/robot_ws/install/pymoveit2/bin'
[1.110s] INFO:colcon.colcon_core.shell:Creating package script '/home/aliihsan/robot_ws/install/pymoveit2/share/pymoveit2/package.ps1'
[1.110s] INFO:colcon.colcon_core.shell:Creating package descriptor '/home/aliihsan/robot_ws/install/pymoveit2/share/pymoveit2/package.dsv'
[1.111s] INFO:colcon.colcon_core.shell:Creating package script '/home/aliihsan/robot_ws/install/pymoveit2/share/pymoveit2/package.sh'
[1.111s] INFO:colcon.colcon_core.shell:Creating package script '/home/aliihsan/robot_ws/install/pymoveit2/share/pymoveit2/package.bash'
[1.112s] INFO:colcon.colcon_core.shell:Creating package script '/home/aliihsan/robot_ws/install/pymoveit2/share/pymoveit2/package.zsh'
[1.112s] Level 1:colcon.colcon_core.environment:create_file_with_runtime_dependencies(/home/aliihsan/robot_ws/install/pymoveit2/share/colcon-core/packages/pymoveit2)
[1.112s] DEBUG:colcon.colcon_parallel_executor.executor.parallel:closing loop
[1.113s] DEBUG:colcon.colcon_parallel_executor.executor.parallel:loop closed
[1.113s] DEBUG:colcon.colcon_parallel_executor.executor.parallel:run_until_complete finished with '0'
[1.113s] DEBUG:colcon.colcon_core.event_reactor:joining thread
[1.119s] INFO:colcon.colcon_core.plugin_system:Skipping extension 'colcon_notification.desktop_notification.terminal_notifier': Not used on non-Darwin systems
[1.119s] INFO:colcon.colcon_core.plugin_system:Skipping extension 'colcon_notification.desktop_notification.win32': Not used on non-Windows systems
[1.119s] INFO:colcon.colcon_notification.desktop_notification:Sending desktop notification using 'notify2'
[1.130s] DEBUG:colcon.colcon_core.event_reactor:joined thread
[1.131s] INFO:colcon.colcon_core.shell:Creating prefix script '/home/aliihsan/robot_ws/install/local_setup.ps1'
[1.132s] INFO:colcon.colcon_core.shell:Creating prefix util module '/home/aliihsan/robot_ws/install/_local_setup_util_ps1.py'
[1.134s] INFO:colcon.colcon_core.shell:Creating prefix chain script '/home/aliihsan/robot_ws/install/setup.ps1'
[1.136s] INFO:colcon.colcon_core.shell:Creating prefix script '/home/aliihsan/robot_ws/install/local_setup.sh'
[1.136s] INFO:colcon.colcon_core.shell:Creating prefix util module '/home/aliihsan/robot_ws/install/_local_setup_util_sh.py'
[1.137s] INFO:colcon.colcon_core.shell:Creating prefix chain script '/home/aliihsan/robot_ws/install/setup.sh'
[1.139s] INFO:colcon.colcon_core.shell:Creating prefix script '/home/aliihsan/robot_ws/install/local_setup.bash'
[1.139s] INFO:colcon.colcon_core.shell:Creating prefix chain script '/home/aliihsan/robot_ws/install/setup.bash'
[1.141s] INFO:colcon.colcon_core.shell:Creating prefix script '/home/aliihsan/robot_ws/install/local_setup.zsh'
[1.142s] INFO:colcon.colcon_core.shell:Creating prefix chain script '/home/aliihsan/robot_ws/install/setup.zsh'
