[0.019s] Invoking command in '/home/aliihsan/robot_ws/build/multi_robot_arm': CMAKE_PREFIX_PATH=${CMAKE_PREFIX_PATH}:/opt/ros/humble /usr/bin/cmake --build /home/aliihsan/robot_ws/build/multi_robot_arm -- -j8 -l8
[0.065s] Invoked command in '/home/aliihsan/robot_ws/build/multi_robot_arm' returned '0': CMAKE_PREFIX_PATH=${CMAKE_PREFIX_PATH}:/opt/ros/humble /usr/bin/cmake --build /home/aliihsan/robot_ws/build/multi_robot_arm -- -j8 -l8
[0.099s] Invoking command in '/home/aliihsan/robot_ws/build/multi_robot_arm': CMAKE_PREFIX_PATH=${CMAKE_PREFIX_PATH}:/opt/ros/humble /usr/bin/cmake --install /home/aliihsan/robot_ws/build/multi_robot_arm
[0.106s] -- Install configuration: ""
[0.107s] -- Execute custom install script
[0.107s] -- Up-to-date symlink: /home/aliihsan/robot_ws/install/multi_robot_arm/share/multi_robot_arm/launch/gazebo_arm.launch.py
[0.107s] -- Up-to-date symlink: /home/aliihsan/robot_ws/install/multi_robot_arm/share/multi_robot_arm/launch/simple_bot.launch.py
[0.108s] -- Up-to-date symlink: /home/aliihsan/robot_ws/install/multi_robot_arm/share/multi_robot_arm/config/ball_tracker_params_robot.yaml
[0.108s] -- Up-to-date symlink: /home/aliihsan/robot_ws/install/multi_robot_arm/share/multi_robot_arm/config/ball_tracker_params_sim.yaml
[0.108s] -- Up-to-date symlink: /home/aliihsan/robot_ws/install/multi_robot_arm/share/multi_robot_arm/config/control.yaml
[0.108s] -- Up-to-date symlink: /home/aliihsan/robot_ws/install/multi_robot_arm/share/multi_robot_arm/config/gaz_ros2_ctl_use_sim.yaml
[0.108s] -- Up-to-date symlink: /home/aliihsan/robot_ws/install/multi_robot_arm/share/multi_robot_arm/config/gazebo_params.yaml
[0.109s] -- Up-to-date symlink: /home/aliihsan/robot_ws/install/multi_robot_arm/share/multi_robot_arm/config/joystick.yaml
[0.109s] -- Up-to-date symlink: /home/aliihsan/robot_ws/install/multi_robot_arm/share/multi_robot_arm/config/main.rviz
[0.109s] -- Up-to-date symlink: /home/aliihsan/robot_ws/install/multi_robot_arm/share/multi_robot_arm/config/map.rviz
[0.109s] -- Up-to-date symlink: /home/aliihsan/robot_ws/install/multi_robot_arm/share/multi_robot_arm/config/mapper_params_online_async.yaml
[0.109s] -- Up-to-date symlink: /home/aliihsan/robot_ws/install/multi_robot_arm/share/multi_robot_arm/config/my_controllers.yaml
[0.109s] -- Up-to-date symlink: /home/aliihsan/robot_ws/install/multi_robot_arm/share/multi_robot_arm/config/nav2_params.yaml
[0.110s] -- Up-to-date symlink: /home/aliihsan/robot_ws/install/multi_robot_arm/share/multi_robot_arm/config/twist_mux.yaml
[0.110s] -- Up-to-date symlink: /home/aliihsan/robot_ws/install/multi_robot_arm/share/multi_robot_arm/config/ur/ur5/chomp_planning.yaml
[0.110s] -- Up-to-date symlink: /home/aliihsan/robot_ws/install/multi_robot_arm/share/multi_robot_arm/config/ur/ur5/default_kinematics.yaml
[0.110s] -- Up-to-date symlink: /home/aliihsan/robot_ws/install/multi_robot_arm/share/multi_robot_arm/config/ur/ur5/initial_positions.yaml
[0.110s] -- Up-to-date symlink: /home/aliihsan/robot_ws/install/multi_robot_arm/share/multi_robot_arm/config/ur/ur5/joint_limits.yaml
[0.110s] -- Up-to-date symlink: /home/aliihsan/robot_ws/install/multi_robot_arm/share/multi_robot_arm/config/ur/ur5/joint_limits_planning.yaml
[0.111s] -- Up-to-date symlink: /home/aliihsan/robot_ws/install/multi_robot_arm/share/multi_robot_arm/config/ur/ur5/kinematics.yaml
[0.111s] -- Up-to-date symlink: /home/aliihsan/robot_ws/install/multi_robot_arm/share/multi_robot_arm/config/ur/ur5/moveit_controller_manager.yaml
[0.111s] -- Up-to-date symlink: /home/aliihsan/robot_ws/install/multi_robot_arm/share/multi_robot_arm/config/ur/ur5/ompl_planning.yaml
[0.111s] -- Up-to-date symlink: /home/aliihsan/robot_ws/install/multi_robot_arm/share/multi_robot_arm/config/ur/ur5/physical_parameters.yaml
[0.111s] -- Up-to-date symlink: /home/aliihsan/robot_ws/install/multi_robot_arm/share/multi_robot_arm/config/ur/ur5/robot.srdf
[0.111s] -- Up-to-date symlink: /home/aliihsan/robot_ws/install/multi_robot_arm/share/multi_robot_arm/config/ur/ur5/ros_controllers_robot.yaml
[0.111s] -- Up-to-date symlink: /home/aliihsan/robot_ws/install/multi_robot_arm/share/multi_robot_arm/config/ur/ur5/visual_parameters.yaml
[0.112s] -- Up-to-date symlink: /home/aliihsan/robot_ws/install/multi_robot_arm/share/multi_robot_arm/urdf/bcr_bot.xacro
[0.112s] -- Up-to-date symlink: /home/aliihsan/robot_ws/install/multi_robot_arm/share/multi_robot_arm/urdf/common_properties.urdf
[0.112s] -- Up-to-date symlink: /home/aliihsan/robot_ws/install/multi_robot_arm/share/multi_robot_arm/urdf/diffbot.urdf.xacro
[0.113s] -- Up-to-date symlink: /home/aliihsan/robot_ws/install/multi_robot_arm/share/multi_robot_arm/urdf/diffbot_system.urdf.xacro
[0.113s] -- Up-to-date symlink: /home/aliihsan/robot_ws/install/multi_robot_arm/share/multi_robot_arm/urdf/gazebo.xacro
[0.113s] -- Up-to-date symlink: /home/aliihsan/robot_ws/install/multi_robot_arm/share/multi_robot_arm/urdf/gazebo_control.xacro
[0.113s] -- Up-to-date symlink: /home/aliihsan/robot_ws/install/multi_robot_arm/share/multi_robot_arm/urdf/gz.xacro
[0.113s] -- Up-to-date symlink: /home/aliihsan/robot_ws/install/multi_robot_arm/share/multi_robot_arm/urdf/inertial_macros.xacro
[0.114s] -- Symlinking: /home/aliihsan/robot_ws/install/multi_robot_arm/share/multi_robot_arm/urdf/lidar.xacro
[0.122s] -- Up-to-date symlink: /home/aliihsan/robot_ws/install/multi_robot_arm/share/multi_robot_arm/urdf/macros.xacro
[0.122s] -- Up-to-date symlink: /home/aliihsan/robot_ws/install/multi_robot_arm/share/multi_robot_arm/urdf/materials.xacro
[0.123s] -- Up-to-date symlink: /home/aliihsan/robot_ws/install/multi_robot_arm/share/multi_robot_arm/urdf/omni_drive.urdf.xacro
[0.123s] -- Up-to-date symlink: /home/aliihsan/robot_ws/install/multi_robot_arm/share/multi_robot_arm/urdf/ur/inc/ur_common.xacro
[0.123s] -- Up-to-date symlink: /home/aliihsan/robot_ws/install/multi_robot_arm/share/multi_robot_arm/urdf/ur/inc/ur_transmissions.xacro
[0.123s] -- Up-to-date symlink: /home/aliihsan/robot_ws/install/multi_robot_arm/share/multi_robot_arm/urdf/ur/meshes/ur5/collision/base.stl
[0.123s] -- Up-to-date symlink: /home/aliihsan/robot_ws/install/multi_robot_arm/share/multi_robot_arm/urdf/ur/meshes/ur5/collision/forearm.stl
[0.123s] -- Up-to-date symlink: /home/aliihsan/robot_ws/install/multi_robot_arm/share/multi_robot_arm/urdf/ur/meshes/ur5/collision/shoulder.stl
[0.123s] -- Up-to-date symlink: /home/aliihsan/robot_ws/install/multi_robot_arm/share/multi_robot_arm/urdf/ur/meshes/ur5/collision/upperarm.stl
[0.123s] -- Up-to-date symlink: /home/aliihsan/robot_ws/install/multi_robot_arm/share/multi_robot_arm/urdf/ur/meshes/ur5/collision/wrist1.stl
[0.124s] -- Up-to-date symlink: /home/aliihsan/robot_ws/install/multi_robot_arm/share/multi_robot_arm/urdf/ur/meshes/ur5/collision/wrist2.stl
[0.124s] -- Up-to-date symlink: /home/aliihsan/robot_ws/install/multi_robot_arm/share/multi_robot_arm/urdf/ur/meshes/ur5/collision/wrist3.stl
[0.124s] -- Up-to-date symlink: /home/aliihsan/robot_ws/install/multi_robot_arm/share/multi_robot_arm/urdf/ur/meshes/ur5/visual/base.dae
[0.124s] -- Up-to-date symlink: /home/aliihsan/robot_ws/install/multi_robot_arm/share/multi_robot_arm/urdf/ur/meshes/ur5/visual/forearm.dae
[0.124s] -- Up-to-date symlink: /home/aliihsan/robot_ws/install/multi_robot_arm/share/multi_robot_arm/urdf/ur/meshes/ur5/visual/shoulder.dae
[0.124s] -- Up-to-date symlink: /home/aliihsan/robot_ws/install/multi_robot_arm/share/multi_robot_arm/urdf/ur/meshes/ur5/visual/upperarm.dae
[0.124s] -- Up-to-date symlink: /home/aliihsan/robot_ws/install/multi_robot_arm/share/multi_robot_arm/urdf/ur/meshes/ur5/visual/wrist1.dae
[0.125s] -- Up-to-date symlink: /home/aliihsan/robot_ws/install/multi_robot_arm/share/multi_robot_arm/urdf/ur/meshes/ur5/visual/wrist2.dae
[0.125s] -- Up-to-date symlink: /home/aliihsan/robot_ws/install/multi_robot_arm/share/multi_robot_arm/urdf/ur/meshes/ur5/visual/wrist3.dae
[0.125s] -- Up-to-date symlink: /home/aliihsan/robot_ws/install/multi_robot_arm/share/multi_robot_arm/urdf/ur/ur5/ur_macro.xacro
[0.125s] -- Up-to-date symlink: /home/aliihsan/robot_ws/install/multi_robot_arm/share/multi_robot_arm/urdf/ur/ur5/ur_ros2_control.xacro
[0.125s] -- Up-to-date symlink: /home/aliihsan/robot_ws/install/multi_robot_arm/share/multi_robot_arm/urdf/ur/ur5/ur_urdf.xacro
[0.126s] -- Up-to-date symlink: /home/aliihsan/robot_ws/install/multi_robot_arm/share/multi_robot_arm/meshes/arm_base.stl
[0.126s] -- Up-to-date symlink: /home/aliihsan/robot_ws/install/multi_robot_arm/share/multi_robot_arm/meshes/bcr_bot_mesh.dae
[0.126s] -- Up-to-date symlink: /home/aliihsan/robot_ws/install/multi_robot_arm/share/multi_robot_arm/meshes/bicep.stl
[0.126s] -- Up-to-date symlink: /home/aliihsan/robot_ws/install/multi_robot_arm/share/multi_robot_arm/meshes/elbow.stl
[0.126s] -- Up-to-date symlink: /home/aliihsan/robot_ws/install/multi_robot_arm/share/multi_robot_arm/meshes/kinect/d415.dae
[0.126s] -- Up-to-date symlink: /home/aliihsan/robot_ws/install/multi_robot_arm/share/multi_robot_arm/meshes/kinect/kinect.dae
[0.126s] -- Up-to-date symlink: /home/aliihsan/robot_ws/install/multi_robot_arm/share/multi_robot_arm/meshes/kinect/kinect.jpg
[0.127s] -- Up-to-date symlink: /home/aliihsan/robot_ws/install/multi_robot_arm/share/multi_robot_arm/meshes/kinect/kinect.tga
[0.127s] -- Up-to-date symlink: /home/aliihsan/robot_ws/install/multi_robot_arm/share/multi_robot_arm/meshes/logo.png
[0.127s] -- Up-to-date symlink: /home/aliihsan/robot_ws/install/multi_robot_arm/share/multi_robot_arm/meshes/realsense_texture.png
[0.127s] -- Up-to-date symlink: /home/aliihsan/robot_ws/install/multi_robot_arm/share/multi_robot_arm/meshes/robot_base.stl
[0.127s] -- Up-to-date symlink: /home/aliihsan/robot_ws/install/multi_robot_arm/share/multi_robot_arm/meshes/wheel.stl
[0.127s] -- Up-to-date symlink: /home/aliihsan/robot_ws/install/multi_robot_arm/share/multi_robot_arm/meshes/wrist.stl
[0.127s] [31mCMake Error at ament_cmake_symlink_install/ament_cmake_symlink_install.cmake:100 (message):
[0.128s]   ament_cmake_symlink_install_directory() can't find
[0.128s]   '/home/aliihsan/robot_ws/src/multi_robot_arm/description'
[0.128s] Call Stack (most recent call first):
[0.128s]   ament_cmake_symlink_install/ament_cmake_symlink_install.cmake:314 (ament_cmake_symlink_install_directory)
[0.128s]   cmake_install.cmake:46 (include)
[0.128s] 
[0.128s] [0m
[0.130s] Invoked command in '/home/aliihsan/robot_ws/build/multi_robot_arm' returned '1': CMAKE_PREFIX_PATH=${CMAKE_PREFIX_PATH}:/opt/ros/humble /usr/bin/cmake --install /home/aliihsan/robot_ws/build/multi_robot_arm
