-- Install configuration: ""
-- Execute custom install script
-- Up-to-date symlink: /home/aliihsan/robot_ws/install/multi_robot_arm/share/multi_robot_arm/launch/gazebo_arm.launch.py
-- Up-to-date symlink: /home/aliihsan/robot_ws/install/multi_robot_arm/share/multi_robot_arm/launch/simple_bot.launch.py
-- Up-to-date symlink: /home/aliihsan/robot_ws/install/multi_robot_arm/share/multi_robot_arm/config/ball_tracker_params_robot.yaml
-- Up-to-date symlink: /home/aliihsan/robot_ws/install/multi_robot_arm/share/multi_robot_arm/config/ball_tracker_params_sim.yaml
-- Up-to-date symlink: /home/aliihsan/robot_ws/install/multi_robot_arm/share/multi_robot_arm/config/control.yaml
-- Up-to-date symlink: /home/aliihsan/robot_ws/install/multi_robot_arm/share/multi_robot_arm/config/gaz_ros2_ctl_use_sim.yaml
-- Up-to-date symlink: /home/aliihsan/robot_ws/install/multi_robot_arm/share/multi_robot_arm/config/gazebo_params.yaml
-- Up-to-date symlink: /home/aliihsan/robot_ws/install/multi_robot_arm/share/multi_robot_arm/config/joystick.yaml
-- Up-to-date symlink: /home/aliihsan/robot_ws/install/multi_robot_arm/share/multi_robot_arm/config/main.rviz
-- Up-to-date symlink: /home/aliihsan/robot_ws/install/multi_robot_arm/share/multi_robot_arm/config/map.rviz
-- Up-to-date symlink: /home/aliihsan/robot_ws/install/multi_robot_arm/share/multi_robot_arm/config/mapper_params_online_async.yaml
-- Up-to-date symlink: /home/aliihsan/robot_ws/install/multi_robot_arm/share/multi_robot_arm/config/my_controllers.yaml
-- Up-to-date symlink: /home/aliihsan/robot_ws/install/multi_robot_arm/share/multi_robot_arm/config/nav2_params.yaml
-- Up-to-date symlink: /home/aliihsan/robot_ws/install/multi_robot_arm/share/multi_robot_arm/config/twist_mux.yaml
-- Up-to-date symlink: /home/aliihsan/robot_ws/install/multi_robot_arm/share/multi_robot_arm/config/ur/ur5/chomp_planning.yaml
-- Up-to-date symlink: /home/aliihsan/robot_ws/install/multi_robot_arm/share/multi_robot_arm/config/ur/ur5/default_kinematics.yaml
-- Up-to-date symlink: /home/aliihsan/robot_ws/install/multi_robot_arm/share/multi_robot_arm/config/ur/ur5/initial_positions.yaml
-- Up-to-date symlink: /home/aliihsan/robot_ws/install/multi_robot_arm/share/multi_robot_arm/config/ur/ur5/joint_limits.yaml
-- Up-to-date symlink: /home/aliihsan/robot_ws/install/multi_robot_arm/share/multi_robot_arm/config/ur/ur5/joint_limits_planning.yaml
-- Up-to-date symlink: /home/aliihsan/robot_ws/install/multi_robot_arm/share/multi_robot_arm/config/ur/ur5/kinematics.yaml
-- Up-to-date symlink: /home/aliihsan/robot_ws/install/multi_robot_arm/share/multi_robot_arm/config/ur/ur5/moveit_controller_manager.yaml
-- Up-to-date symlink: /home/aliihsan/robot_ws/install/multi_robot_arm/share/multi_robot_arm/config/ur/ur5/ompl_planning.yaml
-- Up-to-date symlink: /home/aliihsan/robot_ws/install/multi_robot_arm/share/multi_robot_arm/config/ur/ur5/physical_parameters.yaml
-- Up-to-date symlink: /home/aliihsan/robot_ws/install/multi_robot_arm/share/multi_robot_arm/config/ur/ur5/robot.srdf
-- Up-to-date symlink: /home/aliihsan/robot_ws/install/multi_robot_arm/share/multi_robot_arm/config/ur/ur5/ros_controllers_robot.yaml
-- Up-to-date symlink: /home/aliihsan/robot_ws/install/multi_robot_arm/share/multi_robot_arm/config/ur/ur5/visual_parameters.yaml
-- Symlinking: /home/aliihsan/robot_ws/install/multi_robot_arm/share/multi_robot_arm/urdf/bcr_bot.xacro
-- Up-to-date symlink: /home/aliihsan/robot_ws/install/multi_robot_arm/share/multi_robot_arm/urdf/common_properties.urdf
-- Up-to-date symlink: /home/aliihsan/robot_ws/install/multi_robot_arm/share/multi_robot_arm/urdf/diffbot.urdf.xacro
-- Up-to-date symlink: /home/aliihsan/robot_ws/install/multi_robot_arm/share/multi_robot_arm/urdf/diffbot_system.urdf.xacro
-- Symlinking: /home/aliihsan/robot_ws/install/multi_robot_arm/share/multi_robot_arm/urdf/gazebo.xacro
-- Up-to-date symlink: /home/aliihsan/robot_ws/install/multi_robot_arm/share/multi_robot_arm/urdf/gazebo_control.xacro
-- Symlinking: /home/aliihsan/robot_ws/install/multi_robot_arm/share/multi_robot_arm/urdf/gz.xacro
-- Up-to-date symlink: /home/aliihsan/robot_ws/install/multi_robot_arm/share/multi_robot_arm/urdf/inertial_macros.xacro
-- Symlinking: /home/aliihsan/robot_ws/install/multi_robot_arm/share/multi_robot_arm/urdf/macros.xacro
-- Symlinking: /home/aliihsan/robot_ws/install/multi_robot_arm/share/multi_robot_arm/urdf/materials.xacro
-- Up-to-date symlink: /home/aliihsan/robot_ws/install/multi_robot_arm/share/multi_robot_arm/urdf/omni_drive.urdf.xacro
-- Up-to-date symlink: /home/aliihsan/robot_ws/install/multi_robot_arm/share/multi_robot_arm/urdf/turtlebot3_burger.urdf
-- Up-to-date symlink: /home/aliihsan/robot_ws/install/multi_robot_arm/share/multi_robot_arm/urdf/turtlebot3_waffle.urdf
-- Up-to-date symlink: /home/aliihsan/robot_ws/install/multi_robot_arm/share/multi_robot_arm/urdf/turtlebot3_waffle_pi.urdf
-- Up-to-date symlink: /home/aliihsan/robot_ws/install/multi_robot_arm/share/multi_robot_arm/urdf/ur/inc/ur_common.xacro
-- Up-to-date symlink: /home/aliihsan/robot_ws/install/multi_robot_arm/share/multi_robot_arm/urdf/ur/inc/ur_transmissions.xacro
-- Up-to-date symlink: /home/aliihsan/robot_ws/install/multi_robot_arm/share/multi_robot_arm/urdf/ur/meshes/ur5/collision/base.stl
-- Up-to-date symlink: /home/aliihsan/robot_ws/install/multi_robot_arm/share/multi_robot_arm/urdf/ur/meshes/ur5/collision/forearm.stl
-- Up-to-date symlink: /home/aliihsan/robot_ws/install/multi_robot_arm/share/multi_robot_arm/urdf/ur/meshes/ur5/collision/shoulder.stl
-- Up-to-date symlink: /home/aliihsan/robot_ws/install/multi_robot_arm/share/multi_robot_arm/urdf/ur/meshes/ur5/collision/upperarm.stl
-- Up-to-date symlink: /home/aliihsan/robot_ws/install/multi_robot_arm/share/multi_robot_arm/urdf/ur/meshes/ur5/collision/wrist1.stl
-- Up-to-date symlink: /home/aliihsan/robot_ws/install/multi_robot_arm/share/multi_robot_arm/urdf/ur/meshes/ur5/collision/wrist2.stl
-- Up-to-date symlink: /home/aliihsan/robot_ws/install/multi_robot_arm/share/multi_robot_arm/urdf/ur/meshes/ur5/collision/wrist3.stl
-- Up-to-date symlink: /home/aliihsan/robot_ws/install/multi_robot_arm/share/multi_robot_arm/urdf/ur/meshes/ur5/visual/base.dae
-- Up-to-date symlink: /home/aliihsan/robot_ws/install/multi_robot_arm/share/multi_robot_arm/urdf/ur/meshes/ur5/visual/forearm.dae
-- Up-to-date symlink: /home/aliihsan/robot_ws/install/multi_robot_arm/share/multi_robot_arm/urdf/ur/meshes/ur5/visual/shoulder.dae
-- Up-to-date symlink: /home/aliihsan/robot_ws/install/multi_robot_arm/share/multi_robot_arm/urdf/ur/meshes/ur5/visual/upperarm.dae
-- Up-to-date symlink: /home/aliihsan/robot_ws/install/multi_robot_arm/share/multi_robot_arm/urdf/ur/meshes/ur5/visual/wrist1.dae
-- Up-to-date symlink: /home/aliihsan/robot_ws/install/multi_robot_arm/share/multi_robot_arm/urdf/ur/meshes/ur5/visual/wrist2.dae
-- Up-to-date symlink: /home/aliihsan/robot_ws/install/multi_robot_arm/share/multi_robot_arm/urdf/ur/meshes/ur5/visual/wrist3.dae
-- Up-to-date symlink: /home/aliihsan/robot_ws/install/multi_robot_arm/share/multi_robot_arm/urdf/ur/ur5/ur_macro.xacro
-- Up-to-date symlink: /home/aliihsan/robot_ws/install/multi_robot_arm/share/multi_robot_arm/urdf/ur/ur5/ur_ros2_control.xacro
-- Up-to-date symlink: /home/aliihsan/robot_ws/install/multi_robot_arm/share/multi_robot_arm/urdf/ur/ur5/ur_urdf.xacro
-- Up-to-date symlink: /home/aliihsan/robot_ws/install/multi_robot_arm/share/multi_robot_arm/models/arm_base.stl
-- Up-to-date symlink: /home/aliihsan/robot_ws/install/multi_robot_arm/share/multi_robot_arm/models/bicep.stl
-- Up-to-date symlink: /home/aliihsan/robot_ws/install/multi_robot_arm/share/multi_robot_arm/models/elbow.stl
-- Up-to-date symlink: /home/aliihsan/robot_ws/install/multi_robot_arm/share/multi_robot_arm/models/robot_base.stl
-- Up-to-date symlink: /home/aliihsan/robot_ws/install/multi_robot_arm/share/multi_robot_arm/models/turtlebot3_burger_0 copy/model-1_4.sdf
-- Up-to-date symlink: /home/aliihsan/robot_ws/install/multi_robot_arm/share/multi_robot_arm/models/turtlebot3_burger_0 copy/model.config
-- Up-to-date symlink: /home/aliihsan/robot_ws/install/multi_robot_arm/share/multi_robot_arm/models/turtlebot3_burger_0 copy/model.sdf
-- Up-to-date symlink: /home/aliihsan/robot_ws/install/multi_robot_arm/share/multi_robot_arm/models/turtlebot3_burger_0/model-1_4.sdf
-- Up-to-date symlink: /home/aliihsan/robot_ws/install/multi_robot_arm/share/multi_robot_arm/models/turtlebot3_burger_0/model.config
-- Up-to-date symlink: /home/aliihsan/robot_ws/install/multi_robot_arm/share/multi_robot_arm/models/turtlebot3_burger_0/model.sdf
-- Up-to-date symlink: /home/aliihsan/robot_ws/install/multi_robot_arm/share/multi_robot_arm/models/turtlebot3_burger_1/model-1_4.sdf
-- Up-to-date symlink: /home/aliihsan/robot_ws/install/multi_robot_arm/share/multi_robot_arm/models/turtlebot3_burger_1/model.config
-- Up-to-date symlink: /home/aliihsan/robot_ws/install/multi_robot_arm/share/multi_robot_arm/models/turtlebot3_burger_1/model.sdf
-- Up-to-date symlink: /home/aliihsan/robot_ws/install/multi_robot_arm/share/multi_robot_arm/models/turtlebot3_common/meshes/burger_base.dae
-- Up-to-date symlink: /home/aliihsan/robot_ws/install/multi_robot_arm/share/multi_robot_arm/models/turtlebot3_common/meshes/lds.dae
-- Up-to-date symlink: /home/aliihsan/robot_ws/install/multi_robot_arm/share/multi_robot_arm/models/turtlebot3_common/meshes/r200.dae
-- Up-to-date symlink: /home/aliihsan/robot_ws/install/multi_robot_arm/share/multi_robot_arm/models/turtlebot3_common/meshes/tire.dae
-- Up-to-date symlink: /home/aliihsan/robot_ws/install/multi_robot_arm/share/multi_robot_arm/models/turtlebot3_common/meshes/waffle_base.dae
-- Up-to-date symlink: /home/aliihsan/robot_ws/install/multi_robot_arm/share/multi_robot_arm/models/turtlebot3_common/meshes/waffle_pi_base.dae
-- Up-to-date symlink: /home/aliihsan/robot_ws/install/multi_robot_arm/share/multi_robot_arm/models/turtlebot3_common/model.config
-- Up-to-date symlink: /home/aliihsan/robot_ws/install/multi_robot_arm/share/multi_robot_arm/models/turtlebot3_dqn_world/goal_box/model.config
-- Up-to-date symlink: /home/aliihsan/robot_ws/install/multi_robot_arm/share/multi_robot_arm/models/turtlebot3_dqn_world/goal_box/model.sdf
-- Up-to-date symlink: /home/aliihsan/robot_ws/install/multi_robot_arm/share/multi_robot_arm/models/turtlebot3_dqn_world/inner_walls/model.config
-- Up-to-date symlink: /home/aliihsan/robot_ws/install/multi_robot_arm/share/multi_robot_arm/models/turtlebot3_dqn_world/inner_walls/model.sdf
-- Up-to-date symlink: /home/aliihsan/robot_ws/install/multi_robot_arm/share/multi_robot_arm/models/turtlebot3_dqn_world/model.config
-- Up-to-date symlink: /home/aliihsan/robot_ws/install/multi_robot_arm/share/multi_robot_arm/models/turtlebot3_dqn_world/model.sdf
-- Up-to-date symlink: /home/aliihsan/robot_ws/install/multi_robot_arm/share/multi_robot_arm/models/turtlebot3_dqn_world/obstacle1/model.config
-- Up-to-date symlink: /home/aliihsan/robot_ws/install/multi_robot_arm/share/multi_robot_arm/models/turtlebot3_dqn_world/obstacle1/model.sdf
-- Up-to-date symlink: /home/aliihsan/robot_ws/install/multi_robot_arm/share/multi_robot_arm/models/turtlebot3_dqn_world/obstacle2/model.config
-- Up-to-date symlink: /home/aliihsan/robot_ws/install/multi_robot_arm/share/multi_robot_arm/models/turtlebot3_dqn_world/obstacle2/model.sdf
-- Up-to-date symlink: /home/aliihsan/robot_ws/install/multi_robot_arm/share/multi_robot_arm/models/turtlebot3_dqn_world/obstacle_plugin/CMakeLists.txt
-- Up-to-date symlink: /home/aliihsan/robot_ws/install/multi_robot_arm/share/multi_robot_arm/models/turtlebot3_dqn_world/obstacle_plugin/obstacle1.cc
-- Up-to-date symlink: /home/aliihsan/robot_ws/install/multi_robot_arm/share/multi_robot_arm/models/turtlebot3_dqn_world/obstacle_plugin/obstacle2.cc
-- Up-to-date symlink: /home/aliihsan/robot_ws/install/multi_robot_arm/share/multi_robot_arm/models/turtlebot3_dqn_world/obstacle_plugin/obstacles.cc
-- Up-to-date symlink: /home/aliihsan/robot_ws/install/multi_robot_arm/share/multi_robot_arm/models/turtlebot3_dqn_world/obstacles/model.config
-- Up-to-date symlink: /home/aliihsan/robot_ws/install/multi_robot_arm/share/multi_robot_arm/models/turtlebot3_dqn_world/obstacles/model.sdf
-- Up-to-date symlink: /home/aliihsan/robot_ws/install/multi_robot_arm/share/multi_robot_arm/models/turtlebot3_house/model.config
-- Up-to-date symlink: /home/aliihsan/robot_ws/install/multi_robot_arm/share/multi_robot_arm/models/turtlebot3_house/model.sdf
-- Up-to-date symlink: /home/aliihsan/robot_ws/install/multi_robot_arm/share/multi_robot_arm/models/turtlebot3_waffle/model-1_4.sdf
-- Up-to-date symlink: /home/aliihsan/robot_ws/install/multi_robot_arm/share/multi_robot_arm/models/turtlebot3_waffle/model.config
-- Up-to-date symlink: /home/aliihsan/robot_ws/install/multi_robot_arm/share/multi_robot_arm/models/turtlebot3_waffle/model.sdf
-- Up-to-date symlink: /home/aliihsan/robot_ws/install/multi_robot_arm/share/multi_robot_arm/models/turtlebot3_waffle_pi/model-1_4_.sdf
-- Up-to-date symlink: /home/aliihsan/robot_ws/install/multi_robot_arm/share/multi_robot_arm/models/turtlebot3_waffle_pi/model.config
-- Up-to-date symlink: /home/aliihsan/robot_ws/install/multi_robot_arm/share/multi_robot_arm/models/turtlebot3_waffle_pi/model.sdf
-- Up-to-date symlink: /home/aliihsan/robot_ws/install/multi_robot_arm/share/multi_robot_arm/models/turtlebot3_world/meshes/hexagon.dae
-- Up-to-date symlink: /home/aliihsan/robot_ws/install/multi_robot_arm/share/multi_robot_arm/models/turtlebot3_world/meshes/wall.dae
-- Up-to-date symlink: /home/aliihsan/robot_ws/install/multi_robot_arm/share/multi_robot_arm/models/turtlebot3_world/model-1_4.sdf
-- Up-to-date symlink: /home/aliihsan/robot_ws/install/multi_robot_arm/share/multi_robot_arm/models/turtlebot3_world/model.config
-- Up-to-date symlink: /home/aliihsan/robot_ws/install/multi_robot_arm/share/multi_robot_arm/models/turtlebot3_world/model.sdf
-- Up-to-date symlink: /home/aliihsan/robot_ws/install/multi_robot_arm/share/multi_robot_arm/models/wheel.stl
-- Up-to-date symlink: /home/aliihsan/robot_ws/install/multi_robot_arm/share/multi_robot_arm/models/wrist.stl
-- Up-to-date symlink: /home/aliihsan/robot_ws/install/multi_robot_arm/share/multi_robot_arm/meshes/arm_base.stl
-- Symlinking: /home/aliihsan/robot_ws/install/multi_robot_arm/share/multi_robot_arm/meshes/bcr_bot_mesh.dae
-- Up-to-date symlink: /home/aliihsan/robot_ws/install/multi_robot_arm/share/multi_robot_arm/meshes/bicep.stl
-- Up-to-date symlink: /home/aliihsan/robot_ws/install/multi_robot_arm/share/multi_robot_arm/meshes/elbow.stl
-- Symlinking: /home/aliihsan/robot_ws/install/multi_robot_arm/share/multi_robot_arm/meshes/kinect/d415.dae
-- Symlinking: /home/aliihsan/robot_ws/install/multi_robot_arm/share/multi_robot_arm/meshes/kinect/kinect.dae
-- Symlinking: /home/aliihsan/robot_ws/install/multi_robot_arm/share/multi_robot_arm/meshes/kinect/kinect.jpg
-- Symlinking: /home/aliihsan/robot_ws/install/multi_robot_arm/share/multi_robot_arm/meshes/kinect/kinect.tga
-- Symlinking: /home/aliihsan/robot_ws/install/multi_robot_arm/share/multi_robot_arm/meshes/logo.png
-- Symlinking: /home/aliihsan/robot_ws/install/multi_robot_arm/share/multi_robot_arm/meshes/realsense_texture.png
-- Up-to-date symlink: /home/aliihsan/robot_ws/install/multi_robot_arm/share/multi_robot_arm/meshes/robot_base.stl
-- Up-to-date symlink: /home/aliihsan/robot_ws/install/multi_robot_arm/share/multi_robot_arm/meshes/wheel.stl
-- Up-to-date symlink: /home/aliihsan/robot_ws/install/multi_robot_arm/share/multi_robot_arm/meshes/wrist.stl
-- Up-to-date symlink: /home/aliihsan/robot_ws/install/multi_robot_arm/share/multi_robot_arm/description/camera.xacro
-- Up-to-date symlink: /home/aliihsan/robot_ws/install/multi_robot_arm/share/multi_robot_arm/description/depth_camera.xacro
-- Up-to-date symlink: /home/aliihsan/robot_ws/install/multi_robot_arm/share/multi_robot_arm/description/face.xacro
-- Up-to-date symlink: /home/aliihsan/robot_ws/install/multi_robot_arm/share/multi_robot_arm/description/gazebo_control.xacro
-- Up-to-date symlink: /home/aliihsan/robot_ws/install/multi_robot_arm/share/multi_robot_arm/description/inertial_macros.xacro
-- Up-to-date symlink: /home/aliihsan/robot_ws/install/multi_robot_arm/share/multi_robot_arm/description/lidar.xacro
-- Up-to-date symlink: /home/aliihsan/robot_ws/install/multi_robot_arm/share/multi_robot_arm/description/robot.urdf.xacro
-- Up-to-date symlink: /home/aliihsan/robot_ws/install/multi_robot_arm/share/multi_robot_arm/description/robot_core.xacro
-- Up-to-date symlink: /home/aliihsan/robot_ws/install/multi_robot_arm/share/multi_robot_arm/description/ros2_control.xacro
-- Up-to-date symlink: /home/aliihsan/robot_ws/install/multi_robot_arm/share/multi_robot_arm/worlds/empty.world
-- Up-to-date symlink: /home/aliihsan/robot_ws/install/multi_robot_arm/share/multi_robot_arm/worlds/warehouse.world
-- Up-to-date symlink: /home/aliihsan/robot_ws/install/multi_robot_arm/share/multi_robot_arm/environment/multi_robot_arm.dsv
-- Up-to-date symlink: /home/aliihsan/robot_ws/install/multi_robot_arm/share/ament_index/resource_index/package_run_dependencies/multi_robot_arm
-- Up-to-date symlink: /home/aliihsan/robot_ws/install/multi_robot_arm/share/ament_index/resource_index/parent_prefix_path/multi_robot_arm
-- Up-to-date symlink: /home/aliihsan/robot_ws/install/multi_robot_arm/share/multi_robot_arm/environment/ament_prefix_path.sh
-- Up-to-date symlink: /home/aliihsan/robot_ws/install/multi_robot_arm/share/multi_robot_arm/environment/ament_prefix_path.dsv
-- Up-to-date symlink: /home/aliihsan/robot_ws/install/multi_robot_arm/share/multi_robot_arm/environment/path.sh
-- Up-to-date symlink: /home/aliihsan/robot_ws/install/multi_robot_arm/share/multi_robot_arm/environment/path.dsv
-- Up-to-date symlink: /home/aliihsan/robot_ws/install/multi_robot_arm/share/multi_robot_arm/local_setup.bash
-- Up-to-date symlink: /home/aliihsan/robot_ws/install/multi_robot_arm/share/multi_robot_arm/local_setup.sh
-- Up-to-date symlink: /home/aliihsan/robot_ws/install/multi_robot_arm/share/multi_robot_arm/local_setup.zsh
-- Up-to-date symlink: /home/aliihsan/robot_ws/install/multi_robot_arm/share/multi_robot_arm/local_setup.dsv
-- Symlinking: /home/aliihsan/robot_ws/install/multi_robot_arm/share/multi_robot_arm/package.dsv
-- Up-to-date symlink: /home/aliihsan/robot_ws/install/multi_robot_arm/share/ament_index/resource_index/packages/multi_robot_arm
-- Up-to-date symlink: /home/aliihsan/robot_ws/install/multi_robot_arm/share/multi_robot_arm/cmake/multi_robot_armConfig.cmake
-- Up-to-date symlink: /home/aliihsan/robot_ws/install/multi_robot_arm/share/multi_robot_arm/cmake/multi_robot_armConfig-version.cmake
-- Up-to-date symlink: /home/aliihsan/robot_ws/install/multi_robot_arm/share/multi_robot_arm/package.xml
