running develop
/usr/lib/python3/dist-packages/setuptools/command/easy_install.py:158: EasyInstallDeprecationWarning: easy_install command is deprecated. Use build and pip and other standards-based tools.
  warnings.warn(
/usr/lib/python3/dist-packages/setuptools/command/install.py:34: SetuptoolsDeprecationWarning: setup.py install is deprecated. Use build and pip and other standards-based tools.
  warnings.warn(
Removing /home/aliihsan/robot_ws/install/nav2_simple_commander/lib/python3.10/site-packages/nav2-simple-commander.egg-link (link to .)
running egg_info
writing ../../build/nav2_simple_commander/nav2_simple_commander.egg-info/PKG-INFO
writing dependency_links to ../../build/nav2_simple_commander/nav2_simple_commander.egg-info/dependency_links.txt
writing entry points to ../../build/nav2_simple_commander/nav2_simple_commander.egg-info/entry_points.txt
writing requirements to ../../build/nav2_simple_commander/nav2_simple_commander.egg-info/requires.txt
writing top-level names to ../../build/nav2_simple_commander/nav2_simple_commander.egg-info/top_level.txt
reading manifest file '../../build/nav2_simple_commander/nav2_simple_commander.egg-info/SOURCES.txt'
writing manifest file '../../build/nav2_simple_commander/nav2_simple_commander.egg-info/SOURCES.txt'
running build
running build_py
creating /home/aliihsan/robot_ws/build/nav2_simple_commander/build
creating /home/aliihsan/robot_ws/build/nav2_simple_commander/build/lib
creating /home/aliihsan/robot_ws/build/nav2_simple_commander/build/lib/nav2_simple_commander
copying nav2_simple_commander/__init__.py -> /home/aliihsan/robot_ws/build/nav2_simple_commander/build/lib/nav2_simple_commander
copying nav2_simple_commander/example_follow_path.py -> /home/aliihsan/robot_ws/build/nav2_simple_commander/build/lib/nav2_simple_commander
running install
running install_lib
/usr/lib/python3/dist-packages/setuptools/command/install.py:34: SetuptoolsDeprecationWarning: setup.py install is deprecated. Use build and pip and other standards-based tools.
  warnings.warn(
creating /home/aliihsan/robot_ws/install/nav2_simple_commander/lib/python3.10/site-packages/nav2_simple_commander
copying /home/aliihsan/robot_ws/build/nav2_simple_commander/build/lib/nav2_simple_commander/__init__.py -> /home/aliihsan/robot_ws/install/nav2_simple_commander/lib/python3.10/site-packages/nav2_simple_commander
copying /home/aliihsan/robot_ws/build/nav2_simple_commander/build/lib/nav2_simple_commander/example_follow_path.py -> /home/aliihsan/robot_ws/install/nav2_simple_commander/lib/python3.10/site-packages/nav2_simple_commander
byte-compiling /home/aliihsan/robot_ws/install/nav2_simple_commander/lib/python3.10/site-packages/nav2_simple_commander/__init__.py to __init__.cpython-310.pyc
byte-compiling /home/aliihsan/robot_ws/install/nav2_simple_commander/lib/python3.10/site-packages/nav2_simple_commander/example_follow_path.py to example_follow_path.cpython-310.pyc
running install_data
copying package.xml -> /home/aliihsan/robot_ws/install/nav2_simple_commander/share/nav2_simple_commander
running install_egg_info
Copying ../../build/nav2_simple_commander/nav2_simple_commander.egg-info to /home/aliihsan/robot_ws/install/nav2_simple_commander/lib/python3.10/site-packages/nav2_simple_commander-0.0.0-py3.10.egg-info
running install_scripts
Installing example_follow_path script to /home/aliihsan/robot_ws/install/nav2_simple_commander/lib/nav2_simple_commander
writing list of installed files to '/home/aliihsan/robot_ws/build/nav2_simple_commander/install.log'
