[0.759s] Invoking command in '/home/aliihsan/robot_ws/build/nav2_simple_commander': PYTHONPATH=/home/aliihsan/robot_ws/build/nav2_simple_commander/prefix_override:/home/aliihsan/robot_ws/install/nav2_simple_commander/lib/python3.10/site-packages:${PYTHONPATH} /usr/bin/python3 setup.py develop --uninstall --editable --build-directory /home/aliihsan/robot_ws/build/nav2_simple_commander/build
[1.044s] running develop
[1.044s] /usr/lib/python3/dist-packages/setuptools/command/easy_install.py:158: EasyInstallDeprecationWarning: easy_install command is deprecated. Use build and pip and other standards-based tools.
[1.044s]   warnings.warn(
[1.046s] /usr/lib/python3/dist-packages/setuptools/command/install.py:34: SetuptoolsDeprecationWarning: setup.py install is deprecated. Use build and pip and other standards-based tools.
[1.046s]   warnings.warn(
[1.271s] Removing /home/aliihsan/robot_ws/install/nav2_simple_commander/lib/python3.10/site-packages/nav2-simple-commander.egg-link (link to .)
[1.298s] Invoked command in '/home/aliihsan/robot_ws/build/nav2_simple_commander' returned '0': PYTHONPATH=/home/aliihsan/robot_ws/build/nav2_simple_commander/prefix_override:/home/aliihsan/robot_ws/install/nav2_simple_commander/lib/python3.10/site-packages:${PYTHONPATH} /usr/bin/python3 setup.py develop --uninstall --editable --build-directory /home/aliihsan/robot_ws/build/nav2_simple_commander/build
[1.300s] Invoking command in '/home/aliihsan/robot_ws/src/nav2_simple_commander': PYTHONPATH=/home/aliihsan/robot_ws/build/nav2_simple_commander/prefix_override:/home/aliihsan/robot_ws/install/nav2_simple_commander/lib/python3.10/site-packages:${PYTHONPATH} /usr/bin/python3 setup.py egg_info --egg-base ../../build/nav2_simple_commander build --build-base /home/aliihsan/robot_ws/build/nav2_simple_commander/build install --record /home/aliihsan/robot_ws/build/nav2_simple_commander/install.log --single-version-externally-managed
[1.592s] running egg_info
[1.593s] writing ../../build/nav2_simple_commander/nav2_simple_commander.egg-info/PKG-INFO
[1.593s] writing dependency_links to ../../build/nav2_simple_commander/nav2_simple_commander.egg-info/dependency_links.txt
[1.593s] writing entry points to ../../build/nav2_simple_commander/nav2_simple_commander.egg-info/entry_points.txt
[1.593s] writing requirements to ../../build/nav2_simple_commander/nav2_simple_commander.egg-info/requires.txt
[1.594s] writing top-level names to ../../build/nav2_simple_commander/nav2_simple_commander.egg-info/top_level.txt
[1.596s] reading manifest file '../../build/nav2_simple_commander/nav2_simple_commander.egg-info/SOURCES.txt'
[1.598s] writing manifest file '../../build/nav2_simple_commander/nav2_simple_commander.egg-info/SOURCES.txt'
[1.598s] running build
[1.598s] running build_py
[1.598s] creating /home/aliihsan/robot_ws/build/nav2_simple_commander/build
[1.598s] creating /home/aliihsan/robot_ws/build/nav2_simple_commander/build/lib
[1.598s] creating /home/aliihsan/robot_ws/build/nav2_simple_commander/build/lib/nav2_simple_commander
[1.599s] copying nav2_simple_commander/__init__.py -> /home/aliihsan/robot_ws/build/nav2_simple_commander/build/lib/nav2_simple_commander
[1.599s] copying nav2_simple_commander/example_follow_path.py -> /home/aliihsan/robot_ws/build/nav2_simple_commander/build/lib/nav2_simple_commander
[1.599s] running install
[1.600s] running install_lib
[1.600s] /usr/lib/python3/dist-packages/setuptools/command/install.py:34: SetuptoolsDeprecationWarning: setup.py install is deprecated. Use build and pip and other standards-based tools.
[1.600s]   warnings.warn(
[1.600s] creating /home/aliihsan/robot_ws/install/nav2_simple_commander/lib/python3.10/site-packages/nav2_simple_commander
[1.600s] copying /home/aliihsan/robot_ws/build/nav2_simple_commander/build/lib/nav2_simple_commander/__init__.py -> /home/aliihsan/robot_ws/install/nav2_simple_commander/lib/python3.10/site-packages/nav2_simple_commander
[1.601s] copying /home/aliihsan/robot_ws/build/nav2_simple_commander/build/lib/nav2_simple_commander/example_follow_path.py -> /home/aliihsan/robot_ws/install/nav2_simple_commander/lib/python3.10/site-packages/nav2_simple_commander
[1.601s] byte-compiling /home/aliihsan/robot_ws/install/nav2_simple_commander/lib/python3.10/site-packages/nav2_simple_commander/__init__.py to __init__.cpython-310.pyc
[1.602s] byte-compiling /home/aliihsan/robot_ws/install/nav2_simple_commander/lib/python3.10/site-packages/nav2_simple_commander/example_follow_path.py to example_follow_path.cpython-310.pyc
[1.602s] running install_data
[1.603s] copying package.xml -> /home/aliihsan/robot_ws/install/nav2_simple_commander/share/nav2_simple_commander
[1.603s] running install_egg_info
[1.607s] Copying ../../build/nav2_simple_commander/nav2_simple_commander.egg-info to /home/aliihsan/robot_ws/install/nav2_simple_commander/lib/python3.10/site-packages/nav2_simple_commander-0.0.0-py3.10.egg-info
[1.608s] running install_scripts
[1.632s] Installing example_follow_path script to /home/aliihsan/robot_ws/install/nav2_simple_commander/lib/nav2_simple_commander
[1.632s] writing list of installed files to '/home/aliihsan/robot_ws/build/nav2_simple_commander/install.log'
[1.659s] Invoked command in '/home/aliihsan/robot_ws/src/nav2_simple_commander' returned '0': PYTHONPATH=/home/aliihsan/robot_ws/build/nav2_simple_commander/prefix_override:/home/aliihsan/robot_ws/install/nav2_simple_commander/lib/python3.10/site-packages:${PYTHONPATH} /usr/bin/python3 setup.py egg_info --egg-base ../../build/nav2_simple_commander build --build-base /home/aliihsan/robot_ws/build/nav2_simple_commander/build install --record /home/aliihsan/robot_ws/build/nav2_simple_commander/install.log --single-version-externally-managed
