[0.029s] Invoking command in '/home/aliihsan/robot_ws/build/nav2_bringup': CMAKE_PREFIX_PATH=${CMAKE_PREFIX_PATH}:/home/aliihsan/robot_ws/install/nav2_simple_commander:/opt/ros/humble /usr/bin/cmake /home/aliihsan/robot_ws/src/nav2_bringup -DAMENT_CMAKE_SYMLINK_INSTALL=1 -DCMAKE_INSTALL_PREFIX=/home/aliihsan/robot_ws/install/nav2_bringup
[0.360s] -- Found ament_cmake: 1.3.5 (/opt/ros/humble/share/ament_cmake/cmake)
[0.360s] -- Override CMake install command with custom implementation using symlinks instead of copying resources
[0.361s] -- Found ament_lint_auto: 0.12.7 (/opt/ros/humble/share/ament_lint_auto/cmake)
[0.361s] -- Added test 'flake8' to check Python code syntax and style conventions
[0.362s] -- Added test 'lint_cmake' to check CMake code style
[0.363s] -- Added test 'pep257' to check Python code against some of the docstring style conventions in PEP 257
[0.364s] -- Added test 'xmllint' to check XML markup files
[0.364s] -- Configuring done
[0.364s] -- Generating done
[0.365s] -- Build files have been written to: /home/aliihsan/robot_ws/build/nav2_bringup
[0.366s] Invoked command in '/home/aliihsan/robot_ws/build/nav2_bringup' returned '0': CMAKE_PREFIX_PATH=${CMAKE_PREFIX_PATH}:/home/aliihsan/robot_ws/install/nav2_simple_commander:/opt/ros/humble /usr/bin/cmake /home/aliihsan/robot_ws/src/nav2_bringup -DAMENT_CMAKE_SYMLINK_INSTALL=1 -DCMAKE_INSTALL_PREFIX=/home/aliihsan/robot_ws/install/nav2_bringup
[0.367s] Invoking command in '/home/aliihsan/robot_ws/build/nav2_bringup': CMAKE_PREFIX_PATH=${CMAKE_PREFIX_PATH}:/home/aliihsan/robot_ws/install/nav2_simple_commander:/opt/ros/humble /usr/bin/cmake --build /home/aliihsan/robot_ws/build/nav2_bringup -- -j8 -l8
[0.401s] Invoked command in '/home/aliihsan/robot_ws/build/nav2_bringup' returned '0': CMAKE_PREFIX_PATH=${CMAKE_PREFIX_PATH}:/home/aliihsan/robot_ws/install/nav2_simple_commander:/opt/ros/humble /usr/bin/cmake --build /home/aliihsan/robot_ws/build/nav2_bringup -- -j8 -l8
[0.438s] Invoking command in '/home/aliihsan/robot_ws/build/nav2_bringup': CMAKE_PREFIX_PATH=${CMAKE_PREFIX_PATH}:/home/aliihsan/robot_ws/install/nav2_simple_commander:/opt/ros/humble /usr/bin/cmake --install /home/aliihsan/robot_ws/build/nav2_bringup
[0.448s] -- Install configuration: ""
[0.448s] -- Execute custom install script
[0.449s] -- Up-to-date symlink: /home/aliihsan/robot_ws/install/nav2_bringup/share/nav2_bringup/launch/bringup_launch.py
[0.449s] -- Up-to-date symlink: /home/aliihsan/robot_ws/install/nav2_bringup/share/ament_index/resource_index/package_run_dependencies/nav2_bringup
[0.450s] -- Up-to-date symlink: /home/aliihsan/robot_ws/install/nav2_bringup/share/ament_index/resource_index/parent_prefix_path/nav2_bringup
[0.450s] -- Up-to-date symlink: /home/aliihsan/robot_ws/install/nav2_bringup/share/nav2_bringup/environment/ament_prefix_path.sh
[0.450s] -- Up-to-date symlink: /home/aliihsan/robot_ws/install/nav2_bringup/share/nav2_bringup/environment/ament_prefix_path.dsv
[0.451s] -- Up-to-date symlink: /home/aliihsan/robot_ws/install/nav2_bringup/share/nav2_bringup/environment/path.sh
[0.451s] -- Up-to-date symlink: /home/aliihsan/robot_ws/install/nav2_bringup/share/nav2_bringup/environment/path.dsv
[0.451s] -- Up-to-date symlink: /home/aliihsan/robot_ws/install/nav2_bringup/share/nav2_bringup/local_setup.bash
[0.452s] -- Up-to-date symlink: /home/aliihsan/robot_ws/install/nav2_bringup/share/nav2_bringup/local_setup.sh
[0.452s] -- Up-to-date symlink: /home/aliihsan/robot_ws/install/nav2_bringup/share/nav2_bringup/local_setup.zsh
[0.452s] -- Up-to-date symlink: /home/aliihsan/robot_ws/install/nav2_bringup/share/nav2_bringup/local_setup.dsv
[0.452s] -- Symlinking: /home/aliihsan/robot_ws/install/nav2_bringup/share/nav2_bringup/package.dsv
[0.462s] -- Up-to-date symlink: /home/aliihsan/robot_ws/install/nav2_bringup/share/ament_index/resource_index/packages/nav2_bringup
[0.463s] -- Up-to-date symlink: /home/aliihsan/robot_ws/install/nav2_bringup/share/nav2_bringup/cmake/nav2_bringupConfig.cmake
[0.463s] -- Up-to-date symlink: /home/aliihsan/robot_ws/install/nav2_bringup/share/nav2_bringup/cmake/nav2_bringupConfig-version.cmake
[0.463s] -- Up-to-date symlink: /home/aliihsan/robot_ws/install/nav2_bringup/share/nav2_bringup/package.xml
[0.466s] Invoked command in '/home/aliihsan/robot_ws/build/nav2_bringup' returned '0': CMAKE_PREFIX_PATH=${CMAKE_PREFIX_PATH}:/home/aliihsan/robot_ws/install/nav2_simple_commander:/opt/ros/humble /usr/bin/cmake --install /home/aliihsan/robot_ws/build/nav2_bringup
