[0.413s] DEBUG:colcon:Command line arguments: ['/usr/bin/colcon', 'build', '--symlink-install']
[0.413s] DEBUG:colcon:Parsed command line arguments: Namespace(log_base=None, log_level=None, verb_name='build', build_base='build', install_base='install', merge_install=False, symlink_install=True, test_result_base=None, continue_on_error=False, executor='parallel', parallel_workers=8, event_handlers=None, ignore_user_meta=False, metas=['./colcon.meta'], base_paths=['.'], packages_ignore=None, packages_ignore_regex=None, paths=None, packages_up_to=None, packages_up_to_regex=None, packages_above=None, packages_above_and_dependencies=None, packages_above_depth=None, packages_select_by_dep=None, packages_skip_by_dep=None, packages_skip_up_to=None, packages_select_build_failed=False, packages_skip_build_finished=False, packages_select_test_failures=False, packages_skip_test_passed=False, packages_select=None, packages_skip=None, packages_select_regex=None, packages_skip_regex=None, packages_start=None, packages_end=None, allow_overriding=[], cmake_args=None, cmake_target=None, cmake_target_skip_unavailable=False, cmake_clean_cache=False, cmake_clean_first=False, cmake_force_configure=False, ament_cmake_args=None, catkin_cmake_args=None, catkin_skip_building_tests=False, verb_parser=<colcon_defaults.argument_parser.defaults.DefaultArgumentsDecorator object at 0x7f3acb400e20>, verb_extension=<colcon_core.verb.build.BuildVerb object at 0x7f3acbe78b50>, main=<bound method BuildVerb.main of <colcon_core.verb.build.BuildVerb object at 0x7f3acbe78b50>>)
[0.458s] Level 1:colcon.colcon_core.package_discovery:discover_packages(colcon_meta) check parameters
[0.458s] Level 1:colcon.colcon_core.package_discovery:discover_packages(recursive) check parameters
[0.458s] Level 1:colcon.colcon_core.package_discovery:discover_packages(ignore) check parameters
[0.458s] Level 1:colcon.colcon_core.package_discovery:discover_packages(path) check parameters
[0.458s] Level 1:colcon.colcon_core.package_discovery:discover_packages(colcon_meta) discover
[0.458s] Level 1:colcon.colcon_core.package_discovery:discover_packages(recursive) discover
[0.458s] INFO:colcon.colcon_core.package_discovery:Crawling recursively for packages in '/home/aliihsan/robot_ws'
[0.459s] Level 1:colcon.colcon_core.package_identification:_identify(.) by extensions ['ignore', 'ignore_ament_install']
[0.459s] Level 1:colcon.colcon_core.package_identification:_identify(.) by extension 'ignore'
[0.459s] Level 1:colcon.colcon_core.package_identification:_identify(.) by extension 'ignore_ament_install'
[0.459s] Level 1:colcon.colcon_core.package_identification:_identify(.) by extensions ['colcon_pkg']
[0.459s] Level 1:colcon.colcon_core.package_identification:_identify(.) by extension 'colcon_pkg'
[0.459s] Level 1:colcon.colcon_core.package_identification:_identify(.) by extensions ['colcon_meta']
[0.459s] Level 1:colcon.colcon_core.package_identification:_identify(.) by extension 'colcon_meta'
[0.459s] Level 1:colcon.colcon_core.package_identification:_identify(.) by extensions ['ros']
[0.459s] Level 1:colcon.colcon_core.package_identification:_identify(.) by extension 'ros'
[0.470s] Level 1:colcon.colcon_core.package_identification:_identify(.) by extensions ['cmake', 'python']
[0.470s] Level 1:colcon.colcon_core.package_identification:_identify(.) by extension 'cmake'
[0.470s] Level 1:colcon.colcon_core.package_identification:_identify(.) by extension 'python'
[0.470s] Level 1:colcon.colcon_core.package_identification:_identify(.) by extensions ['python_setup_py']
[0.470s] Level 1:colcon.colcon_core.package_identification:_identify(.) by extension 'python_setup_py'
[0.470s] Level 1:colcon.colcon_core.package_identification:_identify(build) by extensions ['ignore', 'ignore_ament_install']
[0.470s] Level 1:colcon.colcon_core.package_identification:_identify(build) by extension 'ignore'
[0.470s] Level 1:colcon.colcon_core.package_identification:_identify(build) ignored
[0.470s] Level 1:colcon.colcon_core.package_identification:_identify(install) by extensions ['ignore', 'ignore_ament_install']
[0.470s] Level 1:colcon.colcon_core.package_identification:_identify(install) by extension 'ignore'
[0.470s] Level 1:colcon.colcon_core.package_identification:_identify(install) ignored
[0.470s] Level 1:colcon.colcon_core.package_identification:_identify(log) by extensions ['ignore', 'ignore_ament_install']
[0.471s] Level 1:colcon.colcon_core.package_identification:_identify(log) by extension 'ignore'
[0.471s] Level 1:colcon.colcon_core.package_identification:_identify(log) ignored
[0.471s] Level 1:colcon.colcon_core.package_identification:_identify(src) by extensions ['ignore', 'ignore_ament_install']
[0.471s] Level 1:colcon.colcon_core.package_identification:_identify(src) by extension 'ignore'
[0.471s] Level 1:colcon.colcon_core.package_identification:_identify(src) by extension 'ignore_ament_install'
[0.471s] Level 1:colcon.colcon_core.package_identification:_identify(src) by extensions ['colcon_pkg']
[0.471s] Level 1:colcon.colcon_core.package_identification:_identify(src) by extension 'colcon_pkg'
[0.471s] Level 1:colcon.colcon_core.package_identification:_identify(src) by extensions ['colcon_meta']
[0.471s] Level 1:colcon.colcon_core.package_identification:_identify(src) by extension 'colcon_meta'
[0.471s] Level 1:colcon.colcon_core.package_identification:_identify(src) by extensions ['ros']
[0.471s] Level 1:colcon.colcon_core.package_identification:_identify(src) by extension 'ros'
[0.471s] Level 1:colcon.colcon_core.package_identification:_identify(src) by extensions ['cmake', 'python']
[0.471s] Level 1:colcon.colcon_core.package_identification:_identify(src) by extension 'cmake'
[0.471s] Level 1:colcon.colcon_core.package_identification:_identify(src) by extension 'python'
[0.471s] Level 1:colcon.colcon_core.package_identification:_identify(src) by extensions ['python_setup_py']
[0.471s] Level 1:colcon.colcon_core.package_identification:_identify(src) by extension 'python_setup_py'
[0.472s] Level 1:colcon.colcon_core.package_identification:_identify(src/multi_robot_arm) by extensions ['ignore', 'ignore_ament_install']
[0.472s] Level 1:colcon.colcon_core.package_identification:_identify(src/multi_robot_arm) by extension 'ignore'
[0.472s] Level 1:colcon.colcon_core.package_identification:_identify(src/multi_robot_arm) by extension 'ignore_ament_install'
[0.472s] Level 1:colcon.colcon_core.package_identification:_identify(src/multi_robot_arm) by extensions ['colcon_pkg']
[0.472s] Level 1:colcon.colcon_core.package_identification:_identify(src/multi_robot_arm) by extension 'colcon_pkg'
[0.472s] Level 1:colcon.colcon_core.package_identification:_identify(src/multi_robot_arm) by extensions ['colcon_meta']
[0.472s] Level 1:colcon.colcon_core.package_identification:_identify(src/multi_robot_arm) by extension 'colcon_meta'
[0.472s] Level 1:colcon.colcon_core.package_identification:_identify(src/multi_robot_arm) by extensions ['ros']
[0.472s] Level 1:colcon.colcon_core.package_identification:_identify(src/multi_robot_arm) by extension 'ros'
[0.475s] DEBUG:colcon.colcon_core.package_identification:Package 'src/multi_robot_arm' with type 'ros.ament_cmake' and name 'multi_robot_arm'
[0.475s] Level 1:colcon.colcon_core.package_identification:_identify(src/pymoveit2) by extensions ['ignore', 'ignore_ament_install']
[0.475s] Level 1:colcon.colcon_core.package_identification:_identify(src/pymoveit2) by extension 'ignore'
[0.476s] Level 1:colcon.colcon_core.package_identification:_identify(src/pymoveit2) by extension 'ignore_ament_install'
[0.476s] Level 1:colcon.colcon_core.package_identification:_identify(src/pymoveit2) by extensions ['colcon_pkg']
[0.476s] Level 1:colcon.colcon_core.package_identification:_identify(src/pymoveit2) by extension 'colcon_pkg'
[0.476s] Level 1:colcon.colcon_core.package_identification:_identify(src/pymoveit2) by extensions ['colcon_meta']
[0.476s] Level 1:colcon.colcon_core.package_identification:_identify(src/pymoveit2) by extension 'colcon_meta'
[0.476s] Level 1:colcon.colcon_core.package_identification:_identify(src/pymoveit2) by extensions ['ros']
[0.476s] Level 1:colcon.colcon_core.package_identification:_identify(src/pymoveit2) by extension 'ros'
[0.477s] DEBUG:colcon.colcon_core.package_identification:Package 'src/pymoveit2' with type 'ros.ament_cmake' and name 'pymoveit2'
[0.477s] Level 1:colcon.colcon_core.package_discovery:discover_packages(recursive) using defaults
[0.477s] Level 1:colcon.colcon_core.package_discovery:discover_packages(ignore) discover
[0.477s] Level 1:colcon.colcon_core.package_discovery:discover_packages(ignore) using defaults
[0.477s] Level 1:colcon.colcon_core.package_discovery:discover_packages(path) discover
[0.477s] Level 1:colcon.colcon_core.package_discovery:discover_packages(path) using defaults
[0.504s] Level 1:colcon.colcon_core.package_discovery:discover_packages(prefix_path) check parameters
[0.504s] Level 1:colcon.colcon_core.package_discovery:discover_packages(prefix_path) discover
[0.507s] DEBUG:colcon.colcon_installed_package_information.package_discovery:Found 2 installed packages in /home/aliihsan/robot_ws/install
[0.509s] DEBUG:colcon.colcon_installed_package_information.package_discovery:Found 359 installed packages in /opt/ros/humble
[0.511s] Level 1:colcon.colcon_core.package_discovery:discover_packages(prefix_path) using defaults
[0.579s] Level 5:colcon.colcon_core.verb:set package 'multi_robot_arm' build argument 'cmake_args' from command line to 'None'
[0.579s] Level 5:colcon.colcon_core.verb:set package 'multi_robot_arm' build argument 'cmake_target' from command line to 'None'
[0.579s] Level 5:colcon.colcon_core.verb:set package 'multi_robot_arm' build argument 'cmake_target_skip_unavailable' from command line to 'False'
[0.579s] Level 5:colcon.colcon_core.verb:set package 'multi_robot_arm' build argument 'cmake_clean_cache' from command line to 'False'
[0.579s] Level 5:colcon.colcon_core.verb:set package 'multi_robot_arm' build argument 'cmake_clean_first' from command line to 'False'
[0.579s] Level 5:colcon.colcon_core.verb:set package 'multi_robot_arm' build argument 'cmake_force_configure' from command line to 'False'
[0.579s] Level 5:colcon.colcon_core.verb:set package 'multi_robot_arm' build argument 'ament_cmake_args' from command line to 'None'
[0.579s] Level 5:colcon.colcon_core.verb:set package 'multi_robot_arm' build argument 'catkin_cmake_args' from command line to 'None'
[0.579s] Level 5:colcon.colcon_core.verb:set package 'multi_robot_arm' build argument 'catkin_skip_building_tests' from command line to 'False'
[0.579s] DEBUG:colcon.colcon_core.verb:Building package 'multi_robot_arm' with the following arguments: {'ament_cmake_args': None, 'build_base': '/home/aliihsan/robot_ws/build/multi_robot_arm', 'catkin_cmake_args': None, 'catkin_skip_building_tests': False, 'cmake_args': None, 'cmake_clean_cache': False, 'cmake_clean_first': False, 'cmake_force_configure': False, 'cmake_target': None, 'cmake_target_skip_unavailable': False, 'install_base': '/home/aliihsan/robot_ws/install/multi_robot_arm', 'merge_install': False, 'path': '/home/aliihsan/robot_ws/src/multi_robot_arm', 'symlink_install': True, 'test_result_base': None}
[0.580s] Level 5:colcon.colcon_core.verb:set package 'pymoveit2' build argument 'cmake_args' from command line to 'None'
[0.580s] Level 5:colcon.colcon_core.verb:set package 'pymoveit2' build argument 'cmake_target' from command line to 'None'
[0.580s] Level 5:colcon.colcon_core.verb:set package 'pymoveit2' build argument 'cmake_target_skip_unavailable' from command line to 'False'
[0.580s] Level 5:colcon.colcon_core.verb:set package 'pymoveit2' build argument 'cmake_clean_cache' from command line to 'False'
[0.580s] Level 5:colcon.colcon_core.verb:set package 'pymoveit2' build argument 'cmake_clean_first' from command line to 'False'
[0.580s] Level 5:colcon.colcon_core.verb:set package 'pymoveit2' build argument 'cmake_force_configure' from command line to 'False'
[0.580s] Level 5:colcon.colcon_core.verb:set package 'pymoveit2' build argument 'ament_cmake_args' from command line to 'None'
[0.580s] Level 5:colcon.colcon_core.verb:set package 'pymoveit2' build argument 'catkin_cmake_args' from command line to 'None'
[0.580s] Level 5:colcon.colcon_core.verb:set package 'pymoveit2' build argument 'catkin_skip_building_tests' from command line to 'False'
[0.580s] DEBUG:colcon.colcon_core.verb:Building package 'pymoveit2' with the following arguments: {'ament_cmake_args': None, 'build_base': '/home/aliihsan/robot_ws/build/pymoveit2', 'catkin_cmake_args': None, 'catkin_skip_building_tests': False, 'cmake_args': None, 'cmake_clean_cache': False, 'cmake_clean_first': False, 'cmake_force_configure': False, 'cmake_target': None, 'cmake_target_skip_unavailable': False, 'install_base': '/home/aliihsan/robot_ws/install/pymoveit2', 'merge_install': False, 'path': '/home/aliihsan/robot_ws/src/pymoveit2', 'symlink_install': True, 'test_result_base': None}
[0.581s] INFO:colcon.colcon_core.executor:Executing jobs using 'parallel' executor
[0.584s] DEBUG:colcon.colcon_parallel_executor.executor.parallel:run_until_complete
[0.584s] INFO:colcon.colcon_ros.task.ament_cmake.build:Building ROS package in '/home/aliihsan/robot_ws/src/multi_robot_arm' with build type 'ament_cmake'
[0.585s] INFO:colcon.colcon_cmake.task.cmake.build:Building CMake package in '/home/aliihsan/robot_ws/src/multi_robot_arm'
[0.591s] INFO:colcon.colcon_core.plugin_system:Skipping extension 'colcon_core.shell.bat': Not used on non-Windows systems
[0.591s] INFO:colcon.colcon_core.shell:Skip shell extension 'powershell' for command environment: Not usable outside of PowerShell
[0.591s] DEBUG:colcon.colcon_core.shell:Skip shell extension 'dsv' for command environment
[0.596s] INFO:colcon.colcon_ros.task.ament_cmake.build:Building ROS package in '/home/aliihsan/robot_ws/src/pymoveit2' with build type 'ament_cmake'
[0.596s] INFO:colcon.colcon_cmake.task.cmake.build:Building CMake package in '/home/aliihsan/robot_ws/src/pymoveit2'
[0.598s] INFO:colcon.colcon_core.shell:Skip shell extension 'powershell' for command environment: Not usable outside of PowerShell
[0.598s] DEBUG:colcon.colcon_core.shell:Skip shell extension 'dsv' for command environment
[0.608s] DEBUG:colcon.colcon_core.event_handler.log_command:Invoking command in '/home/aliihsan/robot_ws/build/multi_robot_arm': CMAKE_PREFIX_PATH=${CMAKE_PREFIX_PATH}:/opt/ros/humble /usr/bin/cmake --build /home/aliihsan/robot_ws/build/multi_robot_arm -- -j8 -l8
[0.614s] DEBUG:colcon.colcon_core.event_handler.log_command:Invoking command in '/home/aliihsan/robot_ws/build/pymoveit2': CMAKE_PREFIX_PATH=${CMAKE_PREFIX_PATH}:/opt/ros/humble /usr/bin/cmake --build /home/aliihsan/robot_ws/build/pymoveit2 -- -j8 -l8
[0.683s] DEBUG:colcon.colcon_core.event_handler.log_command:Invoked command in '/home/aliihsan/robot_ws/build/multi_robot_arm' returned '0': CMAKE_PREFIX_PATH=${CMAKE_PREFIX_PATH}:/opt/ros/humble /usr/bin/cmake --build /home/aliihsan/robot_ws/build/multi_robot_arm -- -j8 -l8
[0.719s] DEBUG:colcon.colcon_core.event_handler.log_command:Invoking command in '/home/aliihsan/robot_ws/build/multi_robot_arm': CMAKE_PREFIX_PATH=${CMAKE_PREFIX_PATH}:/opt/ros/humble /usr/bin/cmake --install /home/aliihsan/robot_ws/build/multi_robot_arm
[0.763s] Level 1:colcon.colcon_core.environment:create_environment_scripts_only(multi_robot_arm)
[0.764s] DEBUG:colcon.colcon_core.event_handler.log_command:Invoked command in '/home/aliihsan/robot_ws/build/multi_robot_arm' returned '0': CMAKE_PREFIX_PATH=${CMAKE_PREFIX_PATH}:/opt/ros/humble /usr/bin/cmake --install /home/aliihsan/robot_ws/build/multi_robot_arm
[0.770s] Level 1:colcon.colcon_core.environment:checking '/home/aliihsan/robot_ws/install/multi_robot_arm' for CMake module files
[0.771s] Level 1:colcon.colcon_core.environment:checking '/home/aliihsan/robot_ws/install/multi_robot_arm' for CMake config files
[0.772s] Level 1:colcon.colcon_core.shell:create_environment_hook('multi_robot_arm', 'cmake_prefix_path')
[0.774s] INFO:colcon.colcon_core.shell:Creating environment hook '/home/aliihsan/robot_ws/install/multi_robot_arm/share/multi_robot_arm/hook/cmake_prefix_path.ps1'
[0.774s] INFO:colcon.colcon_core.shell:Creating environment descriptor '/home/aliihsan/robot_ws/install/multi_robot_arm/share/multi_robot_arm/hook/cmake_prefix_path.dsv'
[0.775s] INFO:colcon.colcon_core.shell:Creating environment hook '/home/aliihsan/robot_ws/install/multi_robot_arm/share/multi_robot_arm/hook/cmake_prefix_path.sh'
[0.776s] Level 1:colcon.colcon_core.environment:checking '/home/aliihsan/robot_ws/install/multi_robot_arm/bin'
[0.776s] Level 1:colcon.colcon_core.environment:checking '/home/aliihsan/robot_ws/install/multi_robot_arm/lib/pkgconfig/multi_robot_arm.pc'
[0.776s] Level 1:colcon.colcon_core.environment:checking '/home/aliihsan/robot_ws/install/multi_robot_arm/lib/python3.10/site-packages'
[0.777s] Level 1:colcon.colcon_core.environment:checking '/home/aliihsan/robot_ws/install/multi_robot_arm/bin'
[0.778s] INFO:colcon.colcon_core.shell:Creating package script '/home/aliihsan/robot_ws/install/multi_robot_arm/share/multi_robot_arm/package.ps1'
[0.779s] INFO:colcon.colcon_core.shell:Creating package descriptor '/home/aliihsan/robot_ws/install/multi_robot_arm/share/multi_robot_arm/package.dsv'
[0.779s] INFO:colcon.colcon_core.shell:Creating package script '/home/aliihsan/robot_ws/install/multi_robot_arm/share/multi_robot_arm/package.sh'
[0.780s] INFO:colcon.colcon_core.shell:Creating package script '/home/aliihsan/robot_ws/install/multi_robot_arm/share/multi_robot_arm/package.bash'
[0.781s] INFO:colcon.colcon_core.shell:Creating package script '/home/aliihsan/robot_ws/install/multi_robot_arm/share/multi_robot_arm/package.zsh'
[0.782s] Level 1:colcon.colcon_core.environment:create_file_with_runtime_dependencies(/home/aliihsan/robot_ws/install/multi_robot_arm/share/colcon-core/packages/multi_robot_arm)
[0.806s] Level 1:colcon.colcon_core.environment:create_environment_scripts_only(multi_robot_arm)
[0.808s] Level 1:colcon.colcon_core.environment:checking '/home/aliihsan/robot_ws/install/multi_robot_arm' for CMake module files
[0.808s] Level 1:colcon.colcon_core.environment:checking '/home/aliihsan/robot_ws/install/multi_robot_arm' for CMake config files
[0.810s] Level 1:colcon.colcon_core.shell:create_environment_hook('multi_robot_arm', 'cmake_prefix_path')
[0.812s] INFO:colcon.colcon_core.shell:Creating environment hook '/home/aliihsan/robot_ws/install/multi_robot_arm/share/multi_robot_arm/hook/cmake_prefix_path.ps1'
[0.813s] INFO:colcon.colcon_core.shell:Creating environment descriptor '/home/aliihsan/robot_ws/install/multi_robot_arm/share/multi_robot_arm/hook/cmake_prefix_path.dsv'
[0.813s] INFO:colcon.colcon_core.shell:Creating environment hook '/home/aliihsan/robot_ws/install/multi_robot_arm/share/multi_robot_arm/hook/cmake_prefix_path.sh'
[0.814s] Level 1:colcon.colcon_core.environment:checking '/home/aliihsan/robot_ws/install/multi_robot_arm/bin'
[0.814s] Level 1:colcon.colcon_core.environment:checking '/home/aliihsan/robot_ws/install/multi_robot_arm/lib/pkgconfig/multi_robot_arm.pc'
[0.814s] Level 1:colcon.colcon_core.environment:checking '/home/aliihsan/robot_ws/install/multi_robot_arm/lib/python3.10/site-packages'
[0.815s] Level 1:colcon.colcon_core.environment:checking '/home/aliihsan/robot_ws/install/multi_robot_arm/bin'
[0.816s] INFO:colcon.colcon_core.shell:Creating package script '/home/aliihsan/robot_ws/install/multi_robot_arm/share/multi_robot_arm/package.ps1'
[0.817s] INFO:colcon.colcon_core.shell:Creating package descriptor '/home/aliihsan/robot_ws/install/multi_robot_arm/share/multi_robot_arm/package.dsv'
[0.818s] INFO:colcon.colcon_core.shell:Creating package script '/home/aliihsan/robot_ws/install/multi_robot_arm/share/multi_robot_arm/package.sh'
[0.818s] INFO:colcon.colcon_core.shell:Creating package script '/home/aliihsan/robot_ws/install/multi_robot_arm/share/multi_robot_arm/package.bash'
[0.818s] INFO:colcon.colcon_core.shell:Creating package script '/home/aliihsan/robot_ws/install/multi_robot_arm/share/multi_robot_arm/package.zsh'
[0.819s] Level 1:colcon.colcon_core.environment:create_file_with_runtime_dependencies(/home/aliihsan/robot_ws/install/multi_robot_arm/share/colcon-core/packages/multi_robot_arm)
[0.983s] DEBUG:colcon.colcon_core.event_handler.log_command:Invoked command in '/home/aliihsan/robot_ws/build/pymoveit2' returned '0': CMAKE_PREFIX_PATH=${CMAKE_PREFIX_PATH}:/opt/ros/humble /usr/bin/cmake --build /home/aliihsan/robot_ws/build/pymoveit2 -- -j8 -l8
[1.007s] DEBUG:colcon.colcon_core.event_handler.log_command:Invoking command in '/home/aliihsan/robot_ws/build/pymoveit2': CMAKE_PREFIX_PATH=${CMAKE_PREFIX_PATH}:/opt/ros/humble /usr/bin/cmake --install /home/aliihsan/robot_ws/build/pymoveit2
[1.077s] Level 1:colcon.colcon_core.environment:create_environment_scripts_only(pymoveit2)
[1.078s] Level 1:colcon.colcon_core.environment:checking '/home/aliihsan/robot_ws/install/pymoveit2' for CMake module files
[1.079s] DEBUG:colcon.colcon_core.event_handler.log_command:Invoked command in '/home/aliihsan/robot_ws/build/pymoveit2' returned '0': CMAKE_PREFIX_PATH=${CMAKE_PREFIX_PATH}:/opt/ros/humble /usr/bin/cmake --install /home/aliihsan/robot_ws/build/pymoveit2
[1.080s] Level 1:colcon.colcon_core.environment:checking '/home/aliihsan/robot_ws/install/pymoveit2' for CMake config files
[1.080s] Level 1:colcon.colcon_core.shell:create_environment_hook('pymoveit2', 'cmake_prefix_path')
[1.081s] INFO:colcon.colcon_core.shell:Creating environment hook '/home/aliihsan/robot_ws/install/pymoveit2/share/pymoveit2/hook/cmake_prefix_path.ps1'
[1.082s] INFO:colcon.colcon_core.shell:Creating environment descriptor '/home/aliihsan/robot_ws/install/pymoveit2/share/pymoveit2/hook/cmake_prefix_path.dsv'
[1.082s] INFO:colcon.colcon_core.shell:Creating environment hook '/home/aliihsan/robot_ws/install/pymoveit2/share/pymoveit2/hook/cmake_prefix_path.sh'
[1.083s] Level 1:colcon.colcon_core.environment:checking '/home/aliihsan/robot_ws/install/pymoveit2/lib'
[1.083s] Level 1:colcon.colcon_core.environment:checking '/home/aliihsan/robot_ws/install/pymoveit2/bin'
[1.083s] Level 1:colcon.colcon_core.environment:checking '/home/aliihsan/robot_ws/install/pymoveit2/lib/pkgconfig/pymoveit2.pc'
[1.084s] Level 1:colcon.colcon_core.environment:checking '/home/aliihsan/robot_ws/install/pymoveit2/lib/python3.10/site-packages'
[1.084s] Level 1:colcon.colcon_core.environment:checking '/home/aliihsan/robot_ws/install/pymoveit2/bin'
[1.085s] INFO:colcon.colcon_core.shell:Creating package script '/home/aliihsan/robot_ws/install/pymoveit2/share/pymoveit2/package.ps1'
[1.086s] INFO:colcon.colcon_core.shell:Creating package descriptor '/home/aliihsan/robot_ws/install/pymoveit2/share/pymoveit2/package.dsv'
[1.087s] INFO:colcon.colcon_core.shell:Creating package script '/home/aliihsan/robot_ws/install/pymoveit2/share/pymoveit2/package.sh'
[1.087s] INFO:colcon.colcon_core.shell:Creating package script '/home/aliihsan/robot_ws/install/pymoveit2/share/pymoveit2/package.bash'
[1.088s] INFO:colcon.colcon_core.shell:Creating package script '/home/aliihsan/robot_ws/install/pymoveit2/share/pymoveit2/package.zsh'
[1.088s] Level 1:colcon.colcon_core.environment:create_file_with_runtime_dependencies(/home/aliihsan/robot_ws/install/pymoveit2/share/colcon-core/packages/pymoveit2)
[1.113s] Level 1:colcon.colcon_core.environment:create_environment_scripts_only(pymoveit2)
[1.117s] Level 1:colcon.colcon_core.environment:checking '/home/aliihsan/robot_ws/install/pymoveit2' for CMake module files
[1.117s] Level 1:colcon.colcon_core.environment:checking '/home/aliihsan/robot_ws/install/pymoveit2' for CMake config files
[1.118s] Level 1:colcon.colcon_core.shell:create_environment_hook('pymoveit2', 'cmake_prefix_path')
[1.119s] INFO:colcon.colcon_core.shell:Creating environment hook '/home/aliihsan/robot_ws/install/pymoveit2/share/pymoveit2/hook/cmake_prefix_path.ps1'
[1.119s] INFO:colcon.colcon_core.shell:Creating environment descriptor '/home/aliihsan/robot_ws/install/pymoveit2/share/pymoveit2/hook/cmake_prefix_path.dsv'
[1.120s] INFO:colcon.colcon_core.shell:Creating environment hook '/home/aliihsan/robot_ws/install/pymoveit2/share/pymoveit2/hook/cmake_prefix_path.sh'
[1.121s] Level 1:colcon.colcon_core.environment:checking '/home/aliihsan/robot_ws/install/pymoveit2/lib'
[1.121s] Level 1:colcon.colcon_core.environment:checking '/home/aliihsan/robot_ws/install/pymoveit2/bin'
[1.121s] Level 1:colcon.colcon_core.environment:checking '/home/aliihsan/robot_ws/install/pymoveit2/lib/pkgconfig/pymoveit2.pc'
[1.121s] Level 1:colcon.colcon_core.environment:checking '/home/aliihsan/robot_ws/install/pymoveit2/lib/python3.10/site-packages'
[1.121s] Level 1:colcon.colcon_core.environment:checking '/home/aliihsan/robot_ws/install/pymoveit2/bin'
[1.123s] INFO:colcon.colcon_core.shell:Creating package script '/home/aliihsan/robot_ws/install/pymoveit2/share/pymoveit2/package.ps1'
[1.124s] INFO:colcon.colcon_core.shell:Creating package descriptor '/home/aliihsan/robot_ws/install/pymoveit2/share/pymoveit2/package.dsv'
[1.124s] INFO:colcon.colcon_core.shell:Creating package script '/home/aliihsan/robot_ws/install/pymoveit2/share/pymoveit2/package.sh'
[1.125s] INFO:colcon.colcon_core.shell:Creating package script '/home/aliihsan/robot_ws/install/pymoveit2/share/pymoveit2/package.bash'
[1.125s] INFO:colcon.colcon_core.shell:Creating package script '/home/aliihsan/robot_ws/install/pymoveit2/share/pymoveit2/package.zsh'
[1.126s] Level 1:colcon.colcon_core.environment:create_file_with_runtime_dependencies(/home/aliihsan/robot_ws/install/pymoveit2/share/colcon-core/packages/pymoveit2)
[1.126s] DEBUG:colcon.colcon_parallel_executor.executor.parallel:closing loop
[1.126s] DEBUG:colcon.colcon_parallel_executor.executor.parallel:loop closed
[1.127s] DEBUG:colcon.colcon_parallel_executor.executor.parallel:run_until_complete finished with '0'
[1.127s] DEBUG:colcon.colcon_core.event_reactor:joining thread
[1.133s] INFO:colcon.colcon_core.plugin_system:Skipping extension 'colcon_notification.desktop_notification.terminal_notifier': Not used on non-Darwin systems
[1.133s] INFO:colcon.colcon_core.plugin_system:Skipping extension 'colcon_notification.desktop_notification.win32': Not used on non-Windows systems
[1.133s] INFO:colcon.colcon_notification.desktop_notification:Sending desktop notification using 'notify2'
[1.145s] DEBUG:colcon.colcon_core.event_reactor:joined thread
[1.147s] INFO:colcon.colcon_core.shell:Creating prefix script '/home/aliihsan/robot_ws/install/local_setup.ps1'
[1.148s] INFO:colcon.colcon_core.shell:Creating prefix util module '/home/aliihsan/robot_ws/install/_local_setup_util_ps1.py'
[1.150s] INFO:colcon.colcon_core.shell:Creating prefix chain script '/home/aliihsan/robot_ws/install/setup.ps1'
[1.151s] INFO:colcon.colcon_core.shell:Creating prefix script '/home/aliihsan/robot_ws/install/local_setup.sh'
[1.152s] INFO:colcon.colcon_core.shell:Creating prefix util module '/home/aliihsan/robot_ws/install/_local_setup_util_sh.py'
[1.152s] INFO:colcon.colcon_core.shell:Creating prefix chain script '/home/aliihsan/robot_ws/install/setup.sh'
[1.154s] INFO:colcon.colcon_core.shell:Creating prefix script '/home/aliihsan/robot_ws/install/local_setup.bash'
[1.155s] INFO:colcon.colcon_core.shell:Creating prefix chain script '/home/aliihsan/robot_ws/install/setup.bash'
[1.156s] INFO:colcon.colcon_core.shell:Creating prefix script '/home/aliihsan/robot_ws/install/local_setup.zsh'
[1.157s] INFO:colcon.colcon_core.shell:Creating prefix chain script '/home/aliihsan/robot_ws/install/setup.zsh'
