[0.034s] Invoking command in '/home/aliihsan/robot_ws/build/nav2_bringup': CMAKE_PREFIX_PATH=${CMAKE_PREFIX_PATH}:/home/aliihsan/robot_ws/install/nav2_simple_commander:/opt/ros/humble /usr/bin/cmake --build /home/aliihsan/robot_ws/build/nav2_bringup -- -j8 -l8
[0.330s] -- Found ament_cmake: 1.3.5 (/opt/ros/humble/share/ament_cmake/cmake)
[0.331s] -- Override CMake install command with custom implementation using symlinks instead of copying resources
[0.332s] -- Found ament_lint_auto: 0.12.7 (/opt/ros/humble/share/ament_lint_auto/cmake)
[0.347s] -- Added test 'flake8' to check Python code syntax and style conventions
[0.348s] -- Added test 'lint_cmake' to check CMake code style
[0.349s] -- Added test 'pep257' to check Python code against some of the docstring style conventions in PEP 257
[0.352s] -- Added test 'xmllint' to check XML markup files
[0.355s] -- Configuring done
[0.362s] -- Generating done
[0.364s] -- Build files have been written to: /home/aliihsan/robot_ws/build/nav2_bringup
[0.393s] Invoked command in '/home/aliihsan/robot_ws/build/nav2_bringup' returned '0': CMAKE_PREFIX_PATH=${CMAKE_PREFIX_PATH}:/home/aliihsan/robot_ws/install/nav2_simple_commander:/opt/ros/humble /usr/bin/cmake --build /home/aliihsan/robot_ws/build/nav2_bringup -- -j8 -l8
[0.425s] Invoking command in '/home/aliihsan/robot_ws/build/nav2_bringup': CMAKE_PREFIX_PATH=${CMAKE_PREFIX_PATH}:/home/aliihsan/robot_ws/install/nav2_simple_commander:/opt/ros/humble /usr/bin/cmake --install /home/aliihsan/robot_ws/build/nav2_bringup
[0.434s] -- Install configuration: ""
[0.435s] -- Execute custom install script
[0.436s] -- Symlinking: /home/aliihsan/robot_ws/install/nav2_bringup/share/nav2_bringup/launch/bringup_launch.py
[0.452s] -- Up-to-date symlink: /home/aliihsan/robot_ws/install/nav2_bringup/share/ament_index/resource_index/package_run_dependencies/nav2_bringup
[0.452s] -- Up-to-date symlink: /home/aliihsan/robot_ws/install/nav2_bringup/share/ament_index/resource_index/parent_prefix_path/nav2_bringup
[0.453s] -- Up-to-date symlink: /home/aliihsan/robot_ws/install/nav2_bringup/share/nav2_bringup/environment/ament_prefix_path.sh
[0.453s] -- Up-to-date symlink: /home/aliihsan/robot_ws/install/nav2_bringup/share/nav2_bringup/environment/ament_prefix_path.dsv
[0.453s] -- Up-to-date symlink: /home/aliihsan/robot_ws/install/nav2_bringup/share/nav2_bringup/environment/path.sh
[0.454s] -- Up-to-date symlink: /home/aliihsan/robot_ws/install/nav2_bringup/share/nav2_bringup/environment/path.dsv
[0.457s] -- Up-to-date symlink: /home/aliihsan/robot_ws/install/nav2_bringup/share/nav2_bringup/local_setup.bash
[0.457s] -- Up-to-date symlink: /home/aliihsan/robot_ws/install/nav2_bringup/share/nav2_bringup/local_setup.sh
[0.458s] -- Up-to-date symlink: /home/aliihsan/robot_ws/install/nav2_bringup/share/nav2_bringup/local_setup.zsh
[0.458s] -- Up-to-date symlink: /home/aliihsan/robot_ws/install/nav2_bringup/share/nav2_bringup/local_setup.dsv
[0.458s] -- Symlinking: /home/aliihsan/robot_ws/install/nav2_bringup/share/nav2_bringup/package.dsv
[0.472s] -- Up-to-date symlink: /home/aliihsan/robot_ws/install/nav2_bringup/share/ament_index/resource_index/packages/nav2_bringup
[0.478s] -- Up-to-date symlink: /home/aliihsan/robot_ws/install/nav2_bringup/share/nav2_bringup/cmake/nav2_bringupConfig.cmake
[0.478s] -- Up-to-date symlink: /home/aliihsan/robot_ws/install/nav2_bringup/share/nav2_bringup/cmake/nav2_bringupConfig-version.cmake
[0.478s] -- Up-to-date symlink: /home/aliihsan/robot_ws/install/nav2_bringup/share/nav2_bringup/package.xml
[0.490s] Invoked command in '/home/aliihsan/robot_ws/build/nav2_bringup' returned '0': CMAKE_PREFIX_PATH=${CMAKE_PREFIX_PATH}:/home/aliihsan/robot_ws/install/nav2_simple_commander:/opt/ros/humble /usr/bin/cmake --install /home/aliihsan/robot_ws/build/nav2_bringup
