[0.311s] Invoking command in '/home/aliihsan/robot_ws/build/pymoveit2': CMAKE_PREFIX_PATH=${CMAKE_PREFIX_PATH}:/home/aliihsan/robot_ws/install/nav2_simple_commander:/opt/ros/humble /usr/bin/cmake --build /home/aliihsan/robot_ws/build/pymoveit2 -- -j8 -l8
[0.370s] Built target ament_cmake_python_symlink_pymoveit2
[0.719s] running egg_info
[0.720s] writing pymoveit2.egg-info/PKG-INFO
[0.720s] writing dependency_links to pymoveit2.egg-info/dependency_links.txt
[0.720s] writing top-level names to pymoveit2.egg-info/top_level.txt
[0.722s] reading manifest file 'pymoveit2.egg-info/SOURCES.txt'
[0.723s] writing manifest file 'pymoveit2.egg-info/SOURCES.txt'
[0.748s] Built target ament_cmake_python_build_pymoveit2_egg
[0.760s] Invoked command in '/home/aliihsan/robot_ws/build/pymoveit2' returned '0': CMAKE_PREFIX_PATH=${CMAKE_PREFIX_PATH}:/home/aliihsan/robot_ws/install/nav2_simple_commander:/opt/ros/humble /usr/bin/cmake --build /home/aliihsan/robot_ws/build/pymoveit2 -- -j8 -l8
[0.788s] Invoking command in '/home/aliihsan/robot_ws/build/pymoveit2': CMAKE_PREFIX_PATH=${CMAKE_PREFIX_PATH}:/home/aliihsan/robot_ws/install/nav2_simple_commander:/opt/ros/humble /usr/bin/cmake --install /home/aliihsan/robot_ws/build/pymoveit2
[0.794s] -- Install configuration: ""
[0.795s] -- Execute custom install script
[0.796s] -- Up-to-date symlink: /home/aliihsan/robot_ws/install/pymoveit2/share/pymoveit2/environment/pythonpath.sh
[0.796s] -- Up-to-date symlink: /home/aliihsan/robot_ws/install/pymoveit2/share/pymoveit2/environment/pythonpath.dsv
[0.796s] -- Up-to-date symlink: /home/aliihsan/robot_ws/install/pymoveit2/local/lib/python3.10/dist-packages/pymoveit2-2.1.0-py3.10.egg-info/PKG-INFO
[0.796s] -- Up-to-date symlink: /home/aliihsan/robot_ws/install/pymoveit2/local/lib/python3.10/dist-packages/pymoveit2-2.1.0-py3.10.egg-info/SOURCES.txt
[0.797s] -- Up-to-date symlink: /home/aliihsan/robot_ws/install/pymoveit2/local/lib/python3.10/dist-packages/pymoveit2-2.1.0-py3.10.egg-info/dependency_links.txt
[0.797s] -- Up-to-date symlink: /home/aliihsan/robot_ws/install/pymoveit2/local/lib/python3.10/dist-packages/pymoveit2-2.1.0-py3.10.egg-info/top_level.txt
[0.798s] -- Up-to-date symlink: /home/aliihsan/robot_ws/install/pymoveit2/local/lib/python3.10/dist-packages/pymoveit2/__init__.py
[0.798s] -- Up-to-date symlink: /home/aliihsan/robot_ws/install/pymoveit2/local/lib/python3.10/dist-packages/pymoveit2/gripper_command.py
[0.798s] -- Up-to-date symlink: /home/aliihsan/robot_ws/install/pymoveit2/local/lib/python3.10/dist-packages/pymoveit2/moveit2.py
[0.798s] -- Up-to-date symlink: /home/aliihsan/robot_ws/install/pymoveit2/local/lib/python3.10/dist-packages/pymoveit2/moveit2_gripper.py
[0.798s] -- Up-to-date symlink: /home/aliihsan/robot_ws/install/pymoveit2/local/lib/python3.10/dist-packages/pymoveit2/moveit2_servo.py
[0.798s] -- Up-to-date symlink: /home/aliihsan/robot_ws/install/pymoveit2/local/lib/python3.10/dist-packages/pymoveit2/robots/__init__.py
[0.799s] -- Up-to-date symlink: /home/aliihsan/robot_ws/install/pymoveit2/local/lib/python3.10/dist-packages/pymoveit2/robots/panda.py
[0.799s] -- Up-to-date symlink: /home/aliihsan/robot_ws/install/pymoveit2/local/lib/python3.10/dist-packages/pymoveit2/robots/ur5.py
[0.799s] -- Up-to-date symlink: /home/aliihsan/robot_ws/install/pymoveit2/lib/pymoveit2/ex_collision_object.py
[0.799s] -- Up-to-date symlink: /home/aliihsan/robot_ws/install/pymoveit2/lib/pymoveit2/ex_gripper_command.py
[0.799s] -- Up-to-date symlink: /home/aliihsan/robot_ws/install/pymoveit2/lib/pymoveit2/ex_gripper.py
[0.800s] -- Up-to-date symlink: /home/aliihsan/robot_ws/install/pymoveit2/lib/pymoveit2/ex_joint_goal.py
[0.800s] -- Up-to-date symlink: /home/aliihsan/robot_ws/install/pymoveit2/lib/pymoveit2/ex_pose_goal.py
[0.800s] -- Up-to-date symlink: /home/aliihsan/robot_ws/install/pymoveit2/lib/pymoveit2/ex_servo.py
[0.800s] -- Up-to-date symlink: /home/aliihsan/robot_ws/install/pymoveit2/share/ament_index/resource_index/package_run_dependencies/pymoveit2
[0.800s] -- Up-to-date symlink: /home/aliihsan/robot_ws/install/pymoveit2/share/ament_index/resource_index/parent_prefix_path/pymoveit2
[0.801s] -- Up-to-date symlink: /home/aliihsan/robot_ws/install/pymoveit2/share/pymoveit2/environment/ament_prefix_path.sh
[0.801s] -- Up-to-date symlink: /home/aliihsan/robot_ws/install/pymoveit2/share/pymoveit2/environment/ament_prefix_path.dsv
[0.801s] -- Up-to-date symlink: /home/aliihsan/robot_ws/install/pymoveit2/share/pymoveit2/environment/path.sh
[0.801s] -- Up-to-date symlink: /home/aliihsan/robot_ws/install/pymoveit2/share/pymoveit2/environment/path.dsv
[0.802s] -- Up-to-date symlink: /home/aliihsan/robot_ws/install/pymoveit2/share/pymoveit2/local_setup.bash
[0.802s] -- Up-to-date symlink: /home/aliihsan/robot_ws/install/pymoveit2/share/pymoveit2/local_setup.sh
[0.802s] -- Up-to-date symlink: /home/aliihsan/robot_ws/install/pymoveit2/share/pymoveit2/local_setup.zsh
[0.802s] -- Up-to-date symlink: /home/aliihsan/robot_ws/install/pymoveit2/share/pymoveit2/local_setup.dsv
[0.803s] -- Symlinking: /home/aliihsan/robot_ws/install/pymoveit2/share/pymoveit2/package.dsv
[0.813s] -- Up-to-date symlink: /home/aliihsan/robot_ws/install/pymoveit2/share/ament_index/resource_index/packages/pymoveit2
[0.813s] -- Up-to-date symlink: /home/aliihsan/robot_ws/install/pymoveit2/share/pymoveit2/cmake/pymoveit2Config.cmake
[0.813s] -- Up-to-date symlink: /home/aliihsan/robot_ws/install/pymoveit2/share/pymoveit2/cmake/pymoveit2Config-version.cmake
[0.814s] -- Up-to-date symlink: /home/aliihsan/robot_ws/install/pymoveit2/share/pymoveit2/package.xml
[0.847s] Listing '/home/aliihsan/robot_ws/install/pymoveit2/local/lib/python3.10/dist-packages/pymoveit2'...
[0.847s] Listing '/home/aliihsan/robot_ws/install/pymoveit2/local/lib/python3.10/dist-packages/pymoveit2/robots'...
[0.853s] Invoked command in '/home/aliihsan/robot_ws/build/pymoveit2' returned '0': CMAKE_PREFIX_PATH=${CMAKE_PREFIX_PATH}:/home/aliihsan/robot_ws/install/nav2_simple_commander:/opt/ros/humble /usr/bin/cmake --install /home/aliihsan/robot_ws/build/pymoveit2
