[0.030s] Invoking command in '/home/aliihsan/robot_ws/build/nav2_bringup': CMAKE_PREFIX_PATH=${CMAKE_PREFIX_PATH}:/home/aliihsan/robot_ws/install/nav2_simple_commander:/opt/ros/humble /usr/bin/cmake --build /home/aliihsan/robot_ws/build/nav2_bringup -- -j8 -l8
[0.314s] Invoked command in '/home/aliihsan/robot_ws/build/nav2_bringup' returned '0': CMAKE_PREFIX_PATH=${CMAKE_PREFIX_PATH}:/home/aliihsan/robot_ws/install/nav2_simple_commander:/opt/ros/humble /usr/bin/cmake --build /home/aliihsan/robot_ws/build/nav2_bringup -- -j8 -l8
[0.344s] Invoking command in '/home/aliihsan/robot_ws/build/nav2_bringup': CMAKE_PREFIX_PATH=${CMAKE_PREFIX_PATH}:/home/aliihsan/robot_ws/install/nav2_simple_commander:/opt/ros/humble /usr/bin/cmake --install /home/aliihsan/robot_ws/build/nav2_bringup
[0.352s] -- Install configuration: ""
[0.353s] -- Execute custom install script
[0.354s] -- Up-to-date symlink: /home/aliihsan/robot_ws/install/nav2_bringup/share/nav2_bringup/launch/bringup_launch.py
[0.354s] -- Up-to-date symlink: /home/aliihsan/robot_ws/install/nav2_bringup/share/nav2_bringup/launch/localization_launch.py
[0.354s] -- Up-to-date symlink: /home/aliihsan/robot_ws/install/nav2_bringup/share/nav2_bringup/launch/navigation_launch.py
[0.354s] -- Up-to-date symlink: /home/aliihsan/robot_ws/install/nav2_bringup/share/nav2_bringup/launch/slam_launch.py
[0.354s] -- Up-to-date symlink: /home/aliihsan/robot_ws/install/nav2_bringup/share/ament_index/resource_index/package_run_dependencies/nav2_bringup
[0.355s] -- Up-to-date symlink: /home/aliihsan/robot_ws/install/nav2_bringup/share/ament_index/resource_index/parent_prefix_path/nav2_bringup
[0.355s] -- Up-to-date symlink: /home/aliihsan/robot_ws/install/nav2_bringup/share/nav2_bringup/environment/ament_prefix_path.sh
[0.355s] -- Up-to-date symlink: /home/aliihsan/robot_ws/install/nav2_bringup/share/nav2_bringup/environment/ament_prefix_path.dsv
[0.355s] -- Up-to-date symlink: /home/aliihsan/robot_ws/install/nav2_bringup/share/nav2_bringup/environment/path.sh
[0.356s] -- Up-to-date symlink: /home/aliihsan/robot_ws/install/nav2_bringup/share/nav2_bringup/environment/path.dsv
[0.356s] -- Up-to-date symlink: /home/aliihsan/robot_ws/install/nav2_bringup/share/nav2_bringup/local_setup.bash
[0.356s] -- Up-to-date symlink: /home/aliihsan/robot_ws/install/nav2_bringup/share/nav2_bringup/local_setup.sh
[0.356s] -- Up-to-date symlink: /home/aliihsan/robot_ws/install/nav2_bringup/share/nav2_bringup/local_setup.zsh
[0.357s] -- Up-to-date symlink: /home/aliihsan/robot_ws/install/nav2_bringup/share/nav2_bringup/local_setup.dsv
[0.357s] -- Symlinking: /home/aliihsan/robot_ws/install/nav2_bringup/share/nav2_bringup/package.dsv
[0.366s] -- Up-to-date symlink: /home/aliihsan/robot_ws/install/nav2_bringup/share/ament_index/resource_index/packages/nav2_bringup
[0.366s] -- Up-to-date symlink: /home/aliihsan/robot_ws/install/nav2_bringup/share/nav2_bringup/cmake/nav2_bringupConfig.cmake
[0.366s] -- Up-to-date symlink: /home/aliihsan/robot_ws/install/nav2_bringup/share/nav2_bringup/cmake/nav2_bringupConfig-version.cmake
[0.367s] -- Up-to-date symlink: /home/aliihsan/robot_ws/install/nav2_bringup/share/nav2_bringup/package.xml
[0.370s] Invoked command in '/home/aliihsan/robot_ws/build/nav2_bringup' returned '0': CMAKE_PREFIX_PATH=${CMAKE_PREFIX_PATH}:/home/aliihsan/robot_ws/install/nav2_simple_commander:/opt/ros/humble /usr/bin/cmake --install /home/aliihsan/robot_ws/build/nav2_bringup
