[0.352s] Invoking command in '/home/aliihsan/robot_ws/build/pymoveit2': CMAKE_PREFIX_PATH=${CMAKE_PREFIX_PATH}:/home/aliihsan/robot_ws/install/nav2_simple_commander:/opt/ros/humble /usr/bin/cmake /home/aliihsan/robot_ws/src/pymoveit2 -DAMENT_CMAKE_SYMLINK_INSTALL=1 -DCMAKE_INSTALL_PREFIX=/home/aliihsan/robot_ws/install/pymoveit2
[0.361s] -- Found ament_cmake: 1.3.5 (/opt/ros/humble/share/ament_cmake/cmake)
[0.543s] -- Override CMake install command with custom implementation using symlinks instead of copying resources
[0.700s] -- Configuring done
[0.705s] -- Generating done
[0.707s] -- Build files have been written to: /home/aliihsan/robot_ws/build/pymoveit2
[0.710s] Invoked command in '/home/aliihsan/robot_ws/build/pymoveit2' returned '0': CMAKE_PREFIX_PATH=${CMAKE_PREFIX_PATH}:/home/aliihsan/robot_ws/install/nav2_simple_commander:/opt/ros/humble /usr/bin/cmake /home/aliihsan/robot_ws/src/pymoveit2 -DAMENT_CMAKE_SYMLINK_INSTALL=1 -DCMAKE_INSTALL_PREFIX=/home/aliihsan/robot_ws/install/pymoveit2
[0.714s] Invoking command in '/home/aliihsan/robot_ws/build/pymoveit2': CMAKE_PREFIX_PATH=${CMAKE_PREFIX_PATH}:/home/aliihsan/robot_ws/install/nav2_simple_commander:/opt/ros/humble /usr/bin/cmake --build /home/aliihsan/robot_ws/build/pymoveit2 -- -j8 -l8
[0.768s] Built target ament_cmake_python_symlink_pymoveit2
[1.060s] running egg_info
[1.060s] writing pymoveit2.egg-info/PKG-INFO
[1.061s] writing dependency_links to pymoveit2.egg-info/dependency_links.txt
[1.061s] writing top-level names to pymoveit2.egg-info/top_level.txt
[1.064s] reading manifest file 'pymoveit2.egg-info/SOURCES.txt'
[1.065s] writing manifest file 'pymoveit2.egg-info/SOURCES.txt'
[1.092s] Built target ament_cmake_python_build_pymoveit2_egg
[1.104s] Invoked command in '/home/aliihsan/robot_ws/build/pymoveit2' returned '0': CMAKE_PREFIX_PATH=${CMAKE_PREFIX_PATH}:/home/aliihsan/robot_ws/install/nav2_simple_commander:/opt/ros/humble /usr/bin/cmake --build /home/aliihsan/robot_ws/build/pymoveit2 -- -j8 -l8
[1.130s] Invoking command in '/home/aliihsan/robot_ws/build/pymoveit2': CMAKE_PREFIX_PATH=${CMAKE_PREFIX_PATH}:/home/aliihsan/robot_ws/install/nav2_simple_commander:/opt/ros/humble /usr/bin/cmake --install /home/aliihsan/robot_ws/build/pymoveit2
[1.137s] -- Install configuration: ""
[1.138s] -- Execute custom install script
[1.138s] -- Up-to-date symlink: /home/aliihsan/robot_ws/install/pymoveit2/share/pymoveit2/environment/pythonpath.sh
[1.138s] -- Up-to-date symlink: /home/aliihsan/robot_ws/install/pymoveit2/share/pymoveit2/environment/pythonpath.dsv
[1.139s] -- Up-to-date symlink: /home/aliihsan/robot_ws/install/pymoveit2/local/lib/python3.10/dist-packages/pymoveit2-2.1.0-py3.10.egg-info/PKG-INFO
[1.139s] -- Up-to-date symlink: /home/aliihsan/robot_ws/install/pymoveit2/local/lib/python3.10/dist-packages/pymoveit2-2.1.0-py3.10.egg-info/SOURCES.txt
[1.139s] -- Up-to-date symlink: /home/aliihsan/robot_ws/install/pymoveit2/local/lib/python3.10/dist-packages/pymoveit2-2.1.0-py3.10.egg-info/dependency_links.txt
[1.139s] -- Up-to-date symlink: /home/aliihsan/robot_ws/install/pymoveit2/local/lib/python3.10/dist-packages/pymoveit2-2.1.0-py3.10.egg-info/top_level.txt
[1.140s] -- Up-to-date symlink: /home/aliihsan/robot_ws/install/pymoveit2/local/lib/python3.10/dist-packages/pymoveit2/__init__.py
[1.140s] -- Up-to-date symlink: /home/aliihsan/robot_ws/install/pymoveit2/local/lib/python3.10/dist-packages/pymoveit2/gripper_command.py
[1.140s] -- Up-to-date symlink: /home/aliihsan/robot_ws/install/pymoveit2/local/lib/python3.10/dist-packages/pymoveit2/moveit2.py
[1.140s] -- Up-to-date symlink: /home/aliihsan/robot_ws/install/pymoveit2/local/lib/python3.10/dist-packages/pymoveit2/moveit2_gripper.py
[1.140s] -- Up-to-date symlink: /home/aliihsan/robot_ws/install/pymoveit2/local/lib/python3.10/dist-packages/pymoveit2/moveit2_servo.py
[1.141s] -- Up-to-date symlink: /home/aliihsan/robot_ws/install/pymoveit2/local/lib/python3.10/dist-packages/pymoveit2/robots/__init__.py
[1.141s] -- Up-to-date symlink: /home/aliihsan/robot_ws/install/pymoveit2/local/lib/python3.10/dist-packages/pymoveit2/robots/panda.py
[1.141s] -- Up-to-date symlink: /home/aliihsan/robot_ws/install/pymoveit2/local/lib/python3.10/dist-packages/pymoveit2/robots/ur5.py
[1.141s] -- Up-to-date symlink: /home/aliihsan/robot_ws/install/pymoveit2/lib/pymoveit2/ex_collision_object.py
[1.141s] -- Up-to-date symlink: /home/aliihsan/robot_ws/install/pymoveit2/lib/pymoveit2/ex_gripper_command.py
[1.141s] -- Up-to-date symlink: /home/aliihsan/robot_ws/install/pymoveit2/lib/pymoveit2/ex_gripper.py
[1.142s] -- Up-to-date symlink: /home/aliihsan/robot_ws/install/pymoveit2/lib/pymoveit2/ex_joint_goal.py
[1.142s] -- Up-to-date symlink: /home/aliihsan/robot_ws/install/pymoveit2/lib/pymoveit2/ex_pose_goal.py
[1.142s] -- Up-to-date symlink: /home/aliihsan/robot_ws/install/pymoveit2/lib/pymoveit2/ex_servo.py
[1.142s] -- Up-to-date symlink: /home/aliihsan/robot_ws/install/pymoveit2/share/ament_index/resource_index/package_run_dependencies/pymoveit2
[1.142s] -- Up-to-date symlink: /home/aliihsan/robot_ws/install/pymoveit2/share/ament_index/resource_index/parent_prefix_path/pymoveit2
[1.143s] -- Up-to-date symlink: /home/aliihsan/robot_ws/install/pymoveit2/share/pymoveit2/environment/ament_prefix_path.sh
[1.143s] -- Up-to-date symlink: /home/aliihsan/robot_ws/install/pymoveit2/share/pymoveit2/environment/ament_prefix_path.dsv
[1.143s] -- Up-to-date symlink: /home/aliihsan/robot_ws/install/pymoveit2/share/pymoveit2/environment/path.sh
[1.143s] -- Up-to-date symlink: /home/aliihsan/robot_ws/install/pymoveit2/share/pymoveit2/environment/path.dsv
[1.144s] -- Up-to-date symlink: /home/aliihsan/robot_ws/install/pymoveit2/share/pymoveit2/local_setup.bash
[1.144s] -- Up-to-date symlink: /home/aliihsan/robot_ws/install/pymoveit2/share/pymoveit2/local_setup.sh
[1.144s] -- Up-to-date symlink: /home/aliihsan/robot_ws/install/pymoveit2/share/pymoveit2/local_setup.zsh
[1.144s] -- Up-to-date symlink: /home/aliihsan/robot_ws/install/pymoveit2/share/pymoveit2/local_setup.dsv
[1.145s] -- Symlinking: /home/aliihsan/robot_ws/install/pymoveit2/share/pymoveit2/package.dsv
[1.154s] -- Up-to-date symlink: /home/aliihsan/robot_ws/install/pymoveit2/share/ament_index/resource_index/packages/pymoveit2
[1.154s] -- Up-to-date symlink: /home/aliihsan/robot_ws/install/pymoveit2/share/pymoveit2/cmake/pymoveit2Config.cmake
[1.155s] -- Up-to-date symlink: /home/aliihsan/robot_ws/install/pymoveit2/share/pymoveit2/cmake/pymoveit2Config-version.cmake
[1.155s] -- Up-to-date symlink: /home/aliihsan/robot_ws/install/pymoveit2/share/pymoveit2/package.xml
[1.186s] Listing '/home/aliihsan/robot_ws/install/pymoveit2/local/lib/python3.10/dist-packages/pymoveit2'...
[1.186s] Listing '/home/aliihsan/robot_ws/install/pymoveit2/local/lib/python3.10/dist-packages/pymoveit2/robots'...
[1.195s] Invoked command in '/home/aliihsan/robot_ws/build/pymoveit2' returned '0': CMAKE_PREFIX_PATH=${CMAKE_PREFIX_PATH}:/home/aliihsan/robot_ws/install/nav2_simple_commander:/opt/ros/humble /usr/bin/cmake --install /home/aliihsan/robot_ws/build/pymoveit2
