[0.028s] Invoking command in '/home/aliihsan/robot_ws/build/nav2_bringup': CMAKE_PREFIX_PATH=/opt/ros/humble /usr/bin/cmake /home/aliihsan/robot_ws/src/nav2_bringup -DAMENT_CMAKE_SYMLINK_INSTALL=1 -DCMAKE_INSTALL_PREFIX=/home/aliihsan/robot_ws/install/nav2_bringup
[0.351s] -- The C compiler identification is GNU 11.4.0
[0.351s] -- The CXX compiler identification is GNU 11.4.0
[0.351s] -- Detecting C compiler ABI info
[0.378s] -- Detecting C compiler ABI info - done
[0.388s] -- Check for working C compiler: /usr/bin/cc - skipped
[0.388s] -- Detecting C compile features
[0.389s] -- Detecting C compile features - done
[0.392s] -- Detecting CXX compiler ABI info
[0.489s] -- Detecting CXX compiler ABI info - done
[0.498s] -- Check for working CXX compiler: /usr/bin/c++ - skipped
[0.498s] -- Detecting CXX compile features
[0.499s] -- Detecting CXX compile features - done
[0.509s] -- Found ament_cmake: 1.3.5 (/opt/ros/humble/share/ament_cmake/cmake)
[0.690s] -- Found Python3: /usr/bin/python3.10 (found version "3.10.12") found components: Interpreter 
[0.758s] -- Override CMake install command with custom implementation using symlinks instead of copying resources
[0.793s] -- Found ament_lint_auto: 0.12.7 (/opt/ros/humble/share/ament_lint_auto/cmake)
[0.891s] -- Added test 'lint_cmake' to check CMake code style
[0.893s] -- Added test 'xmllint' to check XML markup files
[0.895s] -- Configuring done
[0.898s] -- Generating done
[0.900s] -- Build files have been written to: /home/aliihsan/robot_ws/build/nav2_bringup
[0.904s] Invoked command in '/home/aliihsan/robot_ws/build/nav2_bringup' returned '0': CMAKE_PREFIX_PATH=/opt/ros/humble /usr/bin/cmake /home/aliihsan/robot_ws/src/nav2_bringup -DAMENT_CMAKE_SYMLINK_INSTALL=1 -DCMAKE_INSTALL_PREFIX=/home/aliihsan/robot_ws/install/nav2_bringup
[0.907s] Invoking command in '/home/aliihsan/robot_ws/build/nav2_bringup': CMAKE_PREFIX_PATH=/opt/ros/humble /usr/bin/cmake --build /home/aliihsan/robot_ws/build/nav2_bringup -- -j8 -l8
[0.946s] Invoked command in '/home/aliihsan/robot_ws/build/nav2_bringup' returned '0': CMAKE_PREFIX_PATH=/opt/ros/humble /usr/bin/cmake --build /home/aliihsan/robot_ws/build/nav2_bringup -- -j8 -l8
[0.970s] Invoking command in '/home/aliihsan/robot_ws/build/nav2_bringup': CMAKE_PREFIX_PATH=/opt/ros/humble /usr/bin/cmake --install /home/aliihsan/robot_ws/build/nav2_bringup
[0.978s] -- Install configuration: ""
[0.979s] -- Execute custom install script
[0.979s] -- Symlinking: /home/aliihsan/robot_ws/install/nav2_bringup/share/ament_index/resource_index/package_run_dependencies/nav2_bringup
[0.989s] -- Symlinking: /home/aliihsan/robot_ws/install/nav2_bringup/share/ament_index/resource_index/parent_prefix_path/nav2_bringup
[1.000s] -- Symlinking: /home/aliihsan/robot_ws/install/nav2_bringup/share/nav2_bringup/environment/ament_prefix_path.sh
[1.013s] -- Symlinking: /home/aliihsan/robot_ws/install/nav2_bringup/share/nav2_bringup/environment/ament_prefix_path.dsv
[1.026s] -- Symlinking: /home/aliihsan/robot_ws/install/nav2_bringup/share/nav2_bringup/environment/path.sh
[1.038s] -- Symlinking: /home/aliihsan/robot_ws/install/nav2_bringup/share/nav2_bringup/environment/path.dsv
[1.052s] -- Symlinking: /home/aliihsan/robot_ws/install/nav2_bringup/share/nav2_bringup/local_setup.bash
[1.061s] -- Symlinking: /home/aliihsan/robot_ws/install/nav2_bringup/share/nav2_bringup/local_setup.sh
[1.072s] -- Symlinking: /home/aliihsan/robot_ws/install/nav2_bringup/share/nav2_bringup/local_setup.zsh
[1.083s] -- Symlinking: /home/aliihsan/robot_ws/install/nav2_bringup/share/nav2_bringup/local_setup.dsv
[1.094s] -- Symlinking: /home/aliihsan/robot_ws/install/nav2_bringup/share/nav2_bringup/package.dsv
[1.104s] -- Symlinking: /home/aliihsan/robot_ws/install/nav2_bringup/share/ament_index/resource_index/packages/nav2_bringup
[1.114s] -- Symlinking: /home/aliihsan/robot_ws/install/nav2_bringup/share/nav2_bringup/cmake/nav2_bringupConfig.cmake
[1.124s] -- Symlinking: /home/aliihsan/robot_ws/install/nav2_bringup/share/nav2_bringup/cmake/nav2_bringupConfig-version.cmake
[1.133s] -- Symlinking: /home/aliihsan/robot_ws/install/nav2_bringup/share/nav2_bringup/package.xml
[1.148s] Invoked command in '/home/aliihsan/robot_ws/build/nav2_bringup' returned '0': CMAKE_PREFIX_PATH=/opt/ros/humble /usr/bin/cmake --install /home/aliihsan/robot_ws/build/nav2_bringup
