running egg_info
creating build/nav2_simple_commander/nav2_simple_commander.egg-info
writing build/nav2_simple_commander/nav2_simple_commander.egg-info/PKG-INFO
writing dependency_links to build/nav2_simple_commander/nav2_simple_commander.egg-info/dependency_links.txt
writing entry points to build/nav2_simple_commander/nav2_simple_commander.egg-info/entry_points.txt
writing requirements to build/nav2_simple_commander/nav2_simple_commander.egg-info/requires.txt
writing top-level names to build/nav2_simple_commander/nav2_simple_commander.egg-info/top_level.txt
writing manifest file 'build/nav2_simple_commander/nav2_simple_commander.egg-info/SOURCES.txt'
reading manifest file 'build/nav2_simple_commander/nav2_simple_commander.egg-info/SOURCES.txt'
writing manifest file 'build/nav2_simple_commander/nav2_simple_commander.egg-info/SOURCES.txt'
running build
running build_py
creating /home/aliihsan/robot_ws/src/nav2_simple_commander/build/nav2_simple_commander/build
creating /home/aliihsan/robot_ws/src/nav2_simple_commander/build/nav2_simple_commander/build/lib
creating /home/aliihsan/robot_ws/src/nav2_simple_commander/build/nav2_simple_commander/build/lib/nav2_simple_commander
copying nav2_simple_commander/__init__.py -> /home/aliihsan/robot_ws/src/nav2_simple_commander/build/nav2_simple_commander/build/lib/nav2_simple_commander
copying nav2_simple_commander/example_follow_path.py -> /home/aliihsan/robot_ws/src/nav2_simple_commander/build/nav2_simple_commander/build/lib/nav2_simple_commander
running install
/usr/lib/python3/dist-packages/setuptools/command/install.py:34: SetuptoolsDeprecationWarning: setup.py install is deprecated. Use build and pip and other standards-based tools.
  warnings.warn(
running install_lib
creating /home/aliihsan/robot_ws/src/nav2_simple_commander/install/nav2_simple_commander/lib/python3.10/site-packages/nav2_simple_commander
copying /home/aliihsan/robot_ws/src/nav2_simple_commander/build/nav2_simple_commander/build/lib/nav2_simple_commander/__init__.py -> /home/aliihsan/robot_ws/src/nav2_simple_commander/install/nav2_simple_commander/lib/python3.10/site-packages/nav2_simple_commander
copying /home/aliihsan/robot_ws/src/nav2_simple_commander/build/nav2_simple_commander/build/lib/nav2_simple_commander/example_follow_path.py -> /home/aliihsan/robot_ws/src/nav2_simple_commander/install/nav2_simple_commander/lib/python3.10/site-packages/nav2_simple_commander
byte-compiling /home/aliihsan/robot_ws/src/nav2_simple_commander/install/nav2_simple_commander/lib/python3.10/site-packages/nav2_simple_commander/__init__.py to __init__.cpython-310.pyc
byte-compiling /home/aliihsan/robot_ws/src/nav2_simple_commander/install/nav2_simple_commander/lib/python3.10/site-packages/nav2_simple_commander/example_follow_path.py to example_follow_path.cpython-310.pyc
running install_data
creating /home/aliihsan/robot_ws/src/nav2_simple_commander/install/nav2_simple_commander/share/ament_index
creating /home/aliihsan/robot_ws/src/nav2_simple_commander/install/nav2_simple_commander/share/ament_index/resource_index
creating /home/aliihsan/robot_ws/src/nav2_simple_commander/install/nav2_simple_commander/share/ament_index/resource_index/packages
copying resource/nav2_simple_commander -> /home/aliihsan/robot_ws/src/nav2_simple_commander/install/nav2_simple_commander/share/ament_index/resource_index/packages
copying package.xml -> /home/aliihsan/robot_ws/src/nav2_simple_commander/install/nav2_simple_commander/share/nav2_simple_commander
running install_egg_info
Copying build/nav2_simple_commander/nav2_simple_commander.egg-info to /home/aliihsan/robot_ws/src/nav2_simple_commander/install/nav2_simple_commander/lib/python3.10/site-packages/nav2_simple_commander-0.0.0-py3.10.egg-info
running install_scripts
writing list of installed files to '/home/aliihsan/robot_ws/src/nav2_simple_commander/build/nav2_simple_commander/install.log'
