[0.701s] Invoking command in '/home/aliihsan/robot_ws/build/nav2_simple_commander': PYTHONPATH=/home/aliihsan/robot_ws/build/nav2_simple_commander/prefix_override:/home/aliihsan/robot_ws/install/nav2_simple_commander/lib/python3.10/site-packages:${PYTHONPATH} /usr/bin/python3 setup.py develop --editable --build-directory /home/aliihsan/robot_ws/build/nav2_simple_commander/build --no-deps install_data
[1.012s] running develop
[1.012s] /usr/lib/python3/dist-packages/setuptools/command/easy_install.py:158: EasyInstallDeprecationWarning: easy_install command is deprecated. Use build and pip and other standards-based tools.
[1.012s]   warnings.warn(
[1.014s] /usr/lib/python3/dist-packages/setuptools/command/install.py:34: SetuptoolsDeprecationWarning: setup.py install is deprecated. Use build and pip and other standards-based tools.
[1.014s]   warnings.warn(
[1.236s] running egg_info
[1.236s] writing nav2_simple_commander.egg-info/PKG-INFO
[1.236s] writing dependency_links to nav2_simple_commander.egg-info/dependency_links.txt
[1.236s] writing entry points to nav2_simple_commander.egg-info/entry_points.txt
[1.237s] writing requirements to nav2_simple_commander.egg-info/requires.txt
[1.237s] writing top-level names to nav2_simple_commander.egg-info/top_level.txt
[1.240s] reading manifest file 'nav2_simple_commander.egg-info/SOURCES.txt'
[1.241s] writing manifest file 'nav2_simple_commander.egg-info/SOURCES.txt'
[1.243s] running build_ext
[1.243s] Creating /home/aliihsan/robot_ws/install/nav2_simple_commander/lib/python3.10/site-packages/nav2-simple-commander.egg-link (link to .)
[1.245s] 
[1.245s] Installed /home/aliihsan/robot_ws/build/nav2_simple_commander
[1.245s] running install_data
[1.289s] Invoked command in '/home/aliihsan/robot_ws/build/nav2_simple_commander' returned '0': PYTHONPATH=/home/aliihsan/robot_ws/build/nav2_simple_commander/prefix_override:/home/aliihsan/robot_ws/install/nav2_simple_commander/lib/python3.10/site-packages:${PYTHONPATH} /usr/bin/python3 setup.py develop --editable --build-directory /home/aliihsan/robot_ws/build/nav2_simple_commander/build --no-deps install_data
