[0.699s] Invoking command in '/home/aliihsan/robot_ws/build/nav2_simple_commander': PYTHONPATH=/home/aliihsan/robot_ws/build/nav2_simple_commander/prefix_override:/home/aliihsan/robot_ws/install/nav2_simple_commander/lib/python3.10/site-packages:${PYTHONPATH} /usr/bin/python3 setup.py develop --editable --build-directory /home/aliihsan/robot_ws/build/nav2_simple_commander/build --no-deps install_data
[0.973s] running develop
[0.973s] /usr/lib/python3/dist-packages/setuptools/command/easy_install.py:158: EasyInstallDeprecationWarning: easy_install command is deprecated. Use build and pip and other standards-based tools.
[0.973s]   warnings.warn(
[0.974s] /usr/lib/python3/dist-packages/setuptools/command/install.py:34: SetuptoolsDeprecationWarning: setup.py install is deprecated. Use build and pip and other standards-based tools.
[0.974s]   warnings.warn(
[1.153s] running egg_info
[1.154s] writing nav2_simple_commander.egg-info/PKG-INFO
[1.154s] writing dependency_links to nav2_simple_commander.egg-info/dependency_links.txt
[1.154s] writing entry points to nav2_simple_commander.egg-info/entry_points.txt
[1.154s] writing requirements to nav2_simple_commander.egg-info/requires.txt
[1.154s] writing top-level names to nav2_simple_commander.egg-info/top_level.txt
[1.157s] reading manifest file 'nav2_simple_commander.egg-info/SOURCES.txt'
[1.158s] writing manifest file 'nav2_simple_commander.egg-info/SOURCES.txt'
[1.160s] running build_ext
[1.160s] Creating /home/aliihsan/robot_ws/install/nav2_simple_commander/lib/python3.10/site-packages/nav2-simple-commander.egg-link (link to .)
[1.161s] 
[1.161s] Installed /home/aliihsan/robot_ws/build/nav2_simple_commander
[1.161s] running install_data
[1.188s] Invoked command in '/home/aliihsan/robot_ws/build/nav2_simple_commander' returned '0': PYTHONPATH=/home/aliihsan/robot_ws/build/nav2_simple_commander/prefix_override:/home/aliihsan/robot_ws/install/nav2_simple_commander/lib/python3.10/site-packages:${PYTHONPATH} /usr/bin/python3 setup.py develop --editable --build-directory /home/aliihsan/robot_ws/build/nav2_simple_commander/build --no-deps install_data
