[0.067s] Invoking command in '/home/aliihsan/robot_ws/build/multi_robot_arm': CMAKE_PREFIX_PATH=${CMAKE_PREFIX_PATH}:/opt/ros/humble /usr/bin/cmake --build /home/aliihsan/robot_ws/build/multi_robot_arm -- -j8 -l8
[0.245s] -- Found ament_cmake: 1.3.5 (/opt/ros/humble/share/ament_cmake/cmake)
[0.679s] -- Override CMake install command with custom implementation using symlinks instead of copying resources
[0.805s] -- Found rclcpp: 16.0.5 (/opt/ros/humble/share/rclcpp/cmake)
[1.121s] -- Found rosidl_generator_c: 3.1.5 (/opt/ros/humble/share/rosidl_generator_c/cmake)
[1.146s] -- Found rosidl_adapter: 3.1.5 (/opt/ros/humble/share/rosidl_adapter/cmake)
[1.189s] -- Found rosidl_generator_cpp: 3.1.5 (/opt/ros/humble/share/rosidl_generator_cpp/cmake)
[1.246s] -- Using all available rosidl_typesupport_c: rosidl_typesupport_fastrtps_c;rosidl_typesupport_introspection_c
[1.366s] -- Using all available rosidl_typesupport_cpp: rosidl_typesupport_fastrtps_cpp;rosidl_typesupport_introspection_cpp
[1.641s] -- Found rmw_implementation_cmake: 6.1.1 (/opt/ros/humble/share/rmw_implementation_cmake/cmake)
[1.642s] -- Found rmw_fastrtps_cpp: 6.2.3 (/opt/ros/humble/share/rmw_fastrtps_cpp/cmake)
[1.990s] -- Using RMW implementation 'rmw_fastrtps_cpp' as default
[2.510s] -- Found gazebo_ros: 3.7.0 (/opt/ros/humble/share/gazebo_ros/cmake)
[2.612s] -- Found DART: /usr/include (Required is at least version "6.6") found components: dart 
[2.706s] -- Found Protobuf: /usr/lib/x86_64-linux-gnu/libprotobuf.so (found version "3.12.4") 
[2.715s] -- Looking for ignition-math6 -- found version 6.15.0
[2.726s] -- Searching for dependencies of ignition-math6
[2.734s] -- Looking for OGRE...
[2.742s] -- Found Ogre Ghadamon (1.9.0)
[2.753s] -- Found OGRE: optimized;/usr/lib/x86_64-linux-gnu/libOgreMain.so;debug;/usr/lib/x86_64-linux-gnu/libOgreMain.so
[2.769s] -- Looking for OGRE_Paging...
[2.770s] -- Found OGRE_Paging: optimized;/usr/lib/x86_64-linux-gnu/libOgrePaging.so;debug;/usr/lib/x86_64-linux-gnu/libOgrePaging.so
[2.771s] -- Looking for OGRE_Terrain...
[2.772s] -- Found OGRE_Terrain: optimized;/usr/lib/x86_64-linux-gnu/libOgreTerrain.so;debug;/usr/lib/x86_64-linux-gnu/libOgreTerrain.so
[2.773s] -- Looking for OGRE_Property...
[2.774s] -- Found OGRE_Property: optimized;/usr/lib/x86_64-linux-gnu/libOgreProperty.so;debug;/usr/lib/x86_64-linux-gnu/libOgreProperty.so
[2.775s] -- Looking for OGRE_RTShaderSystem...
[2.776s] -- Found OGRE_RTShaderSystem: optimized;/usr/lib/x86_64-linux-gnu/libOgreRTShaderSystem.so;debug;/usr/lib/x86_64-linux-gnu/libOgreRTShaderSystem.so
[2.776s] -- Looking for OGRE_Volume...
[2.777s] -- Found OGRE_Volume: optimized;/usr/lib/x86_64-linux-gnu/libOgreVolume.so;debug;/usr/lib/x86_64-linux-gnu/libOgreVolume.so
[2.779s] -- Looking for OGRE_Overlay...
[2.779s] -- Found OGRE_Overlay: optimized;/usr/lib/x86_64-linux-gnu/libOgreOverlay.so;debug;/usr/lib/x86_64-linux-gnu/libOgreOverlay.so
[2.989s] -- Looking for ignition-math6 -- found version 6.15.0
[2.999s] -- Looking for ignition-transport8 -- found version 8.2.1
[2.999s] -- Searching for dependencies of ignition-transport8
[3.035s] -- Found Protobuf: /usr/lib/x86_64-linux-gnu/libprotobuf.so (found suitable version "3.12.4", minimum required is "3") 
[3.064s] -- Config-file not installed for ZeroMQ -- checking for pkg-config
[3.076s] -- Checking for module 'libzmq >= 4'
[3.110s] --   Found libzmq , version 4.3.4
[3.212s] -- Checking for module 'uuid'
[3.249s] --   Found uuid, version 2.37.2
[3.318s] -- Looking for ignition-msgs5 -- found version 5.8.1
[3.319s] -- Searching for dependencies of ignition-msgs5
[3.353s] -- Looking for ignition-math6 -- found version 6.15.0
[3.363s] -- Checking for module 'tinyxml2'
[3.386s] --   Found tinyxml2, version 9.0.0
[3.453s] -- Looking for ignition-msgs5 -- found version 5.8.1
[3.454s] -- Looking for ignition-common3 -- found version 3.14.0
[3.456s] -- Searching for dependencies of ignition-common3
[3.457s] -- Looking for dlfcn.h - found
[3.458s] -- Looking for libdl - found
[3.485s] -- Searching for <ignition-common3> component [graphics]
[3.486s] -- Looking for ignition-common3-graphics -- found version 3.14.0
[3.487s] -- Searching for dependencies of ignition-common3-graphics
[3.487s] -- Looking for ignition-math6 -- found version 6.15.0
[3.499s] -- Looking for ignition-fuel_tools4 -- found version 4.4.0
[3.499s] -- Searching for dependencies of ignition-fuel_tools4
[3.575s] -- Checking for module 'jsoncpp'
[3.614s] --   Found jsoncpp, version 1.9.5
[3.683s] -- Checking for module 'libzip'
[3.717s] --   Found libzip, version 1.7.3
[3.809s] -- Looking for ignition-common3 -- found version 3.14.0
[3.810s] -- Looking for ignition-math6 -- found version 6.15.0
[3.811s] -- Looking for ignition-msgs5 -- found version 5.8.1
[3.825s] -- Gazebo version: 11.10
[3.961s] -- Configuring done
[3.980s] -- Generating done
[3.984s] -- Build files have been written to: /home/aliihsan/robot_ws/build/multi_robot_arm
[4.038s] Invoked command in '/home/aliihsan/robot_ws/build/multi_robot_arm' returned '0': CMAKE_PREFIX_PATH=${CMAKE_PREFIX_PATH}:/opt/ros/humble /usr/bin/cmake --build /home/aliihsan/robot_ws/build/multi_robot_arm -- -j8 -l8
[4.116s] Invoking command in '/home/aliihsan/robot_ws/build/multi_robot_arm': CMAKE_PREFIX_PATH=${CMAKE_PREFIX_PATH}:/opt/ros/humble /usr/bin/cmake --install /home/aliihsan/robot_ws/build/multi_robot_arm
[4.138s] -- Install configuration: ""
[4.138s] -- Execute custom install script
[4.139s] -- Up-to-date symlink: /home/aliihsan/robot_ws/install/multi_robot_arm/share/multi_robot_arm/launch/gazebo_arm.launch.py
[4.139s] -- Up-to-date symlink: /home/aliihsan/robot_ws/install/multi_robot_arm/share/multi_robot_arm/launch/joystick.launch.py
[4.139s] -- Up-to-date symlink: /home/aliihsan/robot_ws/install/multi_robot_arm/share/multi_robot_arm/launch/localization_launch.py
[4.139s] -- Up-to-date symlink: /home/aliihsan/robot_ws/install/multi_robot_arm/share/multi_robot_arm/launch/navigation_launch.py
[4.140s] -- Up-to-date symlink: /home/aliihsan/robot_ws/install/multi_robot_arm/share/multi_robot_arm/launch/online_async_launch.py
[4.140s] -- Up-to-date symlink: /home/aliihsan/robot_ws/install/multi_robot_arm/share/multi_robot_arm/launch/simple_bot.launch.py
[4.140s] -- Up-to-date symlink: /home/aliihsan/robot_ws/install/multi_robot_arm/share/multi_robot_arm/launch/test.launch.py
[4.141s] -- Up-to-date symlink: /home/aliihsan/robot_ws/install/multi_robot_arm/share/multi_robot_arm/config/control.yaml
[4.141s] -- Up-to-date symlink: /home/aliihsan/robot_ws/install/multi_robot_arm/share/multi_robot_arm/config/gaz_ros2_ctl_use_sim.yaml
[4.141s] -- Up-to-date symlink: /home/aliihsan/robot_ws/install/multi_robot_arm/share/multi_robot_arm/config/gazebo_params.yaml
[4.142s] -- Up-to-date symlink: /home/aliihsan/robot_ws/install/multi_robot_arm/share/multi_robot_arm/config/joystick.yaml
[4.142s] -- Up-to-date symlink: /home/aliihsan/robot_ws/install/multi_robot_arm/share/multi_robot_arm/config/main.rviz
[4.142s] -- Up-to-date symlink: /home/aliihsan/robot_ws/install/multi_robot_arm/share/multi_robot_arm/config/map.rviz
[4.142s] -- Up-to-date symlink: /home/aliihsan/robot_ws/install/multi_robot_arm/share/multi_robot_arm/config/mapper_params_online_async.yaml
[4.143s] -- Up-to-date symlink: /home/aliihsan/robot_ws/install/multi_robot_arm/share/multi_robot_arm/config/my_controllers.yaml
[4.143s] -- Up-to-date symlink: /home/aliihsan/robot_ws/install/multi_robot_arm/share/multi_robot_arm/config/nav2_params.yaml
[4.144s] -- Up-to-date symlink: /home/aliihsan/robot_ws/install/multi_robot_arm/share/multi_robot_arm/config/twist_mux.yaml
[4.144s] -- Up-to-date symlink: /home/aliihsan/robot_ws/install/multi_robot_arm/share/multi_robot_arm/config/ur/ur5/chomp_planning.yaml
[4.144s] -- Up-to-date symlink: /home/aliihsan/robot_ws/install/multi_robot_arm/share/multi_robot_arm/config/ur/ur5/default_kinematics.yaml
[4.149s] -- Up-to-date symlink: /home/aliihsan/robot_ws/install/multi_robot_arm/share/multi_robot_arm/config/ur/ur5/initial_positions.yaml
[4.149s] -- Up-to-date symlink: /home/aliihsan/robot_ws/install/multi_robot_arm/share/multi_robot_arm/config/ur/ur5/joint_limits.yaml
[4.149s] -- Up-to-date symlink: /home/aliihsan/robot_ws/install/multi_robot_arm/share/multi_robot_arm/config/ur/ur5/joint_limits_planning.yaml
[4.149s] -- Up-to-date symlink: /home/aliihsan/robot_ws/install/multi_robot_arm/share/multi_robot_arm/config/ur/ur5/kinematics.yaml
[4.150s] -- Up-to-date symlink: /home/aliihsan/robot_ws/install/multi_robot_arm/share/multi_robot_arm/config/ur/ur5/moveit_controller_manager.yaml
[4.157s] -- Up-to-date symlink: /home/aliihsan/robot_ws/install/multi_robot_arm/share/multi_robot_arm/config/ur/ur5/ompl_planning.yaml
[4.157s] -- Up-to-date symlink: /home/aliihsan/robot_ws/install/multi_robot_arm/share/multi_robot_arm/config/ur/ur5/physical_parameters.yaml
[4.158s] -- Up-to-date symlink: /home/aliihsan/robot_ws/install/multi_robot_arm/share/multi_robot_arm/config/ur/ur5/robot.srdf
[4.158s] -- Up-to-date symlink: /home/aliihsan/robot_ws/install/multi_robot_arm/share/multi_robot_arm/config/ur/ur5/ros_controllers_robot.yaml
[4.158s] -- Up-to-date symlink: /home/aliihsan/robot_ws/install/multi_robot_arm/share/multi_robot_arm/config/ur/ur5/visual_parameters.yaml
[4.159s] -- Up-to-date symlink: /home/aliihsan/robot_ws/install/multi_robot_arm/share/multi_robot_arm/urdf/bcr_bot.xacro
[4.159s] -- Up-to-date symlink: /home/aliihsan/robot_ws/install/multi_robot_arm/share/multi_robot_arm/urdf/bcr_bot_copy.xacro
[4.160s] -- Up-to-date symlink: /home/aliihsan/robot_ws/install/multi_robot_arm/share/multi_robot_arm/urdf/common_properties.urdf
[4.160s] -- Up-to-date symlink: /home/aliihsan/robot_ws/install/multi_robot_arm/share/multi_robot_arm/urdf/diffbot.urdf.xacro
[4.160s] -- Up-to-date symlink: /home/aliihsan/robot_ws/install/multi_robot_arm/share/multi_robot_arm/urdf/diffbot_system.urdf.xacro
[4.160s] -- Up-to-date symlink: /home/aliihsan/robot_ws/install/multi_robot_arm/share/multi_robot_arm/urdf/gazebo.xacro
[4.161s] -- Up-to-date symlink: /home/aliihsan/robot_ws/install/multi_robot_arm/share/multi_robot_arm/urdf/gazebo_control.xacro
[4.161s] -- Up-to-date symlink: /home/aliihsan/robot_ws/install/multi_robot_arm/share/multi_robot_arm/urdf/gazebo_control_copy.xacro
[4.161s] -- Up-to-date symlink: /home/aliihsan/robot_ws/install/multi_robot_arm/share/multi_robot_arm/urdf/gz.xacro
[4.161s] -- Up-to-date symlink: /home/aliihsan/robot_ws/install/multi_robot_arm/share/multi_robot_arm/urdf/inertial_macros.xacro
[4.162s] -- Up-to-date symlink: /home/aliihsan/robot_ws/install/multi_robot_arm/share/multi_robot_arm/urdf/lidar.xacro
[4.162s] -- Up-to-date symlink: /home/aliihsan/robot_ws/install/multi_robot_arm/share/multi_robot_arm/urdf/logotest.xacro
[4.162s] -- Up-to-date symlink: /home/aliihsan/robot_ws/install/multi_robot_arm/share/multi_robot_arm/urdf/macros.xacro
[4.163s] -- Up-to-date symlink: /home/aliihsan/robot_ws/install/multi_robot_arm/share/multi_robot_arm/urdf/materials.xacro
[4.163s] -- Up-to-date symlink: /home/aliihsan/robot_ws/install/multi_robot_arm/share/multi_robot_arm/urdf/omni_drive.urdf.xacro
[4.164s] -- Up-to-date symlink: /home/aliihsan/robot_ws/install/multi_robot_arm/share/multi_robot_arm/urdf/ur/inc/ur_common.xacro
[4.164s] -- Up-to-date symlink: /home/aliihsan/robot_ws/install/multi_robot_arm/share/multi_robot_arm/urdf/ur/inc/ur_transmissions.xacro
[4.165s] -- Up-to-date symlink: /home/aliihsan/robot_ws/install/multi_robot_arm/share/multi_robot_arm/urdf/ur/meshes/ur5/collision/base.stl
[4.165s] -- Up-to-date symlink: /home/aliihsan/robot_ws/install/multi_robot_arm/share/multi_robot_arm/urdf/ur/meshes/ur5/collision/forearm.stl
[4.166s] -- Up-to-date symlink: /home/aliihsan/robot_ws/install/multi_robot_arm/share/multi_robot_arm/urdf/ur/meshes/ur5/collision/shoulder.stl
[4.166s] -- Up-to-date symlink: /home/aliihsan/robot_ws/install/multi_robot_arm/share/multi_robot_arm/urdf/ur/meshes/ur5/collision/upperarm.stl
[4.167s] -- Up-to-date symlink: /home/aliihsan/robot_ws/install/multi_robot_arm/share/multi_robot_arm/urdf/ur/meshes/ur5/collision/wrist1.stl
[4.168s] -- Up-to-date symlink: /home/aliihsan/robot_ws/install/multi_robot_arm/share/multi_robot_arm/urdf/ur/meshes/ur5/collision/wrist2.stl
[4.168s] -- Up-to-date symlink: /home/aliihsan/robot_ws/install/multi_robot_arm/share/multi_robot_arm/urdf/ur/meshes/ur5/collision/wrist3.stl
[4.169s] -- Up-to-date symlink: /home/aliihsan/robot_ws/install/multi_robot_arm/share/multi_robot_arm/urdf/ur/meshes/ur5/visual/base.dae
[4.169s] -- Up-to-date symlink: /home/aliihsan/robot_ws/install/multi_robot_arm/share/multi_robot_arm/urdf/ur/meshes/ur5/visual/forearm.dae
[4.169s] -- Up-to-date symlink: /home/aliihsan/robot_ws/install/multi_robot_arm/share/multi_robot_arm/urdf/ur/meshes/ur5/visual/shoulder.dae
[4.169s] -- Up-to-date symlink: /home/aliihsan/robot_ws/install/multi_robot_arm/share/multi_robot_arm/urdf/ur/meshes/ur5/visual/upperarm.dae
[4.169s] -- Up-to-date symlink: /home/aliihsan/robot_ws/install/multi_robot_arm/share/multi_robot_arm/urdf/ur/meshes/ur5/visual/wrist1.dae
[4.169s] -- Up-to-date symlink: /home/aliihsan/robot_ws/install/multi_robot_arm/share/multi_robot_arm/urdf/ur/meshes/ur5/visual/wrist2.dae
[4.170s] -- Up-to-date symlink: /home/aliihsan/robot_ws/install/multi_robot_arm/share/multi_robot_arm/urdf/ur/meshes/ur5/visual/wrist3.dae
[4.170s] -- Up-to-date symlink: /home/aliihsan/robot_ws/install/multi_robot_arm/share/multi_robot_arm/urdf/ur/ur5/ur_macro.xacro
[4.170s] -- Up-to-date symlink: /home/aliihsan/robot_ws/install/multi_robot_arm/share/multi_robot_arm/urdf/ur/ur5/ur_ros2_control.xacro
[4.170s] -- Up-to-date symlink: /home/aliihsan/robot_ws/install/multi_robot_arm/share/multi_robot_arm/urdf/ur/ur5/ur_urdf.xacro
[4.170s] -- Up-to-date symlink: /home/aliihsan/robot_ws/install/multi_robot_arm/share/multi_robot_arm/models/rwthlogo/materials/scripts/rwthlogo.material
[4.170s] -- Up-to-date symlink: /home/aliihsan/robot_ws/install/multi_robot_arm/share/multi_robot_arm/models/rwthlogo/materials/textures/logo.png
[4.170s] -- Up-to-date symlink: /home/aliihsan/robot_ws/install/multi_robot_arm/share/multi_robot_arm/models/rwthlogo/model.config
[4.181s] -- Up-to-date symlink: /home/aliihsan/robot_ws/install/multi_robot_arm/share/multi_robot_arm/models/rwthlogo/model.sdf
[4.182s] -- Up-to-date symlink: /home/aliihsan/robot_ws/install/multi_robot_arm/share/multi_robot_arm/meshes/arm_base.stl
[4.182s] -- Up-to-date symlink: /home/aliihsan/robot_ws/install/multi_robot_arm/share/multi_robot_arm/meshes/bcr_bot_mesh.dae
[4.182s] -- Up-to-date symlink: /home/aliihsan/robot_ws/install/multi_robot_arm/share/multi_robot_arm/meshes/bicep.stl
[4.182s] -- Up-to-date symlink: /home/aliihsan/robot_ws/install/multi_robot_arm/share/multi_robot_arm/meshes/elbow.stl
[4.183s] -- Up-to-date symlink: /home/aliihsan/robot_ws/install/multi_robot_arm/share/multi_robot_arm/meshes/kinect/d415.dae
[4.183s] -- Up-to-date symlink: /home/aliihsan/robot_ws/install/multi_robot_arm/share/multi_robot_arm/meshes/kinect/kinect.dae
[4.183s] -- Up-to-date symlink: /home/aliihsan/robot_ws/install/multi_robot_arm/share/multi_robot_arm/meshes/kinect/kinect.jpg
[4.183s] -- Up-to-date symlink: /home/aliihsan/robot_ws/install/multi_robot_arm/share/multi_robot_arm/meshes/kinect/kinect.tga
[4.184s] -- Up-to-date symlink: /home/aliihsan/robot_ws/install/multi_robot_arm/share/multi_robot_arm/meshes/logo.dae
[4.184s] -- Up-to-date symlink: /home/aliihsan/robot_ws/install/multi_robot_arm/share/multi_robot_arm/meshes/logo1.png
[4.184s] -- Up-to-date symlink: /home/aliihsan/robot_ws/install/multi_robot_arm/share/multi_robot_arm/meshes/realsense_texture.png
[4.184s] -- Up-to-date symlink: /home/aliihsan/robot_ws/install/multi_robot_arm/share/multi_robot_arm/meshes/robot_base.stl
[4.184s] -- Up-to-date symlink: /home/aliihsan/robot_ws/install/multi_robot_arm/share/multi_robot_arm/meshes/wheel.stl
[4.185s] -- Up-to-date symlink: /home/aliihsan/robot_ws/install/multi_robot_arm/share/multi_robot_arm/meshes/wrist.stl
[4.185s] -- Up-to-date symlink: /home/aliihsan/robot_ws/install/multi_robot_arm/share/multi_robot_arm/worlds/empty.world
[4.185s] -- Up-to-date symlink: /home/aliihsan/robot_ws/install/multi_robot_arm/share/multi_robot_arm/worlds/warehouse.world
[4.186s] -- Symlinking: /home/aliihsan/robot_ws/install/multi_robot_arm/share/multi_robot_arm/nav2folder/__init__.py
[4.213s] -- Symlinking: /home/aliihsan/robot_ws/install/multi_robot_arm/share/multi_robot_arm/nav2folder/example_follow_path.py
[4.242s] -- Up-to-date symlink: /home/aliihsan/robot_ws/install/multi_robot_arm/share/multi_robot_arm/environment/multi_robot_arm.dsv
[4.242s] -- Up-to-date symlink: /home/aliihsan/robot_ws/install/multi_robot_arm/share/ament_index/resource_index/package_run_dependencies/multi_robot_arm
[4.242s] -- Up-to-date symlink: /home/aliihsan/robot_ws/install/multi_robot_arm/share/ament_index/resource_index/parent_prefix_path/multi_robot_arm
[4.243s] -- Up-to-date symlink: /home/aliihsan/robot_ws/install/multi_robot_arm/share/multi_robot_arm/environment/ament_prefix_path.sh
[4.243s] -- Up-to-date symlink: /home/aliihsan/robot_ws/install/multi_robot_arm/share/multi_robot_arm/environment/ament_prefix_path.dsv
[4.244s] -- Up-to-date symlink: /home/aliihsan/robot_ws/install/multi_robot_arm/share/multi_robot_arm/environment/path.sh
[4.244s] -- Up-to-date symlink: /home/aliihsan/robot_ws/install/multi_robot_arm/share/multi_robot_arm/environment/path.dsv
[4.244s] -- Up-to-date symlink: /home/aliihsan/robot_ws/install/multi_robot_arm/share/multi_robot_arm/local_setup.bash
[4.245s] -- Up-to-date symlink: /home/aliihsan/robot_ws/install/multi_robot_arm/share/multi_robot_arm/local_setup.sh
[4.245s] -- Up-to-date symlink: /home/aliihsan/robot_ws/install/multi_robot_arm/share/multi_robot_arm/local_setup.zsh
[4.245s] -- Up-to-date symlink: /home/aliihsan/robot_ws/install/multi_robot_arm/share/multi_robot_arm/local_setup.dsv
[4.245s] -- Symlinking: /home/aliihsan/robot_ws/install/multi_robot_arm/share/multi_robot_arm/package.dsv
[4.266s] -- Up-to-date symlink: /home/aliihsan/robot_ws/install/multi_robot_arm/share/ament_index/resource_index/packages/multi_robot_arm
[4.266s] -- Up-to-date symlink: /home/aliihsan/robot_ws/install/multi_robot_arm/share/multi_robot_arm/cmake/multi_robot_armConfig.cmake
[4.266s] -- Up-to-date symlink: /home/aliihsan/robot_ws/install/multi_robot_arm/share/multi_robot_arm/cmake/multi_robot_armConfig-version.cmake
[4.277s] -- Up-to-date symlink: /home/aliihsan/robot_ws/install/multi_robot_arm/share/multi_robot_arm/package.xml
[4.277s] Invoked command in '/home/aliihsan/robot_ws/build/multi_robot_arm' returned '0': CMAKE_PREFIX_PATH=${CMAKE_PREFIX_PATH}:/opt/ros/humble /usr/bin/cmake --install /home/aliihsan/robot_ws/build/multi_robot_arm
