[0.018s] Invoking command in '/home/aliihsan/robot_ws/build/pymoveit2': CMAKE_PREFIX_PATH=${CMAKE_PREFIX_PATH}:/opt/ros/humble /usr/bin/cmake --build /home/aliihsan/robot_ws/build/pymoveit2 -- -j8 -l8
[0.081s] Built target ament_cmake_python_symlink_pymoveit2
[0.364s] running egg_info
[0.365s] writing pymoveit2.egg-info/PKG-INFO
[0.365s] writing dependency_links to pymoveit2.egg-info/dependency_links.txt
[0.365s] writing top-level names to pymoveit2.egg-info/top_level.txt
[0.368s] reading manifest file 'pymoveit2.egg-info/SOURCES.txt'
[0.369s] writing manifest file 'pymoveit2.egg-info/SOURCES.txt'
[0.392s] Built target ament_cmake_python_build_pymoveit2_egg
[0.403s] Invoked command in '/home/aliihsan/robot_ws/build/pymoveit2' returned '0': CMAKE_PREFIX_PATH=${CMAKE_PREFIX_PATH}:/opt/ros/humble /usr/bin/cmake --build /home/aliihsan/robot_ws/build/pymoveit2 -- -j8 -l8
[0.430s] Invoking command in '/home/aliihsan/robot_ws/build/pymoveit2': CMAKE_PREFIX_PATH=${CMAKE_PREFIX_PATH}:/opt/ros/humble /usr/bin/cmake --install /home/aliihsan/robot_ws/build/pymoveit2
[0.438s] -- Install configuration: ""
[0.439s] -- Execute custom install script
[0.439s] -- Up-to-date symlink: /home/aliihsan/robot_ws/install/pymoveit2/share/pymoveit2/environment/pythonpath.sh
[0.440s] -- Up-to-date symlink: /home/aliihsan/robot_ws/install/pymoveit2/share/pymoveit2/environment/pythonpath.dsv
[0.440s] -- Up-to-date symlink: /home/aliihsan/robot_ws/install/pymoveit2/local/lib/python3.10/dist-packages/pymoveit2-2.1.0-py3.10.egg-info/PKG-INFO
[0.440s] -- Up-to-date symlink: /home/aliihsan/robot_ws/install/pymoveit2/local/lib/python3.10/dist-packages/pymoveit2-2.1.0-py3.10.egg-info/SOURCES.txt
[0.440s] -- Up-to-date symlink: /home/aliihsan/robot_ws/install/pymoveit2/local/lib/python3.10/dist-packages/pymoveit2-2.1.0-py3.10.egg-info/dependency_links.txt
[0.440s] -- Up-to-date symlink: /home/aliihsan/robot_ws/install/pymoveit2/local/lib/python3.10/dist-packages/pymoveit2-2.1.0-py3.10.egg-info/top_level.txt
[0.441s] -- Up-to-date symlink: /home/aliihsan/robot_ws/install/pymoveit2/local/lib/python3.10/dist-packages/pymoveit2/__init__.py
[0.441s] -- Up-to-date symlink: /home/aliihsan/robot_ws/install/pymoveit2/local/lib/python3.10/dist-packages/pymoveit2/gripper_command.py
[0.441s] -- Up-to-date symlink: /home/aliihsan/robot_ws/install/pymoveit2/local/lib/python3.10/dist-packages/pymoveit2/moveit2.py
[0.441s] -- Up-to-date symlink: /home/aliihsan/robot_ws/install/pymoveit2/local/lib/python3.10/dist-packages/pymoveit2/moveit2_gripper.py
[0.442s] -- Up-to-date symlink: /home/aliihsan/robot_ws/install/pymoveit2/local/lib/python3.10/dist-packages/pymoveit2/moveit2_servo.py
[0.442s] -- Up-to-date symlink: /home/aliihsan/robot_ws/install/pymoveit2/local/lib/python3.10/dist-packages/pymoveit2/robots/__init__.py
[0.442s] -- Up-to-date symlink: /home/aliihsan/robot_ws/install/pymoveit2/local/lib/python3.10/dist-packages/pymoveit2/robots/panda.py
[0.442s] -- Up-to-date symlink: /home/aliihsan/robot_ws/install/pymoveit2/local/lib/python3.10/dist-packages/pymoveit2/robots/ur5.py
[0.442s] -- Up-to-date symlink: /home/aliihsan/robot_ws/install/pymoveit2/lib/pymoveit2/ex_collision_object.py
[0.442s] -- Up-to-date symlink: /home/aliihsan/robot_ws/install/pymoveit2/lib/pymoveit2/ex_gripper_command.py
[0.443s] -- Up-to-date symlink: /home/aliihsan/robot_ws/install/pymoveit2/lib/pymoveit2/ex_gripper.py
[0.443s] -- Up-to-date symlink: /home/aliihsan/robot_ws/install/pymoveit2/lib/pymoveit2/ex_joint_goal.py
[0.443s] -- Up-to-date symlink: /home/aliihsan/robot_ws/install/pymoveit2/lib/pymoveit2/ex_pose_goal.py
[0.443s] -- Up-to-date symlink: /home/aliihsan/robot_ws/install/pymoveit2/lib/pymoveit2/ex_servo.py
[0.443s] -- Up-to-date symlink: /home/aliihsan/robot_ws/install/pymoveit2/share/ament_index/resource_index/package_run_dependencies/pymoveit2
[0.444s] -- Up-to-date symlink: /home/aliihsan/robot_ws/install/pymoveit2/share/ament_index/resource_index/parent_prefix_path/pymoveit2
[0.444s] -- Up-to-date symlink: /home/aliihsan/robot_ws/install/pymoveit2/share/pymoveit2/environment/ament_prefix_path.sh
[0.444s] -- Up-to-date symlink: /home/aliihsan/robot_ws/install/pymoveit2/share/pymoveit2/environment/ament_prefix_path.dsv
[0.445s] -- Up-to-date symlink: /home/aliihsan/robot_ws/install/pymoveit2/share/pymoveit2/environment/path.sh
[0.445s] -- Up-to-date symlink: /home/aliihsan/robot_ws/install/pymoveit2/share/pymoveit2/environment/path.dsv
[0.445s] -- Up-to-date symlink: /home/aliihsan/robot_ws/install/pymoveit2/share/pymoveit2/local_setup.bash
[0.446s] -- Up-to-date symlink: /home/aliihsan/robot_ws/install/pymoveit2/share/pymoveit2/local_setup.sh
[0.446s] -- Up-to-date symlink: /home/aliihsan/robot_ws/install/pymoveit2/share/pymoveit2/local_setup.zsh
[0.446s] -- Up-to-date symlink: /home/aliihsan/robot_ws/install/pymoveit2/share/pymoveit2/local_setup.dsv
[0.446s] -- Symlinking: /home/aliihsan/robot_ws/install/pymoveit2/share/pymoveit2/package.dsv
[0.456s] -- Up-to-date symlink: /home/aliihsan/robot_ws/install/pymoveit2/share/ament_index/resource_index/packages/pymoveit2
[0.456s] -- Up-to-date symlink: /home/aliihsan/robot_ws/install/pymoveit2/share/pymoveit2/cmake/pymoveit2Config.cmake
[0.457s] -- Up-to-date symlink: /home/aliihsan/robot_ws/install/pymoveit2/share/pymoveit2/cmake/pymoveit2Config-version.cmake
[0.457s] -- Up-to-date symlink: /home/aliihsan/robot_ws/install/pymoveit2/share/pymoveit2/package.xml
[0.489s] Listing '/home/aliihsan/robot_ws/install/pymoveit2/local/lib/python3.10/dist-packages/pymoveit2'...
[0.489s] Listing '/home/aliihsan/robot_ws/install/pymoveit2/local/lib/python3.10/dist-packages/pymoveit2/robots'...
[0.497s] Invoked command in '/home/aliihsan/robot_ws/build/pymoveit2' returned '0': CMAKE_PREFIX_PATH=${CMAKE_PREFIX_PATH}:/opt/ros/humble /usr/bin/cmake --install /home/aliihsan/robot_ws/build/pymoveit2
