[0.021s] Invoking command in '/home/aliihsan/robot_ws/build/multi_robot_arm': CMAKE_PREFIX_PATH=${CMAKE_PREFIX_PATH}:/opt/ros/humble /usr/bin/cmake --build /home/aliihsan/robot_ws/build/multi_robot_arm -- -j8 -l8
[0.065s] Invoked command in '/home/aliihsan/robot_ws/build/multi_robot_arm' returned '0': CMAKE_PREFIX_PATH=${CMAKE_PREFIX_PATH}:/opt/ros/humble /usr/bin/cmake --build /home/aliihsan/robot_ws/build/multi_robot_arm -- -j8 -l8
[0.098s] Invoking command in '/home/aliihsan/robot_ws/build/multi_robot_arm': CMAKE_PREFIX_PATH=${CMAKE_PREFIX_PATH}:/opt/ros/humble /usr/bin/cmake --install /home/aliihsan/robot_ws/build/multi_robot_arm
[0.105s] -- Install configuration: ""
[0.106s] -- Execute custom install script
[0.106s] -- Up-to-date symlink: /home/aliihsan/robot_ws/install/multi_robot_arm/share/multi_robot_arm/launch/gazebo_arm.launch.py
[0.106s] -- Up-to-date symlink: /home/aliihsan/robot_ws/install/multi_robot_arm/share/multi_robot_arm/config/ur/ur5/chomp_planning.yaml
[0.107s] -- Up-to-date symlink: /home/aliihsan/robot_ws/install/multi_robot_arm/share/multi_robot_arm/config/ur/ur5/default_kinematics.yaml
[0.107s] -- Up-to-date symlink: /home/aliihsan/robot_ws/install/multi_robot_arm/share/multi_robot_arm/config/ur/ur5/initial_positions.yaml
[0.107s] -- Up-to-date symlink: /home/aliihsan/robot_ws/install/multi_robot_arm/share/multi_robot_arm/config/ur/ur5/joint_limits.yaml
[0.107s] -- Up-to-date symlink: /home/aliihsan/robot_ws/install/multi_robot_arm/share/multi_robot_arm/config/ur/ur5/joint_limits_planning.yaml
[0.108s] -- Up-to-date symlink: /home/aliihsan/robot_ws/install/multi_robot_arm/share/multi_robot_arm/config/ur/ur5/kinematics.yaml
[0.108s] -- Up-to-date symlink: /home/aliihsan/robot_ws/install/multi_robot_arm/share/multi_robot_arm/config/ur/ur5/moveit_controller_manager.yaml
[0.108s] -- Up-to-date symlink: /home/aliihsan/robot_ws/install/multi_robot_arm/share/multi_robot_arm/config/ur/ur5/ompl_planning.yaml
[0.108s] -- Up-to-date symlink: /home/aliihsan/robot_ws/install/multi_robot_arm/share/multi_robot_arm/config/ur/ur5/physical_parameters.yaml
[0.108s] -- Up-to-date symlink: /home/aliihsan/robot_ws/install/multi_robot_arm/share/multi_robot_arm/config/ur/ur5/robot.srdf
[0.108s] -- Up-to-date symlink: /home/aliihsan/robot_ws/install/multi_robot_arm/share/multi_robot_arm/config/ur/ur5/ros_controllers_robot.yaml
[0.108s] -- Up-to-date symlink: /home/aliihsan/robot_ws/install/multi_robot_arm/share/multi_robot_arm/config/ur/ur5/visual_parameters.yaml
[0.108s] -- Up-to-date symlink: /home/aliihsan/robot_ws/install/multi_robot_arm/share/multi_robot_arm/urdf/ur/inc/ur_common.xacro
[0.109s] -- Up-to-date symlink: /home/aliihsan/robot_ws/install/multi_robot_arm/share/multi_robot_arm/urdf/ur/inc/ur_transmissions.xacro
[0.109s] -- Up-to-date symlink: /home/aliihsan/robot_ws/install/multi_robot_arm/share/multi_robot_arm/urdf/ur/meshes/ur5/collision/base.stl
[0.109s] -- Up-to-date symlink: /home/aliihsan/robot_ws/install/multi_robot_arm/share/multi_robot_arm/urdf/ur/meshes/ur5/collision/forearm.stl
[0.109s] -- Up-to-date symlink: /home/aliihsan/robot_ws/install/multi_robot_arm/share/multi_robot_arm/urdf/ur/meshes/ur5/collision/shoulder.stl
[0.109s] -- Up-to-date symlink: /home/aliihsan/robot_ws/install/multi_robot_arm/share/multi_robot_arm/urdf/ur/meshes/ur5/collision/upperarm.stl
[0.110s] -- Up-to-date symlink: /home/aliihsan/robot_ws/install/multi_robot_arm/share/multi_robot_arm/urdf/ur/meshes/ur5/collision/wrist1.stl
[0.110s] -- Up-to-date symlink: /home/aliihsan/robot_ws/install/multi_robot_arm/share/multi_robot_arm/urdf/ur/meshes/ur5/collision/wrist2.stl
[0.110s] -- Up-to-date symlink: /home/aliihsan/robot_ws/install/multi_robot_arm/share/multi_robot_arm/urdf/ur/meshes/ur5/collision/wrist3.stl
[0.110s] -- Up-to-date symlink: /home/aliihsan/robot_ws/install/multi_robot_arm/share/multi_robot_arm/urdf/ur/meshes/ur5/visual/base.dae
[0.110s] -- Up-to-date symlink: /home/aliihsan/robot_ws/install/multi_robot_arm/share/multi_robot_arm/urdf/ur/meshes/ur5/visual/forearm.dae
[0.111s] -- Up-to-date symlink: /home/aliihsan/robot_ws/install/multi_robot_arm/share/multi_robot_arm/urdf/ur/meshes/ur5/visual/shoulder.dae
[0.111s] -- Up-to-date symlink: /home/aliihsan/robot_ws/install/multi_robot_arm/share/multi_robot_arm/urdf/ur/meshes/ur5/visual/upperarm.dae
[0.111s] -- Up-to-date symlink: /home/aliihsan/robot_ws/install/multi_robot_arm/share/multi_robot_arm/urdf/ur/meshes/ur5/visual/wrist1.dae
[0.111s] -- Up-to-date symlink: /home/aliihsan/robot_ws/install/multi_robot_arm/share/multi_robot_arm/urdf/ur/meshes/ur5/visual/wrist2.dae
[0.112s] -- Up-to-date symlink: /home/aliihsan/robot_ws/install/multi_robot_arm/share/multi_robot_arm/urdf/ur/meshes/ur5/visual/wrist3.dae
[0.112s] -- Up-to-date symlink: /home/aliihsan/robot_ws/install/multi_robot_arm/share/multi_robot_arm/urdf/ur/ur5/ur_macro.xacro
[0.112s] -- Up-to-date symlink: /home/aliihsan/robot_ws/install/multi_robot_arm/share/multi_robot_arm/urdf/ur/ur5/ur_ros2_control.xacro
[0.112s] -- Up-to-date symlink: /home/aliihsan/robot_ws/install/multi_robot_arm/share/multi_robot_arm/urdf/ur/ur5/ur_urdf.xacro
[0.113s] -- Up-to-date symlink: /home/aliihsan/robot_ws/install/multi_robot_arm/share/multi_robot_arm/worlds/empty.world
[0.113s] -- Up-to-date symlink: /home/aliihsan/robot_ws/install/multi_robot_arm/share/multi_robot_arm/environment/multi_robot_arm.dsv
[0.113s] -- Up-to-date symlink: /home/aliihsan/robot_ws/install/multi_robot_arm/share/ament_index/resource_index/package_run_dependencies/multi_robot_arm
[0.113s] -- Up-to-date symlink: /home/aliihsan/robot_ws/install/multi_robot_arm/share/ament_index/resource_index/parent_prefix_path/multi_robot_arm
[0.113s] -- Up-to-date symlink: /home/aliihsan/robot_ws/install/multi_robot_arm/share/multi_robot_arm/environment/ament_prefix_path.sh
[0.114s] -- Up-to-date symlink: /home/aliihsan/robot_ws/install/multi_robot_arm/share/multi_robot_arm/environment/ament_prefix_path.dsv
[0.114s] -- Up-to-date symlink: /home/aliihsan/robot_ws/install/multi_robot_arm/share/multi_robot_arm/environment/path.sh
[0.114s] -- Up-to-date symlink: /home/aliihsan/robot_ws/install/multi_robot_arm/share/multi_robot_arm/environment/path.dsv
[0.114s] -- Up-to-date symlink: /home/aliihsan/robot_ws/install/multi_robot_arm/share/multi_robot_arm/local_setup.bash
[0.114s] -- Up-to-date symlink: /home/aliihsan/robot_ws/install/multi_robot_arm/share/multi_robot_arm/local_setup.sh
[0.114s] -- Up-to-date symlink: /home/aliihsan/robot_ws/install/multi_robot_arm/share/multi_robot_arm/local_setup.zsh
[0.115s] -- Up-to-date symlink: /home/aliihsan/robot_ws/install/multi_robot_arm/share/multi_robot_arm/local_setup.dsv
[0.115s] -- Symlinking: /home/aliihsan/robot_ws/install/multi_robot_arm/share/multi_robot_arm/package.dsv
[0.123s] -- Up-to-date symlink: /home/aliihsan/robot_ws/install/multi_robot_arm/share/ament_index/resource_index/packages/multi_robot_arm
[0.124s] -- Up-to-date symlink: /home/aliihsan/robot_ws/install/multi_robot_arm/share/multi_robot_arm/cmake/multi_robot_armConfig.cmake
[0.124s] -- Up-to-date symlink: /home/aliihsan/robot_ws/install/multi_robot_arm/share/multi_robot_arm/cmake/multi_robot_armConfig-version.cmake
[0.124s] -- Up-to-date symlink: /home/aliihsan/robot_ws/install/multi_robot_arm/share/multi_robot_arm/package.xml
[0.126s] Invoked command in '/home/aliihsan/robot_ws/build/multi_robot_arm' returned '0': CMAKE_PREFIX_PATH=${CMAKE_PREFIX_PATH}:/opt/ros/humble /usr/bin/cmake --install /home/aliihsan/robot_ws/build/multi_robot_arm
